[ 2015-08-05T09:02:00+08:00 ] 127.0.0.1 /YsInnoCenter/YsInnovation/index.php/Admin/Login/login
ERR: SQLSTATE[HY000] [2002] ”…”⁄ƒø±Íº∆À„ª˙ª˝º´æ‹æ¯£¨Œﬁ∑®¡¨Ω”°£


[ 2015-08-05T09:02:24+08:00 ] 127.0.0.1 /YsInnoCenter/YsInnovation/index.php/Admin/Login/login
ERR: SQLSTATE[HY000] [2002] ”…”⁄ƒø±Íº∆À„ª˙ª˝º´æ‹æ¯£¨Œﬁ∑®¡¨Ω”°£


[ 2015-08-05T09:03:28+08:00 ] 127.0.0.1 /YsInnoCenter/YsInnovation/index.php/Admin/Semester/getNum
INFO: [ app_begin ] --START--
INFO: Run Behavior\ReadHtmlCacheBehavior [ RunTime:0.000559s ]
INFO: [ app_begin ] --END-- [ RunTime:0.000996s ]
SQL: select count(*) from t_semester where isshow='0' [ RunTime:0.0360s ]

[ 2015-08-05T09:05:54+08:00 ] 127.0.0.1 /YsInnoCenter/YsInnovation/index.php/Admin/Semester/getNum
INFO: [ app_begin ] --START--
INFO: Run Behavior\ReadHtmlCacheBehavior [ RunTime:0.000299s ]
INFO: [ app_begin ] --END-- [ RunTime:0.000538s ]
SQL: select count(*) from t_semester where isshow='0' [ RunTime:0.0008s ]

[ 2015-08-05T09:08:58+08:00 ] 127.0.0.1 /YsInnoCenter/YsInnovation/index.php/Admin/Semester/getNum
INFO: [ app_begin ] --START--
INFO: Run Behavior\ReadHtmlCacheBehavior [ RunTime:0.000305s ]
INFO: [ app_begin ] --END-- [ RunTime:0.000547s ]
SQL: select count(*) from t_semester where isshow='0' [ RunTime:0.0008s ]

[ 2015-08-05T09:08:58+08:00 ] 127.0.0.1 /YsInnoCenter/YsInnovation/index.php/Admin/Semester/getNum
INFO: [ app_begin ] --START--
INFO: Run Behavior\ReadHtmlCacheBehavior [ RunTime:0.000305s ]
INFO: [ app_begin ] --END-- [ RunTime:0.000547s ]
SQL: select count(*) from t_semester where isshow='0' [ RunTime:0.0008s ]

[ 2015-08-05T09:10:59+08:00 ] 127.0.0.1 /YsInnoCenter/YsInnovation/index.php/Admin/Semester/getNum
INFO: [ app_begin ] --START--
INFO: Run Behavior\ReadHtmlCacheBehavior [ RunTime:0.000300s ]
INFO: [ app_begin ] --END-- [ RunTime:0.000557s ]
SQL: select count(*) from t_semester where isshow='0' [ RunTime:0.0008s ]

[ 2015-08-05T09:10:59+08:00 ] 127.0.0.1 /YsInnoCenter/YsInnovation/index.php/Admin/Semester/getNum
INFO: [ app_begin ] --START--
INFO: Run Behavior\ReadHtmlCacheBehavior [ RunTime:0.000303s ]
INFO: [ app_begin ] --END-- [ RunTime:0.000557s ]
SQL: select count(*) from t_semester where isshow='0' [ RunTime:0.0006s ]

[ 2015-08-05T09:12:08+08:00 ] 127.0.0.1 /YsInnoCenter/YsInnovation/index.php/Admin/Semester/getNum
INFO: [ app_begin ] --START--
INFO: Run Behavior\ReadHtmlCacheBehavior [ RunTime:0.000305s ]
INFO: [ app_begin ] --END-- [ RunTime:0.000545s ]
SQL: select count(*) from t_semester where isshow='0' [ RunTime:0.0011s ]

[ 2015-08-05T09:12:08+08:00 ] 127.0.0.1 /YsInnoCenter/YsInnovation/index.php/Admin/Semester/getNum
INFO: [ app_begin ] --START--
INFO: Run Behavior\ReadHtmlCacheBehavior [ RunTime:0.000295s ]
INFO: [ app_begin ] --END-- [ RunTime:0.000548s ]
SQL: select count(*) from t_semester where isshow='0' [ RunTime:0.0008s ]

[ 2015-08-05T09:12:13+08:00 ] 127.0.0.1 /YsInnoCenter/YsInnovation/index.php/Admin/Semester/getNum
INFO: [ app_begin ] --START--
INFO: Run Behavior\ReadHtmlCacheBehavior [ RunTime:0.000313s ]
INFO: [ app_begin ] --END-- [ RunTime:0.000549s ]
SQL: select count(*) from t_semester where isshow='0' [ RunTime:0.0010s ]

[ 2015-08-05T09:12:13+08:00 ] 127.0.0.1 /YsInnoCenter/YsInnovation/index.php/Admin/Semester/getNum
INFO: [ app_begin ] --START--
INFO: Run Behavior\ReadHtmlCacheBehavior [ RunTime:0.000307s ]
INFO: [ app_begin ] --END-- [ RunTime:0.000548s ]
SQL: select count(*) from t_semester where isshow='0' [ RunTime:0.0008s ]

[ 2015-08-05T09:12:49+08:00 ] 127.0.0.1 /YsInnoCenter/YsInnovation/index.php/Admin/Semester/getNum
INFO: [ app_begin ] --START--
INFO: Run Behavior\ReadHtmlCacheBehavior [ RunTime:0.000308s ]
INFO: [ app_begin ] --END-- [ RunTime:0.000555s ]
SQL: select count(*) from t_semester where isshow='0' [ RunTime:0.0009s ]

[ 2015-08-05T09:12:49+08:00 ] 127.0.0.1 /YsInnoCenter/YsInnovation/index.php/Admin/Semester/getNum
INFO: [ app_begin ] --START--
INFO: Run Behavior\ReadHtmlCacheBehavior [ RunTime:0.000311s ]
INFO: [ app_begin ] --END-- [ RunTime:0.000591s ]
SQL: select count(*) from t_semester where isshow='0' [ RunTime:0.0008s ]

[ 2015-08-05T09:14:27+08:00 ] 127.0.0.1 /YsInnoCenter/YsInnovation/index.php/Admin/Semester/getNum
INFO: [ app_begin ] --START--
INFO: Run Behavior\ReadHtmlCacheBehavior [ RunTime:0.000294s ]
INFO: [ app_begin ] --END-- [ RunTime:0.000538s ]
SQL: select count(*) from t_semester where isshow='0' [ RunTime:0.0008s ]

[ 2015-08-05T09:14:27+08:00 ] 127.0.0.1 /YsInnoCenter/YsInnovation/index.php/Admin/Semester/getNum
INFO: [ app_begin ] --START--
INFO: Run Behavior\ReadHtmlCacheBehavior [ RunTime:0.000294s ]
INFO: [ app_begin ] --END-- [ RunTime:0.000525s ]
SQL: select count(*) from t_semester where isshow='0' [ RunTime:0.0009s ]

[ 2015-08-05T09:15:11+08:00 ] 127.0.0.1 /YsInnoCenter/YsInnovation/index.php/Admin/Semester/getNum
INFO: [ app_begin ] --START--
INFO: Run Behavior\ReadHtmlCacheBehavior [ RunTime:0.000402s ]
INFO: [ app_begin ] --END-- [ RunTime:0.000733s ]
SQL: select count(*) from t_semester where isshow='0' [ RunTime:0.0009s ]

[ 2015-08-05T09:15:11+08:00 ] 127.0.0.1 /YsInnoCenter/YsInnovation/index.php/Admin/Semester/getNum
INFO: [ app_begin ] --START--
INFO: Run Behavior\ReadHtmlCacheBehavior [ RunTime:0.000382s ]
INFO: [ app_begin ] --END-- [ RunTime:0.000638s ]
SQL: select count(*) from t_semester where isshow='0' [ RunTime:0.0010s ]

[ 2015-08-05T09:15:49+08:00 ] 127.0.0.1 /YsInnoCenter/YsInnovation/index.php/Admin/Semester/getNum
INFO: [ app_begin ] --START--
INFO: Run Behavior\ReadHtmlCacheBehavior [ RunTime:0.000422s ]
INFO: [ app_begin ] --END-- [ RunTime:0.000730s ]
SQL: select count(*) from t_semester where isshow='0' [ RunTime:0.0009s ]

[ 2015-08-05T09:15:49+08:00 ] 127.0.0.1 /YsInnoCenter/YsInnovation/index.php/Admin/Semester/getNum
INFO: [ app_begin ] --START--
INFO: Run Behavior\ReadHtmlCacheBehavior [ RunTime:0.000368s ]
INFO: [ app_begin ] --END-- [ RunTime:0.000627s ]
SQL: select count(*) from t_semester where isshow='0' [ RunTime:0.0009s ]

[ 2015-08-05T09:17:26+08:00 ] 127.0.0.1 /YsInnoCenter/YsInnovation/index.php/Admin/Semester/getNum
INFO: [ app_begin ] --START--
INFO: Run Behavior\ReadHtmlCacheBehavior [ RunTime:0.000285s ]
INFO: [ app_begin ] --END-- [ RunTime:0.000551s ]
SQL: select count(*) from t_semester where isshow='0' [ RunTime:0.0009s ]

[ 2015-08-05T09:17:29+08:00 ] 127.0.0.1 /YsInnoCenter/YsInnovation/index.php/Admin/Semester/getNum
INFO: [ app_begin ] --START--
INFO: Run Behavior\ReadHtmlCacheBehavior [ RunTime:0.000296s ]
INFO: [ app_begin ] --END-- [ RunTime:0.000545s ]
SQL: select count(*) from t_semester where isshow='0' [ RunTime:0.0008s ]

[ 2015-08-05T09:17:30+08:00 ] 127.0.0.1 /YsInnoCenter/YsInnovation/index.php/Admin/Semester/getNum
INFO: [ app_begin ] --START--
INFO: Run Behavior\ReadHtmlCacheBehavior [ RunTime:0.000316s ]
INFO: [ app_begin ] --END-- [ RunTime:0.000561s ]
SQL: select count(*) from t_semester where isshow='0' [ RunTime:0.0009s ]

[ 2015-08-05T09:17:47+08:00 ] 127.0.0.1 /YsInnoCenter/YsInnovation/index.php/Admin/Semester/getNum
INFO: [ app_begin ] --START--
INFO: Run Behavior\ReadHtmlCacheBehavior [ RunTime:0.000336s ]
INFO: [ app_begin ] --END-- [ RunTime:0.000609s ]
SQL: select count(*) from t_semester where isshow='0' [ RunTime:0.0009s ]

[ 2015-08-05T09:18:24+08:00 ] 127.0.0.1 /YsInnoCenter/YsInnovation/index.php/Admin/Semester/getNum
INFO: [ app_begin ] --START--
INFO: Run Behavior\ReadHtmlCacheBehavior [ RunTime:0.000302s ]
INFO: [ app_begin ] --END-- [ RunTime:0.000542s ]
SQL: select count(*) from t_semester where isshow='0' [ RunTime:0.0009s ]

[ 2015-08-05T09:19:13+08:00 ] 127.0.0.1 /YsInnoCenter/YsInnovation/index.php/Admin/Semester/getNum
INFO: [ app_begin ] --START--
INFO: Run Behavior\ReadHtmlCacheBehavior [ RunTime:0.000340s ]
INFO: [ app_begin ] --END-- [ RunTime:0.000612s ]
SQL: select count(*) from t_semester where isshow='0' [ RunTime:0.0008s ]

[ 2015-08-05T09:19:19+08:00 ] 127.0.0.1 /YsInnoCenter/YsInnovation/index.php/Admin/Semester/getNum
INFO: [ app_begin ] --START--
INFO: Run Behavior\ReadHtmlCacheBehavior [ RunTime:0.000305s ]
INFO: [ app_begin ] --END-- [ RunTime:0.000563s ]
SQL: select count(*) from t_semester where isshow='0' [ RunTime:0.0009s ]

[ 2015-08-05T09:21:07+08:00 ] 127.0.0.1 /YsInnoCenter/YsInnovation/index.php/Admin/Semester/getNum
INFO: [ app_begin ] --START--
INFO: Run Behavior\ReadHtmlCacheBehavior [ RunTime:0.000296s ]
INFO: [ app_begin ] --END-- [ RunTime:0.000552s ]
SQL: select count(*) from t_semester where isshow='0' [ RunTime:0.0009s ]

[ 2015-08-05T09:21:44+08:00 ] 127.0.0.1 /YsInnoCenter/YsInnovation/index.php/Admin/Semester/getNum
INFO: [ app_begin ] --START--
INFO: Run Behavior\ReadHtmlCacheBehavior [ RunTime:0.000353s ]
INFO: [ app_begin ] --END-- [ RunTime:0.000632s ]
SQL: select count(*) from t_semester where isshow='0' [ RunTime:0.0009s ]

[ 2015-08-05T09:22:58+08:00 ] 127.0.0.1 /YsInnoCenter/YsInnovation/index.php/Admin/Semester/getNum
INFO: [ app_begin ] --START--
INFO: Run Behavior\ReadHtmlCacheBehavior [ RunTime:0.000308s ]
INFO: [ app_begin ] --END-- [ RunTime:0.000572s ]
SQL: select count(*) from t_semester where isshow='0' [ RunTime:0.0009s ]

[ 2015-08-05T09:24:24+08:00 ] 127.0.0.1 /YsInnoCenter/YsInnovation/index.php/Admin/Semester/getNum
INFO: [ app_begin ] --START--
INFO: Run Behavior\ReadHtmlCacheBehavior [ RunTime:0.000432s ]
INFO: [ app_begin ] --END-- [ RunTime:0.000776s ]
SQL: select count(*) from t_semester where isshow='0' [ RunTime:0.0009s ]

[ 2015-08-05T09:24:52+08:00 ] 127.0.0.1 /YsInnoCenter/YsInnovation/index.php/Admin/Semester/getNum
INFO: [ app_begin ] --START--
INFO: Run Behavior\ReadHtmlCacheBehavior [ RunTime:0.000452s ]
INFO: [ app_begin ] --END-- [ RunTime:0.000842s ]
SQL: select count(*) from t_semester where isshow='0' [ RunTime:0.0009s ]

[ 2015-08-05T09:27:11+08:00 ] 127.0.0.1 /YsInnoCenter/YsInnovation/index.php/Admin/Semester/getNum
INFO: [ app_begin ] --START--
INFO: Run Behavior\ReadHtmlCacheBehavior [ RunTime:0.000300s ]
INFO: [ app_begin ] --END-- [ RunTime:0.000547s ]
SQL: select count(*) from t_semester where isshow='0' [ RunTime:0.0009s ]

[ 2015-08-05T09:27:56+08:00 ] 127.0.0.1 /YsInnoCenter/YsInnovation/index.php/Admin/Semester/getNum
INFO: [ app_begin ] --START--
INFO: Run Behavior\ReadHtmlCacheBehavior [ RunTime:0.000292s ]
INFO: [ app_begin ] --END-- [ RunTime:0.000548s ]
SQL: select count(*) from t_semester where isshow='0' [ RunTime:0.0009s ]

[ 2015-08-05T09:29:23+08:00 ] 127.0.0.1 /YsInnoCenter/YsInnovation/index.php/Admin/Semester/getNum
INFO: [ app_begin ] --START--
INFO: Run Behavior\ReadHtmlCacheBehavior [ RunTime:0.000347s ]
INFO: [ app_begin ] --END-- [ RunTime:0.000610s ]
SQL: select count(*) from t_semester where isshow='0' [ RunTime:0.0009s ]

[ 2015-08-05T09:30:18+08:00 ] 127.0.0.1 /YsInnoCenter/YsInnovation/index.php/Admin/Semester/getNum
INFO: [ app_begin ] --START--
INFO: Run Behavior\ReadHtmlCacheBehavior [ RunTime:0.000290s ]
INFO: [ app_begin ] --END-- [ RunTime:0.000524s ]
SQL: select count(*) from t_semester where isshow='0' [ RunTime:0.0009s ]

[ 2015-08-05T09:31:04+08:00 ] 127.0.0.1 /YsInnoCenter/YsInnovation/index.php/Admin/Semester/getNum
INFO: [ app_begin ] --START--
INFO: Run Behavior\ReadHtmlCacheBehavior [ RunTime:0.000351s ]
INFO: [ app_begin ] --END-- [ RunTime:0.000636s ]
SQL: select count(*) from t_semester where isshow='0' [ RunTime:0.0009s ]

[ 2015-08-05T09:32:25+08:00 ] 127.0.0.1 /YsInnoCenter/YsInnovation/index.php/Admin/Semester/getNum
INFO: [ app_begin ] --START--
INFO: Run Behavior\ReadHtmlCacheBehavior [ RunTime:0.000376s ]
INFO: [ app_begin ] --END-- [ RunTime:0.000687s ]
SQL: select count(*) from t_semester where isshow='0' [ RunTime:0.0010s ]

[ 2015-08-05T09:32:27+08:00 ] 127.0.0.1 /YsInnoCenter/YsInnovation/index.php/Admin/Semester/getAllSemesterData
INFO: [ app_begin ] --START--
INFO: Run Behavior\ReadHtmlCacheBehavior [ RunTime:0.000439s ]
INFO: [ app_begin ] --END-- [ RunTime:0.000825s ]
SQL: select * from t_semester where isshow='0' limit 0,2 [ RunTime:0.0011s ]

[ 2015-08-05T09:33:27+08:00 ] 127.0.0.1 /YsInnoCenter/YsInnovation/index.php/Admin/Semester/getAllSemesterData
INFO: [ app_begin ] --START--
INFO: Run Behavior\ReadHtmlCacheBehavior [ RunTime:0.000517s ]
INFO: [ app_begin ] --END-- [ RunTime:0.000921s ]
SQL: select * from t_semester where isshow='0' limit 0,2 [ RunTime:0.0015s ]

[ 2015-08-05T09:34:12+08:00 ] 127.0.0.1 /YsInnoCenter/YsInnovation/index.php/Admin/Semester/getNum
INFO: [ app_begin ] --START--
INFO: Run Behavior\ReadHtmlCacheBehavior [ RunTime:0.000361s ]
INFO: [ app_begin ] --END-- [ RunTime:0.000670s ]
SQL: select count(*) from t_semester where isshow='0' [ RunTime:0.0008s ]

[ 2015-08-05T09:34:13+08:00 ] 127.0.0.1 /YsInnoCenter/YsInnovation/index.php/Admin/Semester/getAllSemesterData
INFO: [ app_begin ] --START--
INFO: Run Behavior\ReadHtmlCacheBehavior [ RunTime:0.000528s ]
INFO: [ app_begin ] --END-- [ RunTime:0.000990s ]
SQL: select * from t_semester where isshow='0' limit 0,10 [ RunTime:0.0012s ]

[ 2015-08-05T09:35:15+08:00 ] 127.0.0.1 /YsInnoCenter/YsInnovation/index.php/Admin/Semester/getNum
INFO: [ app_begin ] --START--
INFO: Run Behavior\ReadHtmlCacheBehavior [ RunTime:0.000369s ]
INFO: [ app_begin ] --END-- [ RunTime:0.000635s ]
SQL: select count(*) from t_semester where isshow='0' [ RunTime:0.0009s ]

[ 2015-08-05T09:35:16+08:00 ] 127.0.0.1 /YsInnoCenter/YsInnovation/index.php/Admin/Semester/getAllSemesterData
INFO: [ app_begin ] --START--
INFO: Run Behavior\ReadHtmlCacheBehavior [ RunTime:0.000719s ]
INFO: [ app_begin ] --END-- [ RunTime:0.001356s ]
SQL: select * from t_semester where isshow='0' limit 0,10 [ RunTime:0.0011s ]

[ 2015-08-05T09:40:29+08:00 ] 127.0.0.1 /YsInnoCenter/YsInnovation/index.php/Admin/Semester/getNum
INFO: [ app_begin ] --START--
INFO: Run Behavior\ReadHtmlCacheBehavior [ RunTime:0.000322s ]
INFO: [ app_begin ] --END-- [ RunTime:0.000590s ]
SQL: select count(*) from t_semester where isshow='0' [ RunTime:0.0009s ]

[ 2015-08-05T09:40:30+08:00 ] 127.0.0.1 /YsInnoCenter/YsInnovation/index.php/Admin/Semester/getAllData
INFO: [ app_begin ] --START--
INFO: Run Behavior\ReadHtmlCacheBehavior [ RunTime:0.000634s ]
INFO: [ app_begin ] --END-- [ RunTime:0.001163s ]
SQL: select * from t_semester where isshow='0' limit 0,10 [ RunTime:0.0010s ]

[ 2015-08-05T09:42:03+08:00 ] 127.0.0.1 /YsInnoCenter/YsInnovation/index.php/Admin/Semester/getAllData
ERR: SQLSTATE[42000]: Syntax error or access violation: 1064 You have an error in your SQL syntax; check the manual that corresponds to your MySQL server version for the right syntax to use near '' at line 1

[ 2015-08-05T09:42:34+08:00 ] 127.0.0.1 /YsInnoCenter/YsInnovation/index.php/Admin/Semester/getAllData/page/1/rows/10
ERR: SQLSTATE[42000]: Syntax error or access violation: 1064 You have an error in your SQL syntax; check the manual that corresponds to your MySQL server version for the right syntax to use near '' at line 1

[ 2015-08-05T09:42:37+08:00 ] 127.0.0.1 /YsInnoCenter/YsInnovation/index.php/Admin/Semester/getAllData/page/1/rows/10
ERR: SQLSTATE[42000]: Syntax error or access violation: 1064 You have an error in your SQL syntax; check the manual that corresponds to your MySQL server version for the right syntax to use near '' at line 1

[ 2015-08-05T09:42:47+08:00 ] 127.0.0.1 /YsInnoCenter/YsInnovation/index.php/Admin/Semester/getAllData/page=1/rows=10
ERR: SQLSTATE[42000]: Syntax error or access violation: 1064 You have an error in your SQL syntax; check the manual that corresponds to your MySQL server version for the right syntax to use near '' at line 1

[ 2015-08-05T09:42:59+08:00 ] 127.0.0.1 /YsInnoCenter/YsInnovation/index.php/Admin/Semester/getAllData/page=1&rows=10
ERR: SQLSTATE[42000]: Syntax error or access violation: 1064 You have an error in your SQL syntax; check the manual that corresponds to your MySQL server version for the right syntax to use near '' at line 1

[ 2015-08-05T09:56:46+08:00 ] 127.0.0.1 /YsInnoCenter/YsInnovation/index.php/Admin/Semester/getNum
INFO: [ app_begin ] --START--
INFO: Run Behavior\ReadHtmlCacheBehavior [ RunTime:0.000311s ]
INFO: [ app_begin ] --END-- [ RunTime:0.000575s ]
SQL: select count(*) from t_semester where isshow='0' [ RunTime:0.0008s ]

[ 2015-08-05T09:59:33+08:00 ] 127.0.0.1 /YsInnoCenter/YsInnovation/index.php/Admin/Semester/getNum
INFO: [ app_begin ] --START--
INFO: Run Behavior\ReadHtmlCacheBehavior [ RunTime:0.000312s ]
INFO: [ app_begin ] --END-- [ RunTime:0.000552s ]
INFO: [ app_end ] --START--
INFO: Run Behavior\ShowPageTraceBehavior [ RunTime:0.000326s ]
INFO: [ app_end ] --END-- [ RunTime:0.000404s ]

[ 2015-08-05T09:59:35+08:00 ] 127.0.0.1 /YsInnoCenter/YsInnovation/index.php/Admin/Semester/getNum
INFO: [ app_begin ] --START--
INFO: Run Behavior\ReadHtmlCacheBehavior [ RunTime:0.000485s ]
INFO: [ app_begin ] --END-- [ RunTime:0.000817s ]
INFO: [ app_end ] --START--
INFO: Run Behavior\ShowPageTraceBehavior [ RunTime:0.000421s ]
INFO: [ app_end ] --END-- [ RunTime:0.000512s ]

[ 2015-08-05T09:59:36+08:00 ] 127.0.0.1 /YsInnoCenter/YsInnovation/index.php/Admin/Semester/getNum
INFO: [ app_begin ] --START--
INFO: Run Behavior\ReadHtmlCacheBehavior [ RunTime:0.000324s ]
INFO: [ app_begin ] --END-- [ RunTime:0.000553s ]
INFO: [ app_end ] --START--
INFO: Run Behavior\ShowPageTraceBehavior [ RunTime:0.000318s ]
INFO: [ app_end ] --END-- [ RunTime:0.000382s ]

[ 2015-08-05T09:59:36+08:00 ] 127.0.0.1 /YsInnoCenter/YsInnovation/index.php/Admin/Semester/getNum
INFO: [ app_begin ] --START--
INFO: Run Behavior\ReadHtmlCacheBehavior [ RunTime:0.000455s ]
INFO: [ app_begin ] --END-- [ RunTime:0.000803s ]
INFO: [ app_end ] --START--
INFO: Run Behavior\ShowPageTraceBehavior [ RunTime:0.000451s ]
INFO: [ app_end ] --END-- [ RunTime:0.000548s ]

[ 2015-08-05T09:59:55+08:00 ] 127.0.0.1 /YsInnoCenter/YsInnovation/index.php/Admin/Semester/getNum
INFO: [ app_begin ] --START--
INFO: Run Behavior\ReadHtmlCacheBehavior [ RunTime:0.000340s ]
INFO: [ app_begin ] --END-- [ RunTime:0.000602s ]
INFO: [ app_end ] --START--
INFO: Run Behavior\ShowPageTraceBehavior [ RunTime:0.000300s ]
INFO: [ app_end ] --END-- [ RunTime:0.000363s ]

[ 2015-08-05T09:59:56+08:00 ] 127.0.0.1 /YsInnoCenter/YsInnovation/index.php/Admin/Semester/getNum
INFO: [ app_begin ] --START--
INFO: Run Behavior\ReadHtmlCacheBehavior [ RunTime:0.000430s ]
INFO: [ app_begin ] --END-- [ RunTime:0.000774s ]
INFO: [ app_end ] --START--
INFO: Run Behavior\ShowPageTraceBehavior [ RunTime:0.000439s ]
INFO: [ app_end ] --END-- [ RunTime:0.000528s ]

[ 2015-08-05T09:59:56+08:00 ] 127.0.0.1 /YsInnoCenter/YsInnovation/index.php/Admin/Semester/getNum
INFO: [ app_begin ] --START--
INFO: Run Behavior\ReadHtmlCacheBehavior [ RunTime:0.000319s ]
INFO: [ app_begin ] --END-- [ RunTime:0.000553s ]
INFO: [ app_end ] --START--
INFO: Run Behavior\ShowPageTraceBehavior [ RunTime:0.000341s ]
INFO: [ app_end ] --END-- [ RunTime:0.000427s ]

[ 2015-08-05T09:59:56+08:00 ] 127.0.0.1 /YsInnoCenter/YsInnovation/index.php/Admin/Semester/getNum
INFO: [ app_begin ] --START--
INFO: Run Behavior\ReadHtmlCacheBehavior [ RunTime:0.000470s ]
INFO: [ app_begin ] --END-- [ RunTime:0.000752s ]
INFO: [ app_end ] --START--
INFO: Run Behavior\ShowPageTraceBehavior [ RunTime:0.000326s ]
INFO: [ app_end ] --END-- [ RunTime:0.000396s ]

[ 2015-08-05T09:59:57+08:00 ] 127.0.0.1 /YsInnoCenter/YsInnovation/index.php/Admin/Semester/getNum
INFO: [ app_begin ] --START--
INFO: Run Behavior\ReadHtmlCacheBehavior [ RunTime:0.000343s ]
INFO: [ app_begin ] --END-- [ RunTime:0.000592s ]
INFO: [ app_end ] --START--
INFO: Run Behavior\ShowPageTraceBehavior [ RunTime:0.000396s ]
INFO: [ app_end ] --END-- [ RunTime:0.000476s ]

[ 2015-08-05T09:59:57+08:00 ] 127.0.0.1 /YsInnoCenter/YsInnovation/index.php/Admin/Semester/getNum
INFO: [ app_begin ] --START--
INFO: Run Behavior\ReadHtmlCacheBehavior [ RunTime:0.000402s ]
INFO: [ app_begin ] --END-- [ RunTime:0.000661s ]
INFO: [ app_end ] --START--
INFO: Run Behavior\ShowPageTraceBehavior [ RunTime:0.000344s ]
INFO: [ app_end ] --END-- [ RunTime:0.000418s ]

[ 2015-08-05T09:59:57+08:00 ] 127.0.0.1 /YsInnoCenter/YsInnovation/index.php/Admin/Semester/getNum
INFO: [ app_begin ] --START--
INFO: Run Behavior\ReadHtmlCacheBehavior [ RunTime:0.000324s ]
INFO: [ app_begin ] --END-- [ RunTime:0.000551s ]
INFO: [ app_end ] --START--
INFO: Run Behavior\ShowPageTraceBehavior [ RunTime:0.000300s ]
INFO: [ app_end ] --END-- [ RunTime:0.000363s ]

[ 2015-08-05T10:00:13+08:00 ] 127.0.0.1 /YsInnoCenter/YsInnovation/index.php/Admin/Semester/getNum
INFO: [ app_begin ] --START--
INFO: Run Behavior\ReadHtmlCacheBehavior [ RunTime:0.000307s ]
INFO: [ app_begin ] --END-- [ RunTime:0.000541s ]
INFO: [ app_end ] --START--
INFO: Run Behavior\ShowPageTraceBehavior [ RunTime:0.000302s ]
INFO: [ app_end ] --END-- [ RunTime:0.000368s ]

[ 2015-08-05T10:00:42+08:00 ] 127.0.0.1 /YsInnoCenter/YsInnovation/index.php/Admin/Semester/getNum
INFO: [ app_begin ] --START--
INFO: Run Behavior\ReadHtmlCacheBehavior [ RunTime:0.000341s ]
INFO: [ app_begin ] --END-- [ RunTime:0.000630s ]
SQL: select count(*) from t_semester where isshow='0' [ RunTime:0.0009s ]

[ 2015-08-05T10:03:40+08:00 ] 127.0.0.1 /YsInnoCenter/YsInnovation/index.php/Admin/Semester/getNum
INFO: [ app_begin ] --START--
INFO: Run Behavior\ReadHtmlCacheBehavior [ RunTime:0.000297s ]
INFO: [ app_begin ] --END-- [ RunTime:0.000561s ]
SQL: select count(*) from t_semester where isshow='0' [ RunTime:0.0009s ]

[ 2015-08-05T10:04:49+08:00 ] 127.0.0.1 /YsInnoCenter/YsInnovation/index.php/Admin/Semester/getNum
INFO: [ app_begin ] --START--
INFO: Run Behavior\ReadHtmlCacheBehavior [ RunTime:0.000388s ]
INFO: [ app_begin ] --END-- [ RunTime:0.000666s ]
SQL: select count(*) from t_semester where isshow='0' [ RunTime:0.0009s ]

[ 2015-08-05T10:14:44+08:00 ] 127.0.0.1 /YsInnoCenter/YsInnovation/index.php/Admin/Semester/getNum
INFO: [ app_begin ] --START--
INFO: Run Behavior\ReadHtmlCacheBehavior [ RunTime:0.000306s ]
INFO: [ app_begin ] --END-- [ RunTime:0.000548s ]
SQL: select count(*) from t_semester where isshow='0' [ RunTime:0.0008s ]

[ 2015-08-05T10:16:41+08:00 ] 127.0.0.1 /YsInnoCenter/YsInnovation/index.php/Admin/Semester/getNum
INFO: [ app_begin ] --START--
INFO: Run Behavior\ReadHtmlCacheBehavior [ RunTime:0.000292s ]
INFO: [ app_begin ] --END-- [ RunTime:0.000533s ]
SQL: select count(*) from t_semester where isshow='0' [ RunTime:0.0009s ]

[ 2015-08-05T10:17:11+08:00 ] 127.0.0.1 /YsInnoCenter/YsInnovation/index.php/Admin/Semester/getNum
INFO: [ app_begin ] --START--
INFO: Run Behavior\ReadHtmlCacheBehavior [ RunTime:0.000453s ]
INFO: [ app_begin ] --END-- [ RunTime:0.000685s ]
SQL: select count(*) from t_semester where isshow='0' [ RunTime:0.0010s ]

[ 2015-08-05T10:17:22+08:00 ] 127.0.0.1 /YsInnoCenter/YsInnovation/index.php/Admin/Semester/getNum
INFO: [ app_begin ] --START--
INFO: Run Behavior\ReadHtmlCacheBehavior [ RunTime:0.000326s ]
INFO: [ app_begin ] --END-- [ RunTime:0.000592s ]
SQL: select count(*) from t_semester where isshow='0' [ RunTime:0.0009s ]

[ 2015-08-05T10:17:49+08:00 ] 127.0.0.1 /YsInnoCenter/YsInnovation/index.php/Admin/Semester/getNum
INFO: [ app_begin ] --START--
INFO: Run Behavior\ReadHtmlCacheBehavior [ RunTime:0.000301s ]
INFO: [ app_begin ] --END-- [ RunTime:0.000555s ]
SQL: select count(*) from t_semester where isshow='0' [ RunTime:0.0010s ]

[ 2015-08-05T10:19:24+08:00 ] 127.0.0.1 /YsInnoCenter/YsInnovation/index.php/Admin/Semester/getNum
INFO: [ app_begin ] --START--
INFO: Run Behavior\ReadHtmlCacheBehavior [ RunTime:0.000335s ]
INFO: [ app_begin ] --END-- [ RunTime:0.000655s ]
SQL: select count(*) from t_semester where isshow='0' [ RunTime:0.0036s ]

[ 2015-08-05T10:19:59+08:00 ] 127.0.0.1 /YsInnoCenter/YsInnovation/index.php/Admin/Semester/getNum
INFO: [ app_begin ] --START--
INFO: Run Behavior\ReadHtmlCacheBehavior [ RunTime:0.000424s ]
INFO: [ app_begin ] --END-- [ RunTime:0.000741s ]
SQL: select count(*) from t_semester where isshow='0' [ RunTime:0.0010s ]

[ 2015-08-05T10:20:46+08:00 ] 127.0.0.1 /YsInnoCenter/YsInnovation/index.php/Admin/Semester/getNum
INFO: [ app_begin ] --START--
INFO: Run Behavior\ReadHtmlCacheBehavior [ RunTime:0.000330s ]
INFO: [ app_begin ] --END-- [ RunTime:0.000586s ]
SQL: select count(*) from t_semester where isshow='0' [ RunTime:0.0010s ]

[ 2015-08-05T10:22:51+08:00 ] 127.0.0.1 /YsInnoCenter/YsInnovation/index.php/Admin/Semester/getNum
INFO: [ app_begin ] --START--
INFO: Run Behavior\ReadHtmlCacheBehavior [ RunTime:0.000359s ]
INFO: [ app_begin ] --END-- [ RunTime:0.000697s ]
SQL: select count(*) from t_semester where isshow='0' [ RunTime:0.0007s ]

[ 2015-08-05T10:23:23+08:00 ] 127.0.0.1 /YsInnoCenter/YsInnovation/index.php/Admin/Semester/getNum
INFO: [ app_begin ] --START--
INFO: Run Behavior\ReadHtmlCacheBehavior [ RunTime:0.000317s ]
INFO: [ app_begin ] --END-- [ RunTime:0.000584s ]
SQL: select count(*) from t_semester where isshow='0' [ RunTime:0.0008s ]

[ 2015-08-05T10:23:42+08:00 ] 127.0.0.1 /YsInnoCenter/YsInnovation/index.php/Admin/Semester/getNum
INFO: [ app_begin ] --START--
INFO: Run Behavior\ReadHtmlCacheBehavior [ RunTime:0.000290s ]
INFO: [ app_begin ] --END-- [ RunTime:0.000530s ]
SQL: select count(*) from t_semester where isshow='0' [ RunTime:0.0010s ]

[ 2015-08-05T10:24:12+08:00 ] 127.0.0.1 /YsInnoCenter/YsInnovation/index.php/Admin/Semester/getNum
INFO: [ app_begin ] --START--
INFO: Run Behavior\ReadHtmlCacheBehavior [ RunTime:0.000404s ]
INFO: [ app_begin ] --END-- [ RunTime:0.000655s ]
SQL: select count(*) from t_semester where isshow='0' [ RunTime:0.0009s ]

[ 2015-08-05T10:26:29+08:00 ] 127.0.0.1 /YsInnoCenter/YsInnovation/index.php/Admin/Semester/getNum
INFO: [ app_begin ] --START--
INFO: Run Behavior\ReadHtmlCacheBehavior [ RunTime:0.000318s ]
INFO: [ app_begin ] --END-- [ RunTime:0.000567s ]
SQL: select count(*) from t_semester where isshow='0' [ RunTime:0.0009s ]

[ 2015-08-05T10:27:23+08:00 ] 127.0.0.1 /YsInnoCenter/YsInnovation/index.php/Admin/Semester/getNum
INFO: [ app_begin ] --START--
INFO: Run Behavior\ReadHtmlCacheBehavior [ RunTime:0.000289s ]
INFO: [ app_begin ] --END-- [ RunTime:0.000518s ]
SQL: select count(*) from t_semester where isshow='0' [ RunTime:0.0009s ]

[ 2015-08-05T10:27:34+08:00 ] 127.0.0.1 /YsInnoCenter/YsInnovation/index.php/Admin/Semester/getNum
INFO: [ app_begin ] --START--
INFO: Run Behavior\ReadHtmlCacheBehavior [ RunTime:0.000294s ]
INFO: [ app_begin ] --END-- [ RunTime:0.000527s ]
SQL: select count(*) from t_semester where isshow='0' [ RunTime:0.0009s ]

[ 2015-08-05T10:27:39+08:00 ] 127.0.0.1 /YsInnoCenter/YsInnovation/index.php/Admin/Semester/getNum
INFO: [ app_begin ] --START--
INFO: Run Behavior\ReadHtmlCacheBehavior [ RunTime:0.000352s ]
INFO: [ app_begin ] --END-- [ RunTime:0.000701s ]
SQL: select count(*) from t_semester where isshow='0' [ RunTime:0.0013s ]

[ 2015-08-05T10:54:31+08:00 ] 127.0.0.1 /YsInnoCenter/YsInnovation/index.php/Admin/Semester/getNum
INFO: [ app_begin ] --START--
INFO: Run Behavior\ReadHtmlCacheBehavior [ RunTime:0.000302s ]
INFO: [ app_begin ] --END-- [ RunTime:0.000539s ]
SQL: select count(*) from t_semester where isshow='0' [ RunTime:0.0010s ]

[ 2015-08-05T10:55:33+08:00 ] 127.0.0.1 /YsInnoCenter/YsInnovation/index.php/Admin/Semester/getNum
INFO: [ app_begin ] --START--
INFO: Run Behavior\ReadHtmlCacheBehavior [ RunTime:0.000323s ]
INFO: [ app_begin ] --END-- [ RunTime:0.000597s ]
SQL: select count(*) from t_semester where isshow='0' [ RunTime:0.0014s ]

[ 2015-08-05T10:59:29+08:00 ] 127.0.0.1 /YsInnoCenter/YsInnovation/index.php/Admin/Semester/getNum
INFO: [ app_begin ] --START--
INFO: Run Behavior\ReadHtmlCacheBehavior [ RunTime:0.000440s ]
INFO: [ app_begin ] --END-- [ RunTime:0.000677s ]
SQL: select count(*) from t_semester where isshow='0' [ RunTime:0.0012s ]

[ 2015-08-05T11:00:36+08:00 ] 127.0.0.1 /YsInnoCenter/YsInnovation/index.php/Admin/Semester/getNum
INFO: [ app_begin ] --START--
INFO: Run Behavior\ReadHtmlCacheBehavior [ RunTime:0.000365s ]
INFO: [ app_begin ] --END-- [ RunTime:0.000611s ]
SQL: select count(*) from t_semester where isshow='0' [ RunTime:0.0009s ]

[ 2015-08-05T11:02:54+08:00 ] 127.0.0.1 /YsInnoCenter/YsInnovation/index.php/Admin/Semester/getNum
INFO: [ app_begin ] --START--
INFO: Run Behavior\ReadHtmlCacheBehavior [ RunTime:0.000320s ]
INFO: [ app_begin ] --END-- [ RunTime:0.000583s ]
SQL: select count(*) from t_semester where isshow='0' [ RunTime:0.0012s ]

[ 2015-08-05T11:03:05+08:00 ] 127.0.0.1 /YsInnoCenter/YsInnovation/index.php/Admin/Semester/getNum
INFO: [ app_begin ] --START--
INFO: Run Behavior\ReadHtmlCacheBehavior [ RunTime:0.000303s ]
INFO: [ app_begin ] --END-- [ RunTime:0.000543s ]
SQL: select count(*) from t_semester where isshow='0' [ RunTime:0.0009s ]

[ 2015-08-05T11:04:00+08:00 ] 127.0.0.1 /YsInnoCenter/YsInnovation/index.php/Admin/Semester/getNum
INFO: [ app_begin ] --START--
INFO: Run Behavior\ReadHtmlCacheBehavior [ RunTime:0.000292s ]
INFO: [ app_begin ] --END-- [ RunTime:0.000524s ]
SQL: select count(*) from t_semester where isshow='0' [ RunTime:0.0009s ]

[ 2015-08-05T11:04:25+08:00 ] 127.0.0.1 /YsInnoCenter/YsInnovation/index.php/Admin/Semester/getNum
INFO: [ app_begin ] --START--
INFO: Run Behavior\ReadHtmlCacheBehavior [ RunTime:0.000323s ]
INFO: [ app_begin ] --END-- [ RunTime:0.000599s ]
SQL: select count(*) from t_semester where isshow='0' [ RunTime:0.0008s ]

[ 2015-08-05T11:04:32+08:00 ] 127.0.0.1 /YsInnoCenter/YsInnovation/index.php/Admin/Semester/getNum
INFO: [ app_begin ] --START--
INFO: Run Behavior\ReadHtmlCacheBehavior [ RunTime:0.000419s ]
INFO: [ app_begin ] --END-- [ RunTime:0.000679s ]
SQL: select count(*) from t_semester where isshow='0' [ RunTime:0.0009s ]

[ 2015-08-05T11:04:54+08:00 ] 127.0.0.1 /YsInnoCenter/YsInnovation/index.php/Admin/Semester/getNum
INFO: [ app_begin ] --START--
INFO: Run Behavior\ReadHtmlCacheBehavior [ RunTime:0.000405s ]
INFO: [ app_begin ] --END-- [ RunTime:0.000643s ]
SQL: select count(*) from t_semester where isshow='0' [ RunTime:0.0009s ]

[ 2015-08-05T11:09:41+08:00 ] 127.0.0.1 /YsInnoCenter/YsInnovation/index.php/Admin/Semester/getNum
INFO: [ app_begin ] --START--
INFO: Run Behavior\ReadHtmlCacheBehavior [ RunTime:0.000291s ]
INFO: [ app_begin ] --END-- [ RunTime:0.000520s ]
SQL: select count(*) from t_semester where isshow='0' [ RunTime:0.0010s ]

[ 2015-08-05T14:34:51+08:00 ] 127.0.0.1 /YsInnoCenter/YsInnovation/index.php/Admin/Semester/getNum
INFO: [ app_begin ] --START--
INFO: Run Behavior\ReadHtmlCacheBehavior [ RunTime:0.000318s ]
INFO: [ app_begin ] --END-- [ RunTime:0.000597s ]
SQL: select count(*) from t_semester where isshow='0' [ RunTime:0.0005s ]

[ 2015-08-05T14:34:55+08:00 ] 127.0.0.1 /YsInnoCenter/YsInnovation/index.php/Admin/Semester/getNum
INFO: [ app_begin ] --START--
INFO: Run Behavior\ReadHtmlCacheBehavior [ RunTime:0.000292s ]
INFO: [ app_begin ] --END-- [ RunTime:0.000553s ]
SQL: select count(*) from t_semester where isshow='0' [ RunTime:0.0006s ]

[ 2015-08-05T14:36:18+08:00 ] 127.0.0.1 /YsInnoCenter/YsInnovation/index.php/Admin/Semester/saveSemester
INFO: [ app_begin ] --START--
INFO: Run Behavior\ReadHtmlCacheBehavior [ RunTime:0.000549s ]
INFO: [ app_begin ] --END-- [ RunTime:0.000899s ]
ERR: ÈùûÊ≥ïÊìç‰Ωú:saveSemester

[ 2015-08-05T14:41:17+08:00 ] 127.0.0.1 /YsInnoCenter/YsInnovation/index.php/Admin/Semester/getNum
INFO: [ app_begin ] --START--
INFO: Run Behavior\ReadHtmlCacheBehavior [ RunTime:0.000431s ]
INFO: [ app_begin ] --END-- [ RunTime:0.000715s ]
SQL: select count(*) from t_semester where isshow='0' [ RunTime:0.0006s ]

[ 2015-08-05T14:41:41+08:00 ] 127.0.0.1 /YsInnoCenter/YsInnovation/index.php/Admin/Semester/saveSemester
INFO: [ app_begin ] --START--
INFO: Run Behavior\ReadHtmlCacheBehavior [ RunTime:0.000572s ]
INFO: [ app_begin ] --END-- [ RunTime:0.001067s ]
INFO: [ app_end ] --START--
INFO: Run Behavior\ShowPageTraceBehavior [ RunTime:0.000583s ]
INFO: [ app_end ] --END-- [ RunTime:0.000718s ]

[ 2015-08-05T14:54:40+08:00 ] 127.0.0.1 /YsInnoCenter/YsInnovation/index.php/Admin/Semester/getNum
INFO: [ app_begin ] --START--
INFO: Run Behavior\ReadHtmlCacheBehavior [ RunTime:0.000307s ]
INFO: [ app_begin ] --END-- [ RunTime:0.000560s ]
SQL: select count(*) from t_semester where isshow='0' [ RunTime:0.0010s ]

[ 2015-08-05T14:54:52+08:00 ] 127.0.0.1 /YsInnoCenter/YsInnovation/index.php/Admin/Semester/saveSemester
INFO: [ app_begin ] --START--
INFO: Run Behavior\ReadHtmlCacheBehavior [ RunTime:0.000554s ]
INFO: [ app_begin ] --END-- [ RunTime:0.001006s ]
INFO: [ app_end ] --START--
INFO: Run Behavior\ShowPageTraceBehavior [ RunTime:0.000580s ]
INFO: [ app_end ] --END-- [ RunTime:0.000706s ]

[ 2015-08-05T14:55:45+08:00 ] 127.0.0.1 /YsInnoCenter/YsInnovation/index.php/Admin/Semester/getNum
INFO: [ app_begin ] --START--
INFO: Run Behavior\ReadHtmlCacheBehavior [ RunTime:0.000302s ]
INFO: [ app_begin ] --END-- [ RunTime:0.000546s ]
SQL: select count(*) from t_semester where isshow='0' [ RunTime:0.0006s ]

[ 2015-08-05T14:55:54+08:00 ] 127.0.0.1 /YsInnoCenter/YsInnovation/index.php/Admin/Semester/saveSemester
INFO: [ app_begin ] --START--
INFO: Run Behavior\ReadHtmlCacheBehavior [ RunTime:0.000431s ]
INFO: [ app_begin ] --END-- [ RunTime:0.000698s ]

[ 2015-08-05T14:56:32+08:00 ] 127.0.0.1 /YsInnoCenter/YsInnovation/index.php/Admin/Semester/getNum
INFO: [ app_begin ] --START--
INFO: Run Behavior\ReadHtmlCacheBehavior [ RunTime:0.000313s ]
INFO: [ app_begin ] --END-- [ RunTime:0.000556s ]
SQL: select count(*) from t_semester where isshow='0' [ RunTime:0.0006s ]

[ 2015-08-05T14:56:38+08:00 ] 127.0.0.1 /YsInnoCenter/YsInnovation/index.php/Admin/Semester/saveSemester
INFO: [ app_begin ] --START--
INFO: Run Behavior\ReadHtmlCacheBehavior [ RunTime:0.000339s ]
INFO: [ app_begin ] --END-- [ RunTime:0.000615s ]

[ 2015-08-05T14:57:15+08:00 ] 127.0.0.1 /YsInnoCenter/YsInnovation/index.php/Admin/Semester/getNum
INFO: [ app_begin ] --START--
INFO: Run Behavior\ReadHtmlCacheBehavior [ RunTime:0.000293s ]
INFO: [ app_begin ] --END-- [ RunTime:0.000523s ]
SQL: select count(*) from t_semester where isshow='0' [ RunTime:0.0005s ]

[ 2015-08-05T14:57:29+08:00 ] 127.0.0.1 /YsInnoCenter/YsInnovation/index.php/Admin/Semester/saveSemester
INFO: [ app_begin ] --START--
INFO: Run Behavior\ReadHtmlCacheBehavior [ RunTime:0.000687s ]
INFO: [ app_begin ] --END-- [ RunTime:0.001206s ]

[ 2015-08-05T15:14:56+08:00 ] 127.0.0.1 /YsInnoCenter/YsInnovation/index.php/Admin/Semester/getNum
INFO: [ app_begin ] --START--
INFO: Run Behavior\ReadHtmlCacheBehavior [ RunTime:0.000314s ]
INFO: [ app_begin ] --END-- [ RunTime:0.000547s ]
SQL: select count(*) from t_semester where isshow='0' [ RunTime:0.0007s ]

[ 2015-08-05T15:15:08+08:00 ] 127.0.0.1 /YsInnoCenter/YsInnovation/index.php/Admin/Semester/saveSemester
INFO: [ app_begin ] --START--
INFO: Run Behavior\ReadHtmlCacheBehavior [ RunTime:0.000729s ]
INFO: [ app_begin ] --END-- [ RunTime:0.001306s ]
NOTIC: [8] Use of undefined constant time - assumed 'time' E:\wamp\www\YsInnoCenter\YsInnovation\Admin\Controller\SemesterController.class.php Á¨¨ 94 Ë°å.

[ 2015-08-05T15:16:30+08:00 ] 127.0.0.1 /YsInnoCenter/YsInnovation/index.php/Admin/Semester/getNum
INFO: [ app_begin ] --START--
INFO: Run Behavior\ReadHtmlCacheBehavior [ RunTime:0.000306s ]
INFO: [ app_begin ] --END-- [ RunTime:0.000556s ]
SQL: select count(*) from t_semester where isshow='0' [ RunTime:0.0007s ]

[ 2015-08-05T15:16:45+08:00 ] 127.0.0.1 /YsInnoCenter/YsInnovation/index.php/Admin/Semester/saveSemester
INFO: [ app_begin ] --START--
INFO: Run Behavior\ReadHtmlCacheBehavior [ RunTime:0.000572s ]
INFO: [ app_begin ] --END-- [ RunTime:0.001034s ]
NOTIC: [8] Use of undefined constant time - assumed 'time' E:\wamp\www\YsInnoCenter\YsInnovation\Admin\Controller\SemesterController.class.php Á¨¨ 94 Ë°å.

[ 2015-08-05T15:19:36+08:00 ] 127.0.0.1 /YsInnoCenter/YsInnovation/index.php/Admin/Semester/getNum
INFO: [ app_begin ] --START--
INFO: Run Behavior\ReadHtmlCacheBehavior [ RunTime:0.000318s ]
INFO: [ app_begin ] --END-- [ RunTime:0.000568s ]
SQL: select count(*) from t_semester where isshow='0' [ RunTime:0.0006s ]

[ 2015-08-05T15:19:44+08:00 ] 127.0.0.1 /YsInnoCenter/YsInnovation/index.php/Admin/Semester/saveSemester
INFO: [ app_begin ] --START--
INFO: Run Behavior\ReadHtmlCacheBehavior [ RunTime:0.000902s ]
INFO: [ app_begin ] --END-- [ RunTime:0.001697s ]
NOTIC: [8] Use of undefined constant time - assumed 'time' E:\wamp\www\YsInnoCenter\YsInnovation\Admin\Controller\SemesterController.class.php Á¨¨ 94 Ë°å.
SQL: insert into t_semester(semester_name,semester_week_num,semester_begin_time,status_id,isshow) values('2015-2016/0','19','2015-03-01','1','0') [ RunTime:0.0646s ]
ERR: SQLSTATE[HY000]: General error

[ 2015-08-05T15:19:46+08:00 ] 127.0.0.1 /YsInnoCenter/YsInnovation/index.php/Admin/Semester/saveSemester
INFO: [ app_begin ] --START--
INFO: Run Behavior\ReadHtmlCacheBehavior [ RunTime:0.000433s ]
INFO: [ app_begin ] --END-- [ RunTime:0.000780s ]
NOTIC: [8] Use of undefined constant time - assumed 'time' E:\wamp\www\YsInnoCenter\YsInnovation\Admin\Controller\SemesterController.class.php Á¨¨ 94 Ë°å.
SQL: insert into t_semester(semester_name,semester_week_num,semester_begin_time,status_id,isshow) values('2015-2016/0','19','2015-03-01','1','0') [ RunTime:0.0352s ]
ERR: SQLSTATE[HY000]: General error

[ 2015-08-05T15:19:53+08:00 ] 127.0.0.1 /YsInnoCenter/YsInnovation/index.php/Admin/Semester/saveSemester
INFO: [ app_begin ] --START--
INFO: Run Behavior\ReadHtmlCacheBehavior [ RunTime:0.000397s ]
INFO: [ app_begin ] --END-- [ RunTime:0.000708s ]
NOTIC: [8] Use of undefined constant time - assumed 'time' E:\wamp\www\YsInnoCenter\YsInnovation\Admin\Controller\SemesterController.class.php Á¨¨ 94 Ë°å.
SQL: insert into t_semester(semester_name,semester_week_num,semester_begin_time,status_id,isshow) values('2015-2016/0','19','2015-03-01','1','0') [ RunTime:0.0437s ]
ERR: SQLSTATE[HY000]: General error

[ 2015-08-05T15:19:53+08:00 ] 127.0.0.1 /YsInnoCenter/YsInnovation/index.php/Admin/Semester/saveSemester
INFO: [ app_begin ] --START--
INFO: Run Behavior\ReadHtmlCacheBehavior [ RunTime:0.000504s ]
INFO: [ app_begin ] --END-- [ RunTime:0.000916s ]
NOTIC: [8] Use of undefined constant time - assumed 'time' E:\wamp\www\YsInnoCenter\YsInnovation\Admin\Controller\SemesterController.class.php Á¨¨ 94 Ë°å.
SQL: insert into t_semester(semester_name,semester_week_num,semester_begin_time,status_id,isshow) values('2015-2016/0','19','2015-03-01','1','0') [ RunTime:0.0373s ]
ERR: SQLSTATE[HY000]: General error

[ 2015-08-05T15:20:03+08:00 ] 127.0.0.1 /YsInnoCenter/YsInnovation/index.php/Admin/Semester/saveSemester
INFO: [ app_begin ] --START--
INFO: Run Behavior\ReadHtmlCacheBehavior [ RunTime:0.000974s ]
INFO: [ app_begin ] --END-- [ RunTime:0.001762s ]
NOTIC: [8] Use of undefined constant time - assumed 'time' E:\wamp\www\YsInnoCenter\YsInnovation\Admin\Controller\SemesterController.class.php Á¨¨ 94 Ë°å.
SQL: insert into t_semester(semester_name,semester_week_num,semester_begin_time,status_id,isshow) values('2015-2016/0','19','2015-03-01','1','0') [ RunTime:0.0523s ]
ERR: SQLSTATE[HY000]: General error

[ 2015-08-05T15:20:03+08:00 ] 127.0.0.1 /YsInnoCenter/YsInnovation/index.php/Admin/Semester/saveSemester
INFO: [ app_begin ] --START--
INFO: Run Behavior\ReadHtmlCacheBehavior [ RunTime:0.000694s ]
INFO: [ app_begin ] --END-- [ RunTime:0.001256s ]
NOTIC: [8] Use of undefined constant time - assumed 'time' E:\wamp\www\YsInnoCenter\YsInnovation\Admin\Controller\SemesterController.class.php Á¨¨ 94 Ë°å.
SQL: insert into t_semester(semester_name,semester_week_num,semester_begin_time,status_id,isshow) values('2015-2016/0','19','2015-03-01','1','0') [ RunTime:0.0413s ]
ERR: SQLSTATE[HY000]: General error

[ 2015-08-05T15:20:03+08:00 ] 127.0.0.1 /YsInnoCenter/YsInnovation/index.php/Admin/Semester/saveSemester
INFO: [ app_begin ] --START--
INFO: Run Behavior\ReadHtmlCacheBehavior [ RunTime:0.000374s ]
INFO: [ app_begin ] --END-- [ RunTime:0.000681s ]
NOTIC: [8] Use of undefined constant time - assumed 'time' E:\wamp\www\YsInnoCenter\YsInnovation\Admin\Controller\SemesterController.class.php Á¨¨ 94 Ë°å.
SQL: insert into t_semester(semester_name,semester_week_num,semester_begin_time,status_id,isshow) values('2015-2016/0','19','2015-03-01','1','0') [ RunTime:0.0365s ]
ERR: SQLSTATE[HY000]: General error

[ 2015-08-05T15:21:31+08:00 ] 127.0.0.1 /YsInnoCenter/YsInnovation/index.php/Admin/Semester/getNum
INFO: [ app_begin ] --START--
INFO: Run Behavior\ReadHtmlCacheBehavior [ RunTime:0.000301s ]
INFO: [ app_begin ] --END-- [ RunTime:0.000557s ]
SQL: select count(*) from t_semester where isshow='0' [ RunTime:0.0006s ]

[ 2015-08-05T15:21:39+08:00 ] 127.0.0.1 /YsInnoCenter/YsInnovation/index.php/Admin/Semester/saveSemester
INFO: [ app_begin ] --START--
INFO: Run Behavior\ReadHtmlCacheBehavior [ RunTime:0.000478s ]
INFO: [ app_begin ] --END-- [ RunTime:0.000812s ]
NOTIC: [8] Use of undefined constant time - assumed 'time' E:\wamp\www\YsInnoCenter\YsInnovation\Admin\Controller\SemesterController.class.php Á¨¨ 94 Ë°å.
SQL: insert into t_semester(semester_name,semester_week_num,semester_begin_time,status_id,isshow) values('2015-2016/0','19','2015-03-01','1','0') [ RunTime:0.0430s ]
ERR: SQLSTATE[HY000]: General error

[ 2015-08-05T15:23:52+08:00 ] 127.0.0.1 /YsInnoCenter/YsInnovation/index.php/Admin/Semester/getNum
INFO: [ app_begin ] --START--
INFO: Run Behavior\ReadHtmlCacheBehavior [ RunTime:0.000297s ]
INFO: [ app_begin ] --END-- [ RunTime:0.000527s ]
SQL: select count(*) from t_semester where isshow='0' [ RunTime:0.0006s ]

[ 2015-08-05T15:23:56+08:00 ] 127.0.0.1 /YsInnoCenter/YsInnovation/index.php/Admin/Semester/getNum
INFO: [ app_begin ] --START--
INFO: Run Behavior\ReadHtmlCacheBehavior [ RunTime:0.000287s ]
INFO: [ app_begin ] --END-- [ RunTime:0.000522s ]
SQL: select count(*) from t_semester where isshow='0' [ RunTime:0.0006s ]

[ 2015-08-05T15:24:10+08:00 ] 127.0.0.1 /YsInnoCenter/YsInnovation/index.php/Admin/Semester/saveSemester
INFO: [ app_begin ] --START--
INFO: Run Behavior\ReadHtmlCacheBehavior [ RunTime:0.000938s ]
INFO: [ app_begin ] --END-- [ RunTime:0.001694s ]
NOTIC: [8] Use of undefined constant time - assumed 'time' E:\wamp\www\YsInnoCenter\YsInnovation\Admin\Controller\SemesterController.class.php Á¨¨ 94 Ë°å.
SQL: insert into t_semester(semester_name,semester_week_num,semester_begin_time,status_id,isshow) values('2016-2017/1','19','2015-08-05','1','0') [ RunTime:0.0408s ]
ERR: SQLSTATE[HY000]: General error

[ 2015-08-05T15:29:02+08:00 ] 127.0.0.1 /YsInnoCenter/YsInnovation/index.php/Admin/Semester/getNum
INFO: [ app_begin ] --START--
INFO: Run Behavior\ReadHtmlCacheBehavior [ RunTime:0.000318s ]
INFO: [ app_begin ] --END-- [ RunTime:0.000556s ]
SQL: select count(*) from t_semester where isshow='0' [ RunTime:0.0006s ]

[ 2015-08-05T15:29:13+08:00 ] 127.0.0.1 /YsInnoCenter/YsInnovation/index.php/Admin/Semester/saveSemester
INFO: [ app_begin ] --START--
INFO: Run Behavior\ReadHtmlCacheBehavior [ RunTime:0.000374s ]
INFO: [ app_begin ] --END-- [ RunTime:0.000610s ]
NOTIC: [8] Use of undefined constant time - assumed 'time' E:\wamp\www\YsInnoCenter\YsInnovation\Admin\Controller\SemesterController.class.php Á¨¨ 94 Ë°å.
ERR: SQLSTATE[42S02]: Base table or view not found: 1146 Table 'ysdb.t_t_semester' doesn't exist

[ 2015-08-05T15:30:50+08:00 ] 127.0.0.1 /YsInnoCenter/YsInnovation/index.php/Admin/Semester/getNum
INFO: [ app_begin ] --START--
INFO: Run Behavior\ReadHtmlCacheBehavior [ RunTime:0.000384s ]
INFO: [ app_begin ] --END-- [ RunTime:0.000857s ]
SQL: select count(*) from t_semester where isshow='0' [ RunTime:0.0005s ]

[ 2015-08-05T15:31:02+08:00 ] 127.0.0.1 /YsInnoCenter/YsInnovation/index.php/Admin/Semester/saveSemester
INFO: [ app_begin ] --START--
INFO: Run Behavior\ReadHtmlCacheBehavior [ RunTime:0.000745s ]
INFO: [ app_begin ] --END-- [ RunTime:0.001266s ]
NOTIC: [8] Use of undefined constant time - assumed 'time' E:\wamp\www\YsInnoCenter\YsInnovation\Admin\Controller\SemesterController.class.php Á¨¨ 94 Ë°å.
SQL: SHOW COLUMNS FROM `t_semester` [ RunTime:0.0020s ]
SQL: INSERT INTO `t_semester` (`semester_name`,`semester_week_num`,`semester_begin_time`,`status_id`,`isshow`) VALUES ('2016-2017/1','19','2015-03-03','1','0') [ RunTime:0.0489s ]
INFO: [ app_end ] --START--
INFO: Run Behavior\ShowPageTraceBehavior [ RunTime:0.000671s ]
INFO: [ app_end ] --END-- [ RunTime:0.000770s ]

[ 2015-08-05T15:32:16+08:00 ] 127.0.0.1 /YsInnoCenter/YsInnovation/index.php/Admin/Semester/saveSemester
INFO: [ app_begin ] --START--
INFO: Run Behavior\ReadHtmlCacheBehavior [ RunTime:0.001068s ]
INFO: [ app_begin ] --END-- [ RunTime:0.001760s ]
NOTIC: [8] Use of undefined constant time - assumed 'time' E:\wamp\www\YsInnoCenter\YsInnovation\Admin\Controller\SemesterController.class.php Á¨¨ 94 Ë°å.
SQL: SHOW COLUMNS FROM `t_semester` [ RunTime:0.0019s ]
SQL: INSERT INTO `t_semester` (`semester_name`,`semester_week_num`,`semester_begin_time`,`status_id`,`isshow`) VALUES ('2017-2018/0','19','2015-03-05','1','0') [ RunTime:0.0435s ]

[ 2015-08-05T15:38:50+08:00 ] 127.0.0.1 /YsInnoCenter/YsInnovation/index.php/Admin/Semester/getNum
INFO: [ app_begin ] --START--
INFO: Run Behavior\ReadHtmlCacheBehavior [ RunTime:0.000304s ]
INFO: [ app_begin ] --END-- [ RunTime:0.000555s ]
SQL: select count(*) from t_semester where isshow='0' [ RunTime:0.0007s ]

[ 2015-08-05T15:39:04+08:00 ] 127.0.0.1 /YsInnoCenter/YsInnovation/index.php/Admin/Semester/saveSemester
INFO: [ app_begin ] --START--
INFO: Run Behavior\ReadHtmlCacheBehavior [ RunTime:0.000907s ]
INFO: [ app_begin ] --END-- [ RunTime:0.001479s ]
NOTIC: [8] Use of undefined constant time - assumed 'time' E:\wamp\www\YsInnoCenter\YsInnovation\Admin\Controller\SemesterController.class.php Á¨¨ 94 Ë°å.
SQL: SHOW COLUMNS FROM `t_semester` [ RunTime:0.0020s ]
SQL: INSERT INTO `t_semester` (`semester_name`,`semester_week_num`,`semester_begin_time`,`status_id`,`isshow`) VALUES ('2016-2017/0','19','2015-08-01','1','0') [ RunTime:0.0464s ]

[ 2015-08-05T15:39:06+08:00 ] 127.0.0.1 /YsInnoCenter/YsInnovation/index.php/Admin/Semester/'http://localhost/YsInnoCenter/YsInnovation/index.php/Admin/Semester/showSemesterList'
ERR: ÈùûÊ≥ïÊìç‰Ωú:'http:

[ 2015-08-05T15:40:18+08:00 ] 127.0.0.1 /YsInnoCenter/YsInnovation/index.php/Admin/Semester/getNum
INFO: [ app_begin ] --START--
INFO: Run Behavior\ReadHtmlCacheBehavior [ RunTime:0.000325s ]
INFO: [ app_begin ] --END-- [ RunTime:0.000563s ]
SQL: select count(*) from t_semester where isshow='0' [ RunTime:0.0005s ]

[ 2015-08-05T15:40:27+08:00 ] 127.0.0.1 /YsInnoCenter/YsInnovation/index.php/Admin/Semester/saveSemester
INFO: [ app_begin ] --START--
INFO: Run Behavior\ReadHtmlCacheBehavior [ RunTime:0.000569s ]
INFO: [ app_begin ] --END-- [ RunTime:0.001017s ]
NOTIC: [8] Use of undefined constant time - assumed 'time' E:\wamp\www\YsInnoCenter\YsInnovation\Admin\Controller\SemesterController.class.php Á¨¨ 94 Ë°å.
SQL: SHOW COLUMNS FROM `t_semester` [ RunTime:0.0021s ]
SQL: INSERT INTO `t_semester` (`semester_name`,`semester_week_num`,`semester_begin_time`,`status_id`,`isshow`) VALUES ('2015-2016/0','19','2015-08-02','1','0') [ RunTime:0.0381s ]

[ 2015-08-05T15:40:28+08:00 ] 127.0.0.1 /YsInnoCenter/YsInnovation/index.php/Admin/Semester/'/YsInnoCenter/YsInnovation/index.php/Admin/Semester/showSemesterList'
ERR: ÈùûÊ≥ïÊìç‰Ωú:'

[ 2015-08-05T15:41:44+08:00 ] 127.0.0.1 /YsInnoCenter/YsInnovation/index.php/Admin/Semester/getNum
INFO: [ app_begin ] --START--
INFO: Run Behavior\ReadHtmlCacheBehavior [ RunTime:0.000426s ]
INFO: [ app_begin ] --END-- [ RunTime:0.000773s ]
SQL: select count(*) from t_semester where isshow='0' [ RunTime:0.0007s ]

[ 2015-08-05T15:42:33+08:00 ] 127.0.0.1 /YsInnoCenter/YsInnovation/index.php/Admin/Semester/getNum
INFO: [ app_begin ] --START--
INFO: Run Behavior\ReadHtmlCacheBehavior [ RunTime:0.000308s ]
INFO: [ app_begin ] --END-- [ RunTime:0.000541s ]
SQL: select count(*) from t_semester where isshow='0' [ RunTime:0.0006s ]

[ 2015-08-05T15:42:41+08:00 ] 127.0.0.1 /YsInnoCenter/YsInnovation/index.php/Admin/Semester/saveSemester
INFO: [ app_begin ] --START--
INFO: Run Behavior\ReadHtmlCacheBehavior [ RunTime:0.000733s ]
INFO: [ app_begin ] --END-- [ RunTime:0.001538s ]
NOTIC: [8] Use of undefined constant time - assumed 'time' E:\wamp\www\YsInnoCenter\YsInnovation\Admin\Controller\SemesterController.class.php Á¨¨ 94 Ë°å.
SQL: SHOW COLUMNS FROM `t_semester` [ RunTime:0.0019s ]
SQL: INSERT INTO `t_semester` (`semester_name`,`semester_week_num`,`semester_begin_time`,`status_id`,`isshow`) VALUES ('2015-2016/0','19','2015-08-01','1','0') [ RunTime:0.0577s ]

[ 2015-08-05T15:42:43+08:00 ] 127.0.0.1 /YsInnoCenter/YsInnovation/index.php/Admin/Semester/getNum
INFO: [ app_begin ] --START--
INFO: Run Behavior\ReadHtmlCacheBehavior [ RunTime:0.000309s ]
INFO: [ app_begin ] --END-- [ RunTime:0.000564s ]
SQL: select count(*) from t_semester where isshow='0' [ RunTime:0.0013s ]

[ 2015-08-05T15:56:35+08:00 ] 127.0.0.1 /YsInnoCenter/YsInnovation/index.php/Admin/Semester/getNum
INFO: [ app_begin ] --START--
INFO: Run Behavior\ReadHtmlCacheBehavior [ RunTime:0.000322s ]
INFO: [ app_begin ] --END-- [ RunTime:0.000636s ]
SQL: select count(*) from t_semester where isshow='0' [ RunTime:0.0005s ]

[ 2015-08-05T15:57:34+08:00 ] 127.0.0.1 /YsInnoCenter/YsInnovation/index.php/Admin/Semester/saveSemester
INFO: [ app_begin ] --START--
INFO: Run Behavior\ReadHtmlCacheBehavior [ RunTime:0.000471s ]
INFO: [ app_begin ] --END-- [ RunTime:0.000853s ]
NOTIC: [8] Use of undefined constant time - assumed 'time' E:\wamp\www\YsInnoCenter\YsInnovation\Admin\Controller\SemesterController.class.php Á¨¨ 94 Ë°å.
SQL: SHOW COLUMNS FROM `t_semester` [ RunTime:0.0021s ]
SQL: INSERT INTO `t_semester` (`semester_name`,`semester_week_num`,`semester_begin_time`,`status_id`,`isshow`) VALUES ('2016-2017/0','19','2015-08-02','1','0') [ RunTime:0.0391s ]

[ 2015-08-05T15:57:35+08:00 ] 127.0.0.1 /YsInnoCenter/YsInnovation/index.php/Admin/Semester/getNum
INFO: [ app_begin ] --START--
INFO: Run Behavior\ReadHtmlCacheBehavior [ RunTime:0.000320s ]
INFO: [ app_begin ] --END-- [ RunTime:0.000638s ]
SQL: select count(*) from t_semester where isshow='0' [ RunTime:0.0006s ]

[ 2015-08-05T16:04:43+08:00 ] 127.0.0.1 /YsInnoCenter/YsInnovation/index.php/Admin/Semester/http://localhost/YsInnoCenter/YsInnovation/index.php/Admin/Index/index.html
ERR: ÈùûÊ≥ïÊìç‰Ωú:http:

[ 2015-08-05T16:04:54+08:00 ] 127.0.0.1 /YsInnoCenter/YsInnovation/index.php/Admin/Semester/getSemeName
ERR: SQLSTATE[42S22]: Column not found: 1054 Unknown column 'ishow' in 'where clause'

[ 2015-08-05T16:07:43+08:00 ] 127.0.0.1 /YsInnoCenter/YsInnovation/index.php/Admin/Course/showAddCourse
ERR: Êó†Ê≥ïÂä†ËΩΩÊéßÂà∂Âô®:Course

[ 2015-08-05T16:08:49+08:00 ] 127.0.0.1 /YsInnoCenter/YsInnovation/index.php/Admin/Semester/getNum
INFO: [ app_begin ] --START--
INFO: Run Behavior\ReadHtmlCacheBehavior [ RunTime:0.000327s ]
INFO: [ app_begin ] --END-- [ RunTime:0.000570s ]
SQL: select count(*) from t_semester where isshow='0' [ RunTime:0.0007s ]

[ 2015-08-05T17:27:33+08:00 ] 127.0.0.1 /YsInnoCenter/YsInnovation/index.php/Admin/Semester/getNum
INFO: [ app_begin ] --START--
INFO: Run Behavior\ReadHtmlCacheBehavior [ RunTime:0.000319s ]
INFO: [ app_begin ] --END-- [ RunTime:0.000724s ]
SQL: select count(*) from t_semester where isshow='0' [ RunTime:0.0006s ]

[ 2015-08-05T20:17:38+08:00 ] 127.0.0.1 /YsInnoCenter/YsInnovation/index.php/Admin/Semester/getNum
INFO: [ app_begin ] --START--
INFO: Run Behavior\ReadHtmlCacheBehavior [ RunTime:0.000319s ]
INFO: [ app_begin ] --END-- [ RunTime:0.000571s ]
SQL: select count(*) from t_semester where isshow='0' [ RunTime:0.0006s ]

[ 2015-08-05T20:55:41+08:00 ] 127.0.0.1 /YsInnoCenter/YsInnovation/index.php/Admin/Semester/getSemeName
INFO: [ app_begin ] --START--
INFO: Run Behavior\ReadHtmlCacheBehavior [ RunTime:0.000346s ]
INFO: [ app_begin ] --END-- [ RunTime:0.000623s ]
SQL: select semester_name from t_semester where isshow='0' and status_id='1' [ RunTime:0.0009s ]

[ 2015-08-05T20:57:27+08:00 ] 127.0.0.1 /YsInnoCenter/YsInnovation/index.php/Admin/Semester/getSemeName
INFO: [ app_begin ] --START--
INFO: Run Behavior\ReadHtmlCacheBehavior [ RunTime:0.000328s ]
INFO: [ app_begin ] --END-- [ RunTime:0.000571s ]
SQL: select semester_name from t_semester where isshow='0' and status_id='1' [ RunTime:0.0008s ]

[ 2015-08-05T20:57:32+08:00 ] 127.0.0.1 /YsInnoCenter/YsInnovation/index.php/Admin/Semester/getSemeName
INFO: [ app_begin ] --START--
INFO: Run Behavior\ReadHtmlCacheBehavior [ RunTime:0.000339s ]
INFO: [ app_begin ] --END-- [ RunTime:0.000594s ]
SQL: select semester_name from t_semester where isshow='0' and status_id='1' [ RunTime:0.0007s ]

[ 2015-08-05T20:57:44+08:00 ] 127.0.0.1 /YsInnoCenter/YsInnovation/index.php/Admin/Semester/getSemeName
INFO: [ app_begin ] --START--
INFO: Run Behavior\ReadHtmlCacheBehavior [ RunTime:0.000444s ]
INFO: [ app_begin ] --END-- [ RunTime:0.000808s ]
SQL: select semester_name from t_semester where isshow='0' and status_id='1' [ RunTime:0.0007s ]

[ 2015-08-05T20:58:35+08:00 ] 127.0.0.1 /YsInnoCenter/YsInnovation/index.php/Admin/Semester/getSemeName
INFO: [ app_begin ] --START--
INFO: Run Behavior\ReadHtmlCacheBehavior [ RunTime:0.000453s ]
INFO: [ app_begin ] --END-- [ RunTime:0.000804s ]
SQL: select semester_name from t_semester where isshow='0' and status_id='1' [ RunTime:0.0022s ]

[ 2015-08-05T20:58:55+08:00 ] 127.0.0.1 /YsInnoCenter/YsInnovation/index.php/Admin/Semester/getSemeName
INFO: [ app_begin ] --START--
INFO: Run Behavior\ReadHtmlCacheBehavior [ RunTime:0.000340s ]
INFO: [ app_begin ] --END-- [ RunTime:0.000608s ]
SQL: select semester_name from t_semester where isshow='0' and status_id='1' [ RunTime:0.0007s ]

[ 2015-08-05T20:59:04+08:00 ] 127.0.0.1 /YsInnoCenter/YsInnovation/index.php/Admin/Semester/getSemeName
INFO: [ app_begin ] --START--
INFO: Run Behavior\ReadHtmlCacheBehavior [ RunTime:0.000410s ]
INFO: [ app_begin ] --END-- [ RunTime:0.000737s ]
SQL: select semester_name from t_semester where isshow='0' and status_id='1' [ RunTime:0.0008s ]

