[ 2015-09-01T15:10:30+08:00 ] 127.0.0.1 /YsInnoCenter/YsInnovation/index.php/Admin/User/getUserCountJs
INFO: [ app_begin ] --START--
INFO: Run Behavior\ReadHtmlCacheBehavior [ RunTime:0.000374s ]
INFO: [ app_begin ] --END-- [ RunTime:0.000633s ]
SQL: select count(*) from t_user_account,t_user where t_user_account.user_id=t_user.user_id and t_user.is_tea_or_stu=1 [ RunTime:0.0008s ]

[ 2015-09-01T15:10:30+08:00 ] 127.0.0.1 /YsInnoCenter/YsInnovation/index.php/Admin/User/getUserDataJs
INFO: [ app_begin ] --START--
INFO: Run Behavior\ReadHtmlCacheBehavior [ RunTime:0.000406s ]
INFO: [ app_begin ] --END-- [ RunTime:0.000659s ]
SQL: select t_user_account.*,t_user.* from t_user,t_user_account where t_user.is_tea_or_stu='1' and t_user_account.user_id=t_user.user_id limit 0,10 [ RunTime:0.0016s ]
SQL: SHOW COLUMNS FROM `t_tea_duty` [ RunTime:0.0018s ]
SQL: SELECT * FROM `t_tea_duty` WHERE ( tea_duty_id=1 )  [ RunTime:0.0005s ]
SQL: SHOW COLUMNS FROM `t_organization` [ RunTime:0.0019s ]
SQL: SELECT * FROM `t_organization` WHERE ( organization_id=1 )  [ RunTime:0.0012s ]
SQL: SELECT * FROM `t_tea_duty` WHERE ( tea_duty_id=1 )  [ RunTime:0.0007s ]
SQL: SELECT * FROM `t_organization` WHERE ( organization_id=1 )  [ RunTime:0.0012s ]
SQL: SELECT * FROM `t_tea_duty` WHERE ( tea_duty_id=1 )  [ RunTime:0.0006s ]
SQL: SELECT * FROM `t_organization` WHERE ( organization_id=1 )  [ RunTime:0.0012s ]
SQL: SELECT * FROM `t_tea_duty` WHERE ( tea_duty_id=2 )  [ RunTime:0.0006s ]
SQL: SELECT * FROM `t_organization` WHERE ( organization_id=1 )  [ RunTime:0.0012s ]
SQL: SELECT * FROM `t_tea_duty` WHERE ( tea_duty_id=1 )  [ RunTime:0.0009s ]
SQL: SELECT * FROM `t_organization` WHERE ( organization_id=1 )  [ RunTime:0.0014s ]
SQL: SELECT * FROM `t_tea_duty` WHERE ( tea_duty_id=1 )  [ RunTime:0.0008s ]
SQL: SELECT * FROM `t_organization` WHERE ( organization_id=1 )  [ RunTime:0.0014s ]
SQL: SELECT * FROM `t_tea_duty` WHERE ( tea_duty_id=3 )  [ RunTime:0.0006s ]
SQL: SELECT * FROM `t_organization` WHERE ( organization_id=2 )  [ RunTime:0.0013s ]
SQL: SELECT * FROM `t_tea_duty` WHERE ( tea_duty_id=1 )  [ RunTime:0.0006s ]
SQL: SELECT * FROM `t_organization` WHERE ( organization_id=3 )  [ RunTime:0.0012s ]
SQL: SELECT * FROM `t_tea_duty` WHERE ( tea_duty_id=1 )  [ RunTime:0.0006s ]
SQL: SELECT * FROM `t_organization` WHERE ( organization_id=4 )  [ RunTime:0.0012s ]
SQL: SELECT * FROM `t_tea_duty` WHERE ( tea_duty_id=1 )  [ RunTime:0.0006s ]
SQL: SELECT * FROM `t_organization` WHERE ( organization_id=5 )  [ RunTime:0.0013s ]

[ 2015-09-01T15:10:31+08:00 ] 127.0.0.1 /YsInnoCenter/YsInnovation/index.php/Admin/User/getUserDataJs
INFO: [ app_begin ] --START--
INFO: Run Behavior\ReadHtmlCacheBehavior [ RunTime:0.000450s ]
INFO: [ app_begin ] --END-- [ RunTime:0.000788s ]
SQL: select t_user_account.*,t_user.* from t_user,t_user_account where t_user.is_tea_or_stu='0' and t_user_account.user_id=t_user.user_id limit 0,10 [ RunTime:0.0016s ]
SQL: SHOW COLUMNS FROM `t_tea_duty` [ RunTime:0.0018s ]
SQL: SELECT * FROM `t_tea_duty` WHERE ( tea_duty_id=0 )  [ RunTime:0.0006s ]
NOTIC: [8] Undefined offset: 0 E:\wamp\www\YsInnoCenter\YsInnovation\Admin\Controller\UserController.class.php 第 286 行.
SQL: SHOW COLUMNS FROM `t_organization` [ RunTime:0.0020s ]
SQL: SELECT * FROM `t_organization` WHERE ( organization_id=1 )  [ RunTime:0.0012s ]
SQL: SELECT * FROM `t_tea_duty` WHERE ( tea_duty_id=0 )  [ RunTime:0.0006s ]
NOTIC: [8] Undefined offset: 0 E:\wamp\www\YsInnoCenter\YsInnovation\Admin\Controller\UserController.class.php 第 286 行.
SQL: SELECT * FROM `t_organization` WHERE ( organization_id=2 )  [ RunTime:0.0012s ]
SQL: SELECT * FROM `t_tea_duty` WHERE ( tea_duty_id=0 )  [ RunTime:0.0006s ]
NOTIC: [8] Undefined offset: 0 E:\wamp\www\YsInnoCenter\YsInnovation\Admin\Controller\UserController.class.php 第 286 行.
SQL: SELECT * FROM `t_organization` WHERE ( organization_id=3 )  [ RunTime:0.0012s ]
SQL: SELECT * FROM `t_tea_duty` WHERE ( tea_duty_id=0 )  [ RunTime:0.0006s ]
NOTIC: [8] Undefined offset: 0 E:\wamp\www\YsInnoCenter\YsInnovation\Admin\Controller\UserController.class.php 第 286 行.
SQL: SELECT * FROM `t_organization` WHERE ( organization_id=4 )  [ RunTime:0.0012s ]
SQL: SELECT * FROM `t_tea_duty` WHERE ( tea_duty_id=0 )  [ RunTime:0.0006s ]
NOTIC: [8] Undefined offset: 0 E:\wamp\www\YsInnoCenter\YsInnovation\Admin\Controller\UserController.class.php 第 286 行.
SQL: SELECT * FROM `t_organization` WHERE ( organization_id=5 )  [ RunTime:0.0012s ]

[ 2015-09-01T15:10:31+08:00 ] 127.0.0.1 /YsInnoCenter/YsInnovation/index.php/Admin/User/getUserCountJs
INFO: [ app_begin ] --START--
INFO: Run Behavior\ReadHtmlCacheBehavior [ RunTime:0.000307s ]
INFO: [ app_begin ] --END-- [ RunTime:0.000576s ]
SQL: select count(*) from t_user_account,t_user where t_user_account.user_id=t_user.user_id and t_user.is_tea_or_stu=0 [ RunTime:0.0008s ]

[ 2015-09-01T15:10:32+08:00 ] 127.0.0.1 /YsInnoCenter/YsInnovation/index.php/Admin/User/getRolesJs
INFO: [ app_begin ] --START--
INFO: Run Behavior\ReadHtmlCacheBehavior [ RunTime:0.000310s ]
INFO: [ app_begin ] --END-- [ RunTime:0.000564s ]
SQL: select * from t_role where isshow=0 [ RunTime:0.0008s ]

[ 2015-09-01T15:10:35+08:00 ] 127.0.0.1 /YsInnoCenter/YsInnovation/index.php/Admin/news/showExaminedList
ERR: 无法加载控制器:News

[ 2015-09-01T15:10:36+08:00 ] 127.0.0.1 /YsInnoCenter/YsInnovation/index.php/Admin/Lecture/getLectureCountJs
INFO: [ app_begin ] --START--
INFO: Run Behavior\ReadHtmlCacheBehavior [ RunTime:0.000310s ]
INFO: [ app_begin ] --END-- [ RunTime:0.000570s ]
SQL: select count(*) from t_lecture where isshow=0 and lecture_status_id=1 [ RunTime:0.0007s ]

[ 2015-09-01T15:10:36+08:00 ] 127.0.0.1 /YsInnoCenter/YsInnovation/index.php/Admin/Lecture/getLectureListDataJs
INFO: [ app_begin ] --START--
INFO: Run Behavior\ReadHtmlCacheBehavior [ RunTime:0.000325s ]
INFO: [ app_begin ] --END-- [ RunTime:0.000584s ]
SQL: select * from t_lecture where isshow=0 and lecture_status_id=1 limit 0,10 [ RunTime:0.0016s ]
SQL: SHOW COLUMNS FROM `t_organization` [ RunTime:0.0022s ]
SQL: SELECT * FROM `t_organization` WHERE ( organization_id=1 )  [ RunTime:0.0014s ]
SQL: SELECT * FROM `t_organization` WHERE ( organization_id=3 )  [ RunTime:0.0011s ]
SQL: SELECT * FROM `t_organization` WHERE ( organization_id=5 )  [ RunTime:0.0012s ]
SQL: SELECT * FROM `t_organization` WHERE ( organization_id=1 )  [ RunTime:0.0012s ]
SQL: SELECT * FROM `t_organization` WHERE ( organization_id=1 )  [ RunTime:0.0012s ]
SQL: SELECT * FROM `t_organization` WHERE ( organization_id=1 )  [ RunTime:0.0012s ]

