[ 2015-09-18T14:23:09+08:00 ] 127.0.0.1 /YsInnoCenter/YsInnovation/index.php/Admin/Semester/getNum
INFO: [ app_begin ] --START--
INFO: Run Behavior\ReadHtmlCacheBehavior [ RunTime:0.000310s ]
INFO: [ app_begin ] --END-- [ RunTime:0.000569s ]
SQL: select count(*) from t_semester where isshow='0' [ RunTime:0.0012s ]

[ 2015-09-18T14:23:15+08:00 ] 127.0.0.1 /YsInnoCenter/YsInnovation/index.php/Admin/Duty/showDutyList
ERR: 无法加载控制器:Duty

[ 2015-09-18T14:23:17+08:00 ] 127.0.0.1 /YsInnoCenter/YsInnovation/index.php/Admin/College/showCollegeList
ERR: 无法加载控制器:College

[ 2015-09-18T14:23:17+08:00 ] 127.0.0.1 /YsInnoCenter/YsInnovation/index.php/Admin/NewsCate/showNewsCatesList
ERR: 无法加载控制器:NewsCate

[ 2015-09-18T14:23:20+08:00 ] 127.0.0.1 /YsInnoCenter/YsInnovation/index.php/Admin/User/getUserCountJs
INFO: [ app_begin ] --START--
INFO: Run Behavior\ReadHtmlCacheBehavior [ RunTime:0.000308s ]
INFO: [ app_begin ] --END-- [ RunTime:0.000580s ]
SQL: select count(*) from t_user_account,t_user where t_user_account.user_id=t_user.user_id and t_user.is_tea_or_stu=1 [ RunTime:0.0010s ]

[ 2015-09-18T14:23:20+08:00 ] 127.0.0.1 /YsInnoCenter/YsInnovation/index.php/Admin/User/getUserDataJs
INFO: [ app_begin ] --START--
INFO: Run Behavior\ReadHtmlCacheBehavior [ RunTime:0.000392s ]
INFO: [ app_begin ] --END-- [ RunTime:0.000729s ]
SQL: select t_user_account.*,t_user.* from t_user,t_user_account where t_user.is_tea_or_stu='1' and t_user_account.user_id=t_user.user_id limit 0,10 [ RunTime:0.0019s ]
SQL: SHOW COLUMNS FROM `t_tea_duty` [ RunTime:0.0020s ]
SQL: SELECT * FROM `t_tea_duty` WHERE ( tea_duty_id=1 )  [ RunTime:0.0012s ]
SQL: SHOW COLUMNS FROM `t_organization` [ RunTime:0.0022s ]
SQL: SELECT * FROM `t_organization` WHERE ( organization_id=1 )  [ RunTime:0.0014s ]
SQL: SELECT * FROM `t_tea_duty` WHERE ( tea_duty_id=1 )  [ RunTime:0.0009s ]
SQL: SELECT * FROM `t_organization` WHERE ( organization_id=1 )  [ RunTime:0.0014s ]
SQL: SELECT * FROM `t_tea_duty` WHERE ( tea_duty_id=1 )  [ RunTime:0.0007s ]
SQL: SELECT * FROM `t_organization` WHERE ( organization_id=1 )  [ RunTime:0.0012s ]
SQL: SELECT * FROM `t_tea_duty` WHERE ( tea_duty_id=2 )  [ RunTime:0.0012s ]
SQL: SELECT * FROM `t_organization` WHERE ( organization_id=1 )  [ RunTime:0.0015s ]
SQL: SELECT * FROM `t_tea_duty` WHERE ( tea_duty_id=1 )  [ RunTime:0.0013s ]
SQL: SELECT * FROM `t_organization` WHERE ( organization_id=1 )  [ RunTime:0.0014s ]
SQL: SELECT * FROM `t_tea_duty` WHERE ( tea_duty_id=1 )  [ RunTime:0.0009s ]
SQL: SELECT * FROM `t_organization` WHERE ( organization_id=1 )  [ RunTime:0.0014s ]
SQL: SELECT * FROM `t_tea_duty` WHERE ( tea_duty_id=3 )  [ RunTime:0.0009s ]
SQL: SELECT * FROM `t_organization` WHERE ( organization_id=2 )  [ RunTime:0.0013s ]
SQL: SELECT * FROM `t_tea_duty` WHERE ( tea_duty_id=1 )  [ RunTime:0.0009s ]
SQL: SELECT * FROM `t_organization` WHERE ( organization_id=3 )  [ RunTime:0.0018s ]
SQL: SELECT * FROM `t_tea_duty` WHERE ( tea_duty_id=1 )  [ RunTime:0.0015s ]
SQL: SELECT * FROM `t_organization` WHERE ( organization_id=4 )  [ RunTime:0.0014s ]
SQL: SELECT * FROM `t_tea_duty` WHERE ( tea_duty_id=1 )  [ RunTime:0.0009s ]
SQL: SELECT * FROM `t_organization` WHERE ( organization_id=5 )  [ RunTime:0.0014s ]

[ 2015-09-18T14:23:25+08:00 ] 127.0.0.1 /YsInnoCenter/YsInnovation/index.php/Admin/User/getCollegeJs
INFO: [ app_begin ] --START--
INFO: Run Behavior\ReadHtmlCacheBehavior [ RunTime:0.000347s ]
INFO: [ app_begin ] --END-- [ RunTime:0.000626s ]
SQL: select * from t_college where isshow=0 [ RunTime:0.0010s ]

[ 2015-09-18T14:23:25+08:00 ] 127.0.0.1 /YsInnoCenter/YsInnovation/index.php/Admin/User/getOrgJs
INFO: [ app_begin ] --START--
INFO: Run Behavior\ReadHtmlCacheBehavior [ RunTime:0.000345s ]
INFO: [ app_begin ] --END-- [ RunTime:0.000617s ]
SQL: select * from t_organization where isshow='0' and organization_type=2 [ RunTime:0.0017s ]

[ 2015-09-18T14:23:25+08:00 ] 127.0.0.1 /YsInnoCenter/YsInnovation/index.php/Admin/User/getTeaDutyJs
INFO: [ app_begin ] --START--
INFO: Run Behavior\ReadHtmlCacheBehavior [ RunTime:0.001053s ]
INFO: [ app_begin ] --END-- [ RunTime:0.001363s ]
SQL: select * from t_tea_duty where isshow=0 [ RunTime:0.0009s ]

[ 2015-09-18T14:23:25+08:00 ] 127.0.0.1 /YsInnoCenter/YsInnovation/index.php/Admin/User/getRolesJs
INFO: [ app_begin ] --START--
INFO: Run Behavior\ReadHtmlCacheBehavior [ RunTime:0.000459s ]
INFO: [ app_begin ] --END-- [ RunTime:0.002509s ]
SQL: select * from t_role where isshow=0 [ RunTime:0.0009s ]

[ 2015-09-18T14:23:35+08:00 ] 127.0.0.1 /YsInnoCenter/YsInnovation/index.php/Admin/User/getTeaDutyJs
INFO: [ app_begin ] --START--
INFO: Run Behavior\ReadHtmlCacheBehavior [ RunTime:0.000535s ]
INFO: [ app_begin ] --END-- [ RunTime:0.000948s ]
SQL: select * from t_tea_duty where isshow=0 [ RunTime:0.0011s ]

[ 2015-09-18T14:23:35+08:00 ] 127.0.0.1 /YsInnoCenter/YsInnovation/index.php/Admin/User/getOrgJs
INFO: [ app_begin ] --START--
INFO: Run Behavior\ReadHtmlCacheBehavior [ RunTime:0.000726s ]
INFO: [ app_begin ] --END-- [ RunTime:0.001098s ]
SQL: select * from t_organization where isshow='0' and organization_type=2 [ RunTime:0.0019s ]

[ 2015-09-18T14:23:35+08:00 ] 127.0.0.1 /YsInnoCenter/YsInnovation/index.php/Admin/User/getRolesJs
INFO: [ app_begin ] --START--
INFO: Run Behavior\ReadHtmlCacheBehavior [ RunTime:0.000307s ]
INFO: [ app_begin ] --END-- [ RunTime:0.000555s ]
SQL: select * from t_role where isshow=0 [ RunTime:0.0010s ]

[ 2015-09-18T14:23:35+08:00 ] 127.0.0.1 /YsInnoCenter/YsInnovation/index.php/Admin/User/getAllTea
INFO: [ app_begin ] --START--
INFO: Run Behavior\ReadHtmlCacheBehavior [ RunTime:0.000421s ]
INFO: [ app_begin ] --END-- [ RunTime:0.000731s ]
SQL: select * from t_user where is_tea_or_stu='1' [ RunTime:0.0017s ]

[ 2015-09-18T14:23:35+08:00 ] 127.0.0.1 /YsInnoCenter/YsInnovation/index.php/Admin/User/getCollegeJs
INFO: [ app_begin ] --START--
INFO: Run Behavior\ReadHtmlCacheBehavior [ RunTime:0.000308s ]
INFO: [ app_begin ] --END-- [ RunTime:0.000615s ]
SQL: select * from t_college where isshow=0 [ RunTime:0.0009s ]

[ 2015-09-18T14:23:46+08:00 ] 127.0.0.1 /YsInnoCenter/YsInnovation/index.php/Admin/User/getAdminListJs
INFO: [ app_begin ] --START--
INFO: Run Behavior\ReadHtmlCacheBehavior [ RunTime:0.000375s ]
INFO: [ app_begin ] --END-- [ RunTime:0.000675s ]
SQL: select t_user_account.*,t_user.user_name,t_role.role_name from t_user_account,t_user,t_role where t_user_account.user_role_id in (1,2,3) and t_user.user_id=t_user_account.user_id and t_role.role_id=t_user_account.user_role_id limit 0,10 [ RunTime:0.0018s ]

[ 2015-09-18T14:23:46+08:00 ] 127.0.0.1 /YsInnoCenter/YsInnovation/index.php/Admin/User/getAdminCountJs
INFO: [ app_begin ] --START--
INFO: Run Behavior\ReadHtmlCacheBehavior [ RunTime:0.000316s ]
INFO: [ app_begin ] --END-- [ RunTime:0.000594s ]
SQL: select count(*) from t_user_account where user_role_id in (1,2,3) [ RunTime:0.0010s ]

[ 2015-09-18T14:24:05+08:00 ] 127.0.0.1 /YsInnoCenter/YsInnovation/index.php/Admin/User/getAdminListJs
INFO: [ app_begin ] --START--
INFO: Run Behavior\ReadHtmlCacheBehavior [ RunTime:0.000293s ]
INFO: [ app_begin ] --END-- [ RunTime:0.000632s ]
SQL: select t_user_account.*,t_user.user_name,t_role.role_name from t_user_account,t_user,t_role where t_user_account.user_role_id in (1,2,3) and t_user.user_id=t_user_account.user_id and t_role.role_id=t_user_account.user_role_id limit 10,10 [ RunTime:0.0017s ]

[ 2015-09-18T14:24:05+08:00 ] 127.0.0.1 /YsInnoCenter/YsInnovation/index.php/Admin/User/getAdminCountJs
INFO: [ app_begin ] --START--
INFO: Run Behavior\ReadHtmlCacheBehavior [ RunTime:0.000292s ]
INFO: [ app_begin ] --END-- [ RunTime:0.000587s ]
SQL: select count(*) from t_user_account where user_role_id in (1,2,3) [ RunTime:0.0009s ]

[ 2015-09-18T14:24:18+08:00 ] 127.0.0.1 /YsInnoCenter/YsInnovation/index.php/Admin/User/getCollegeJs
INFO: [ app_begin ] --START--
INFO: Run Behavior\ReadHtmlCacheBehavior [ RunTime:0.000487s ]
INFO: [ app_begin ] --END-- [ RunTime:0.000937s ]
SQL: select * from t_college where isshow=0 [ RunTime:0.0010s ]

[ 2015-09-18T14:25:57+08:00 ] 127.0.0.1 /YsInnoCenter/YsInnovation/index.php/Admin/Semester/getSemeName
INFO: [ app_begin ] --START--
INFO: Run Behavior\ReadHtmlCacheBehavior [ RunTime:0.000309s ]
INFO: [ app_begin ] --END-- [ RunTime:0.000564s ]
SQL: select semester_id,semester_name from t_semester where isshow='0' and status_id='1' [ RunTime:0.0011s ]

[ 2015-09-18T14:25:57+08:00 ] 127.0.0.1 /YsInnoCenter/YsInnovation/index.php/Admin/Laboratory/getLaboratory
INFO: [ app_begin ] --START--
INFO: Run Behavior\ReadHtmlCacheBehavior [ RunTime:0.000395s ]
INFO: [ app_begin ] --END-- [ RunTime:0.000665s ]
SQL: select organization_id,organization_name from t_organization where organization_type='2' and isshow='0' [ RunTime:0.0010s ]

[ 2015-09-18T14:25:57+08:00 ] 127.0.0.1 /YsInnoCenter/YsInnovation/index.php/Admin/Laboratory/getLaboratoryUser
INFO: [ app_begin ] --START--
INFO: Run Behavior\ReadHtmlCacheBehavior [ RunTime:0.000816s ]
INFO: [ app_begin ] --END-- [ RunTime:0.001078s ]
SQL: select t_user.* from t_user,t_user_account where t_user_account.organization_id='1' and t_user.user_id=t_user_account.user_id and t_user.is_tea_or_stu='1' [ RunTime:0.0017s ]

[ 2015-09-18T14:28:48+08:00 ] 127.0.0.1 /YsInnoCenter/YsInnovation/index.php/Admin/Course/getCourseListData
INFO: [ app_begin ] --START--
INFO: Run Behavior\ReadHtmlCacheBehavior [ RunTime:0.000316s ]
INFO: [ app_begin ] --END-- [ RunTime:0.000563s ]
SQL: select * from t_course where status_id='2' and isshow=0 limit 0,10 [ RunTime:0.0019s ]
SQL: SHOW COLUMNS FROM `t_organization` [ RunTime:0.0023s ]
SQL: SELECT * FROM `t_organization` WHERE ( organization_id=2 )  [ RunTime:0.0014s ]
SQL: SHOW COLUMNS FROM `t_user` [ RunTime:0.0022s ]
SQL: SELECT * FROM `t_user` WHERE ( user_id=1 )  [ RunTime:0.0013s ]
SQL: SELECT * FROM `t_user` WHERE ( user_id=1 )  [ RunTime:0.0013s ]

[ 2015-09-18T14:28:48+08:00 ] 127.0.0.1 /YsInnoCenter/YsInnovation/index.php/Admin/Course/getCourseCount
INFO: [ app_begin ] --START--
INFO: Run Behavior\ReadHtmlCacheBehavior [ RunTime:0.000415s ]
INFO: [ app_begin ] --END-- [ RunTime:0.000691s ]
SQL: select count(*) from t_course where isshow='0' and status_id='2' [ RunTime:0.0008s ]

[ 2015-09-18T14:28:50+08:00 ] 127.0.0.1 /YsInnoCenter/YsInnovation/index.php/Admin/Semester/getSemeName
INFO: [ app_begin ] --START--
INFO: Run Behavior\ReadHtmlCacheBehavior [ RunTime:0.000319s ]
INFO: [ app_begin ] --END-- [ RunTime:0.000569s ]
SQL: select semester_id,semester_name from t_semester where isshow='0' and status_id='1' [ RunTime:0.0011s ]

[ 2015-09-18T14:28:50+08:00 ] 127.0.0.1 /YsInnoCenter/YsInnovation/index.php/Admin/Laboratory/getLaboratory
INFO: [ app_begin ] --START--
INFO: Run Behavior\ReadHtmlCacheBehavior [ RunTime:0.000325s ]
INFO: [ app_begin ] --END-- [ RunTime:0.000571s ]
SQL: select organization_id,organization_name from t_organization where organization_type='2' and isshow='0' [ RunTime:0.0010s ]

[ 2015-09-18T14:28:50+08:00 ] 127.0.0.1 /YsInnoCenter/YsInnovation/index.php/Admin/Laboratory/getLaboratoryUser
INFO: [ app_begin ] --START--
INFO: Run Behavior\ReadHtmlCacheBehavior [ RunTime:0.000392s ]
INFO: [ app_begin ] --END-- [ RunTime:0.000666s ]
SQL: select t_user.* from t_user,t_user_account where t_user_account.organization_id='1' and t_user.user_id=t_user_account.user_id and t_user.is_tea_or_stu='1' [ RunTime:0.0015s ]

[ 2015-09-18T14:28:50+08:00 ] 127.0.0.1 /YsInnoCenter/YsInnovation/index.php/Admin/Course/getCourseById
INFO: [ app_begin ] --START--
INFO: Run Behavior\ReadHtmlCacheBehavior [ RunTime:0.000392s ]
INFO: [ app_begin ] --END-- [ RunTime:0.000717s ]
SQL: select * from t_course where course_id='2' [ RunTime:0.0014s ]

[ 2015-09-18T14:29:00+08:00 ] 127.0.0.1 /YsInnoCenter/YsInnovation/index.php/Admin/Semester/getSemeByName
INFO: [ app_begin ] --START--
INFO: Run Behavior\ReadHtmlCacheBehavior [ RunTime:0.000319s ]
INFO: [ app_begin ] --END-- [ RunTime:0.000585s ]
SQL: select * from t_semester where semester_name='2015-2016/1' [ RunTime:0.0011s ]

[ 2015-09-18T14:29:00+08:00 ] 127.0.0.1 /YsInnoCenter/YsInnovation/index.php/Admin/Course/getCourseBySemeId
INFO: [ app_begin ] --START--
INFO: Run Behavior\ReadHtmlCacheBehavior [ RunTime:0.000332s ]
INFO: [ app_begin ] --END-- [ RunTime:0.000567s ]
SQL: select * from t_course where isshow='0' and status_id='1' and semester_id='18' limit 0,10 [ RunTime:0.0016s ]

[ 2015-09-18T14:29:00+08:00 ] 127.0.0.1 /YsInnoCenter/YsInnovation/index.php/Admin/Course/getCourseCountBySeme
INFO: [ app_begin ] --START--
INFO: Run Behavior\ReadHtmlCacheBehavior [ RunTime:0.000289s ]
INFO: [ app_begin ] --END-- [ RunTime:0.000523s ]
SQL: select count(*) from t_course where status_id='1' and isshow='0' and semester_id='18' [ RunTime:0.0009s ]

[ 2015-09-18T14:29:04+08:00 ] 127.0.0.1 /YsInnoCenter/YsInnovation/index.php/Admin/Course/getCurrentCourseSelectedCount
INFO: [ app_begin ] --START--
INFO: Run Behavior\ReadHtmlCacheBehavior [ RunTime:0.000323s ]
INFO: [ app_begin ] --END-- [ RunTime:0.000596s ]
SQL: select count(*) from t_course_optional where status_id=4 [ RunTime:0.0009s ]

[ 2015-09-18T14:29:04+08:00 ] 127.0.0.1 /YsInnoCenter/YsInnovation/index.php/Admin/Course/getCurrentCourseSelected
INFO: [ app_begin ] --START--
INFO: Run Behavior\ReadHtmlCacheBehavior [ RunTime:0.000347s ]
INFO: [ app_begin ] --END-- [ RunTime:0.000613s ]
SQL: select t_course_optional.*,t_course.* from t_course_optional,t_course where t_course_optional.status_id=4 and t_course_optional.course_id=t_course.course_id [ RunTime:0.0018s ]
SQL: SHOW COLUMNS FROM `t_organization` [ RunTime:0.0023s ]
SQL: SELECT * FROM `t_organization` WHERE ( organization_id=1 )  [ RunTime:0.0013s ]
SQL: SHOW COLUMNS FROM `t_user` [ RunTime:0.0023s ]
SQL: SELECT * FROM `t_user` WHERE ( user_id=1 )  [ RunTime:0.0011s ]
SQL: SELECT * FROM `t_user` WHERE ( user_id=1 )  [ RunTime:0.0011s ]
SQL: SELECT * FROM `t_organization` WHERE ( organization_id=1 )  [ RunTime:0.0014s ]
SQL: SELECT * FROM `t_user` WHERE ( user_id=1 )  [ RunTime:0.0011s ]
SQL: SELECT * FROM `t_user` WHERE ( user_id=1 )  [ RunTime:0.0015s ]
SQL: SELECT * FROM `t_organization` WHERE ( organization_id=1 )  [ RunTime:0.0020s ]
SQL: SELECT * FROM `t_user` WHERE ( user_id=1 )  [ RunTime:0.0011s ]
SQL: SELECT * FROM `t_user` WHERE ( user_id=1 )  [ RunTime:0.0011s ]
SQL: SELECT * FROM `t_organization` WHERE ( organization_id=1 )  [ RunTime:0.0014s ]
SQL: SELECT * FROM `t_user` WHERE ( user_id=1 )  [ RunTime:0.0012s ]
SQL: SELECT * FROM `t_user` WHERE ( user_id=1 )  [ RunTime:0.0012s ]
SQL: SELECT * FROM `t_organization` WHERE ( organization_id=1 )  [ RunTime:0.0013s ]
SQL: SELECT * FROM `t_user` WHERE ( user_id=1 )  [ RunTime:0.0013s ]
SQL: SELECT * FROM `t_user` WHERE ( user_id=1 )  [ RunTime:0.0012s ]

[ 2015-09-18T14:29:13+08:00 ] 127.0.0.1 /YsInnoCenter/YsInnovation/index.php/Admin/Semester/getSemeByName
INFO: [ app_begin ] --START--
INFO: Run Behavior\ReadHtmlCacheBehavior [ RunTime:0.000428s ]
INFO: [ app_begin ] --END-- [ RunTime:0.000776s ]
SQL: select * from t_semester where semester_name='2015-2016/1' [ RunTime:0.0012s ]

[ 2015-09-18T14:29:13+08:00 ] 127.0.0.1 /YsInnoCenter/YsInnovation/index.php/Admin/Course/getCourseBySemeId
INFO: [ app_begin ] --START--
INFO: Run Behavior\ReadHtmlCacheBehavior [ RunTime:0.000440s ]
INFO: [ app_begin ] --END-- [ RunTime:0.000806s ]
SQL: select * from t_course where isshow='0' and status_id='1' and semester_id='18' limit 0,10 [ RunTime:0.0017s ]

[ 2015-09-18T14:29:13+08:00 ] 127.0.0.1 /YsInnoCenter/YsInnovation/index.php/Admin/Course/getCourseCountBySeme
INFO: [ app_begin ] --START--
INFO: Run Behavior\ReadHtmlCacheBehavior [ RunTime:0.000443s ]
INFO: [ app_begin ] --END-- [ RunTime:0.000784s ]
SQL: select count(*) from t_course where status_id='1' and isshow='0' and semester_id='18' [ RunTime:0.0010s ]

[ 2015-09-18T14:30:46+08:00 ] 127.0.0.1 /YsInnoCenter/YsInnovation/index.php/Admin/Course/getCurrentCourseSelectedCount
INFO: [ app_begin ] --START--
INFO: Run Behavior\ReadHtmlCacheBehavior [ RunTime:0.000390s ]
INFO: [ app_begin ] --END-- [ RunTime:0.000695s ]
SQL: select count(*) from t_course_optional where status_id=4 [ RunTime:0.0009s ]

[ 2015-09-18T14:30:46+08:00 ] 127.0.0.1 /YsInnoCenter/YsInnovation/index.php/Admin/Course/getCurrentCourseSelected
INFO: [ app_begin ] --START--
INFO: Run Behavior\ReadHtmlCacheBehavior [ RunTime:0.000373s ]
INFO: [ app_begin ] --END-- [ RunTime:0.000673s ]
SQL: select t_course_optional.*,t_course.* from t_course_optional,t_course where t_course_optional.status_id=4 and t_course_optional.course_id=t_course.course_id [ RunTime:0.0018s ]
SQL: SHOW COLUMNS FROM `t_organization` [ RunTime:0.0024s ]
SQL: SELECT * FROM `t_organization` WHERE ( organization_id=1 )  [ RunTime:0.0014s ]
SQL: SHOW COLUMNS FROM `t_user` [ RunTime:0.0022s ]
SQL: SELECT * FROM `t_user` WHERE ( user_id=1 )  [ RunTime:0.0012s ]
SQL: SELECT * FROM `t_user` WHERE ( user_id=1 )  [ RunTime:0.0012s ]
SQL: SELECT * FROM `t_organization` WHERE ( organization_id=1 )  [ RunTime:0.0015s ]
SQL: SELECT * FROM `t_user` WHERE ( user_id=1 )  [ RunTime:0.0012s ]
SQL: SELECT * FROM `t_user` WHERE ( user_id=1 )  [ RunTime:0.0012s ]
SQL: SELECT * FROM `t_organization` WHERE ( organization_id=1 )  [ RunTime:0.0014s ]
SQL: SELECT * FROM `t_user` WHERE ( user_id=1 )  [ RunTime:0.0022s ]
SQL: SELECT * FROM `t_user` WHERE ( user_id=1 )  [ RunTime:0.0013s ]
SQL: SELECT * FROM `t_organization` WHERE ( organization_id=1 )  [ RunTime:0.0014s ]
SQL: SELECT * FROM `t_user` WHERE ( user_id=1 )  [ RunTime:0.0012s ]
SQL: SELECT * FROM `t_user` WHERE ( user_id=1 )  [ RunTime:0.0012s ]
SQL: SELECT * FROM `t_organization` WHERE ( organization_id=1 )  [ RunTime:0.0014s ]
SQL: SELECT * FROM `t_user` WHERE ( user_id=1 )  [ RunTime:0.0012s ]
SQL: SELECT * FROM `t_user` WHERE ( user_id=1 )  [ RunTime:0.0012s ]

[ 2015-09-18T14:30:48+08:00 ] 127.0.0.1 /YsInnoCenter/YsInnovation/index.php/Admin/Semester/getSemeName
INFO: [ app_begin ] --START--
INFO: Run Behavior\ReadHtmlCacheBehavior [ RunTime:0.000308s ]
INFO: [ app_begin ] --END-- [ RunTime:0.000580s ]
SQL: select semester_id,semester_name from t_semester where isshow='0' and status_id='1' [ RunTime:0.0011s ]

[ 2015-09-18T14:30:48+08:00 ] 127.0.0.1 /YsInnoCenter/YsInnovation/index.php/Admin/Laboratory/getLaboratory
INFO: [ app_begin ] --START--
INFO: Run Behavior\ReadHtmlCacheBehavior [ RunTime:0.000307s ]
INFO: [ app_begin ] --END-- [ RunTime:0.000546s ]
SQL: select organization_id,organization_name from t_organization where organization_type='2' and isshow='0' [ RunTime:0.0013s ]

[ 2015-09-18T14:30:48+08:00 ] 127.0.0.1 /YsInnoCenter/YsInnovation/index.php/Admin/Laboratory/getLaboratoryUser
INFO: [ app_begin ] --START--
INFO: Run Behavior\ReadHtmlCacheBehavior [ RunTime:0.000324s ]
INFO: [ app_begin ] --END-- [ RunTime:0.000574s ]
SQL: select t_user.* from t_user,t_user_account where t_user_account.organization_id='1' and t_user.user_id=t_user_account.user_id and t_user.is_tea_or_stu='1' [ RunTime:0.0017s ]

[ 2015-09-18T14:30:49+08:00 ] 127.0.0.1 /YsInnoCenter/YsInnovation/index.php/Admin/Course/getCourseDetial
INFO: [ app_begin ] --START--
INFO: Run Behavior\ReadHtmlCacheBehavior [ RunTime:0.000616s ]
INFO: [ app_begin ] --END-- [ RunTime:0.001164s ]
SQL: select * from t_course where course_id='11' [ RunTime:0.0017s ]
SQL: select * from t_course_optional where course_id='11' [ RunTime:0.0014s ]
SQL: select count(*) from t_course_selected where course_optional_id='1' [ RunTime:0.0010s ]
NOTIC: [2] array_merge() [<a href='function.array-merge'>function.array-merge</a>]: Argument #1 is not an array E:\wamp\www\YsInnoCenter\YsInnovation\Admin\Controller\CourseController.class.php 第 680 行.

[ 2015-09-18T14:30:55+08:00 ] 127.0.0.1 /YsInnoCenter/YsInnovation/index.php/Admin/Course/getCurrentCourseSelectedCount
INFO: [ app_begin ] --START--
INFO: Run Behavior\ReadHtmlCacheBehavior [ RunTime:0.000291s ]
INFO: [ app_begin ] --END-- [ RunTime:0.000562s ]
SQL: select count(*) from t_course_optional where status_id=4 [ RunTime:0.0010s ]

[ 2015-09-18T14:30:55+08:00 ] 127.0.0.1 /YsInnoCenter/YsInnovation/index.php/Admin/Course/getCurrentCourseSelected
INFO: [ app_begin ] --START--
INFO: Run Behavior\ReadHtmlCacheBehavior [ RunTime:0.000464s ]
INFO: [ app_begin ] --END-- [ RunTime:0.000852s ]
SQL: select t_course_optional.*,t_course.* from t_course_optional,t_course where t_course_optional.status_id=4 and t_course_optional.course_id=t_course.course_id [ RunTime:0.0024s ]
SQL: SHOW COLUMNS FROM `t_organization` [ RunTime:0.0023s ]
SQL: SELECT * FROM `t_organization` WHERE ( organization_id=1 )  [ RunTime:0.0014s ]
SQL: SHOW COLUMNS FROM `t_user` [ RunTime:0.0023s ]
SQL: SELECT * FROM `t_user` WHERE ( user_id=1 )  [ RunTime:0.0012s ]
SQL: SELECT * FROM `t_user` WHERE ( user_id=1 )  [ RunTime:0.0011s ]
SQL: SELECT * FROM `t_organization` WHERE ( organization_id=1 )  [ RunTime:0.0016s ]
SQL: SELECT * FROM `t_user` WHERE ( user_id=1 )  [ RunTime:0.0012s ]
SQL: SELECT * FROM `t_user` WHERE ( user_id=1 )  [ RunTime:0.0011s ]
SQL: SELECT * FROM `t_organization` WHERE ( organization_id=1 )  [ RunTime:0.0013s ]
SQL: SELECT * FROM `t_user` WHERE ( user_id=1 )  [ RunTime:0.0012s ]
SQL: SELECT * FROM `t_user` WHERE ( user_id=1 )  [ RunTime:0.0014s ]
SQL: SELECT * FROM `t_organization` WHERE ( organization_id=1 )  [ RunTime:0.0015s ]
SQL: SELECT * FROM `t_user` WHERE ( user_id=1 )  [ RunTime:0.0011s ]
SQL: SELECT * FROM `t_user` WHERE ( user_id=1 )  [ RunTime:0.0011s ]
SQL: SELECT * FROM `t_organization` WHERE ( organization_id=1 )  [ RunTime:0.0014s ]
SQL: SELECT * FROM `t_user` WHERE ( user_id=1 )  [ RunTime:0.0012s ]
SQL: SELECT * FROM `t_user` WHERE ( user_id=1 )  [ RunTime:0.0011s ]

[ 2015-09-18T14:30:56+08:00 ] 127.0.0.1 /YsInnoCenter/YsInnovation/index.php/Admin/Semester/getSemeName
INFO: [ app_begin ] --START--
INFO: Run Behavior\ReadHtmlCacheBehavior [ RunTime:0.000307s ]
INFO: [ app_begin ] --END-- [ RunTime:0.000553s ]
SQL: select semester_id,semester_name from t_semester where isshow='0' and status_id='1' [ RunTime:0.0010s ]

[ 2015-09-18T14:30:56+08:00 ] 127.0.0.1 /YsInnoCenter/YsInnovation/index.php/Admin/Laboratory/getLaboratory
INFO: [ app_begin ] --START--
INFO: Run Behavior\ReadHtmlCacheBehavior [ RunTime:0.000303s ]
INFO: [ app_begin ] --END-- [ RunTime:0.000556s ]
SQL: select organization_id,organization_name from t_organization where organization_type='2' and isshow='0' [ RunTime:0.0012s ]

[ 2015-09-18T14:30:56+08:00 ] 127.0.0.1 /YsInnoCenter/YsInnovation/index.php/Admin/Laboratory/getLaboratoryUser
INFO: [ app_begin ] --START--
INFO: Run Behavior\ReadHtmlCacheBehavior [ RunTime:0.000393s ]
INFO: [ app_begin ] --END-- [ RunTime:0.000695s ]
SQL: select t_user.* from t_user,t_user_account where t_user_account.organization_id='1' and t_user.user_id=t_user_account.user_id and t_user.is_tea_or_stu='1' [ RunTime:0.0016s ]

[ 2015-09-18T14:30:58+08:00 ] 127.0.0.1 /YsInnoCenter/YsInnovation/index.php/Admin/Course/getCourseDetial
INFO: [ app_begin ] --START--
INFO: Run Behavior\ReadHtmlCacheBehavior [ RunTime:0.000587s ]
INFO: [ app_begin ] --END-- [ RunTime:0.001119s ]
SQL: select * from t_course where course_id='14' [ RunTime:0.0016s ]
SQL: select * from t_course_optional where course_id='14' [ RunTime:0.0018s ]
SQL: select count(*) from t_course_selected where course_optional_id='6' [ RunTime:0.0009s ]
NOTIC: [2] array_merge() [<a href='function.array-merge'>function.array-merge</a>]: Argument #1 is not an array E:\wamp\www\YsInnoCenter\YsInnovation\Admin\Controller\CourseController.class.php 第 680 行.

[ 2015-09-18T14:31:02+08:00 ] 127.0.0.1 /YsInnoCenter/YsInnovation/index.php/Admin/Course/getCurrentCourseSelectedCount
INFO: [ app_begin ] --START--
INFO: Run Behavior\ReadHtmlCacheBehavior [ RunTime:0.000293s ]
INFO: [ app_begin ] --END-- [ RunTime:0.000576s ]
SQL: select count(*) from t_course_optional where status_id=4 [ RunTime:0.0008s ]

[ 2015-09-18T14:31:02+08:00 ] 127.0.0.1 /YsInnoCenter/YsInnovation/index.php/Admin/Course/getCurrentCourseSelected
INFO: [ app_begin ] --START--
INFO: Run Behavior\ReadHtmlCacheBehavior [ RunTime:0.000313s ]
INFO: [ app_begin ] --END-- [ RunTime:0.000544s ]
SQL: select t_course_optional.*,t_course.* from t_course_optional,t_course where t_course_optional.status_id=4 and t_course_optional.course_id=t_course.course_id [ RunTime:0.0019s ]
SQL: SHOW COLUMNS FROM `t_organization` [ RunTime:0.0023s ]
SQL: SELECT * FROM `t_organization` WHERE ( organization_id=1 )  [ RunTime:0.0013s ]
SQL: SHOW COLUMNS FROM `t_user` [ RunTime:0.0022s ]
SQL: SELECT * FROM `t_user` WHERE ( user_id=1 )  [ RunTime:0.0015s ]
SQL: SELECT * FROM `t_user` WHERE ( user_id=1 )  [ RunTime:0.0011s ]
SQL: SELECT * FROM `t_organization` WHERE ( organization_id=1 )  [ RunTime:0.0014s ]
SQL: SELECT * FROM `t_user` WHERE ( user_id=1 )  [ RunTime:0.0011s ]
SQL: SELECT * FROM `t_user` WHERE ( user_id=1 )  [ RunTime:0.0012s ]
SQL: SELECT * FROM `t_organization` WHERE ( organization_id=1 )  [ RunTime:0.0014s ]
SQL: SELECT * FROM `t_user` WHERE ( user_id=1 )  [ RunTime:0.0012s ]
SQL: SELECT * FROM `t_user` WHERE ( user_id=1 )  [ RunTime:0.0012s ]
SQL: SELECT * FROM `t_organization` WHERE ( organization_id=1 )  [ RunTime:0.0014s ]
SQL: SELECT * FROM `t_user` WHERE ( user_id=1 )  [ RunTime:0.0011s ]
SQL: SELECT * FROM `t_user` WHERE ( user_id=1 )  [ RunTime:0.0011s ]
SQL: SELECT * FROM `t_organization` WHERE ( organization_id=1 )  [ RunTime:0.0013s ]
SQL: SELECT * FROM `t_user` WHERE ( user_id=1 )  [ RunTime:0.0011s ]
SQL: SELECT * FROM `t_user` WHERE ( user_id=1 )  [ RunTime:0.0011s ]

[ 2015-09-18T14:31:08+08:00 ] 127.0.0.1 /YsInnoCenter/YsInnovation/index.php/Admin/Laboratory/getLaboratory
INFO: [ app_begin ] --START--
INFO: Run Behavior\ReadHtmlCacheBehavior [ RunTime:0.000399s ]
INFO: [ app_begin ] --END-- [ RunTime:0.000687s ]
SQL: select organization_id,organization_name from t_organization where organization_type='2' and isshow='0' [ RunTime:0.0011s ]

[ 2015-09-18T14:31:08+08:00 ] 127.0.0.1 /YsInnoCenter/YsInnovation/index.php/Admin/User/getTeaDutyJs
INFO: [ app_begin ] --START--
INFO: Run Behavior\ReadHtmlCacheBehavior [ RunTime:0.000438s ]
INFO: [ app_begin ] --END-- [ RunTime:0.000737s ]
SQL: select * from t_tea_duty where isshow=0 [ RunTime:0.0008s ]

[ 2015-09-18T14:31:08+08:00 ] 127.0.0.1 /YsInnoCenter/YsInnovation/index.php/Admin/User/getCollegeJs
INFO: [ app_begin ] --START--
INFO: Run Behavior\ReadHtmlCacheBehavior [ RunTime:0.000357s ]
INFO: [ app_begin ] --END-- [ RunTime:0.000650s ]
SQL: select * from t_college where isshow=0 [ RunTime:0.0009s ]

[ 2015-09-18T14:35:25+08:00 ] 127.0.0.1 /YsInnoCenter/YsInnovation/index.php/Admin/Laboratory/getLaboratory
INFO: [ app_begin ] --START--
INFO: Run Behavior\ReadHtmlCacheBehavior [ RunTime:0.000385s ]
INFO: [ app_begin ] --END-- [ RunTime:0.000701s ]
SQL: select organization_id,organization_name from t_organization where organization_type='2' and isshow='0' [ RunTime:0.0011s ]

[ 2015-09-18T14:35:25+08:00 ] 127.0.0.1 /YsInnoCenter/YsInnovation/index.php/Admin/User/getTeaDutyJs
INFO: [ app_begin ] --START--
INFO: Run Behavior\ReadHtmlCacheBehavior [ RunTime:0.000387s ]
INFO: [ app_begin ] --END-- [ RunTime:0.000659s ]
SQL: select * from t_tea_duty where isshow=0 [ RunTime:0.0010s ]

[ 2015-09-18T14:35:25+08:00 ] 127.0.0.1 /YsInnoCenter/YsInnovation/index.php/Admin/User/getCollegeJs
INFO: [ app_begin ] --START--
INFO: Run Behavior\ReadHtmlCacheBehavior [ RunTime:0.000379s ]
INFO: [ app_begin ] --END-- [ RunTime:0.000652s ]
SQL: select * from t_college where isshow=0 [ RunTime:0.0009s ]

