[ 2015-08-22T15:26:09+08:00 ] 127.0.0.1 /YsInnoCenter/YsInnovation/index.php/Admin/User/getUserDataJs
INFO: [ app_begin ] --START--
INFO: Run Behavior\ReadHtmlCacheBehavior [ RunTime:0.000474s ]
INFO: [ app_begin ] --END-- [ RunTime:0.000887s ]
SQL: select t_user_account.*,t_user.* from t_user,t_user_account where t_user.is_tea_or_stu='1' and t_user_account.user_id=t_user.user_id limit 0,10 [ RunTime:0.0012s ]
SQL: SHOW COLUMNS FROM `t_tea_duty` [ RunTime:0.0055s ]
SQL: SELECT * FROM `t_tea_duty` WHERE ( tea_duty_id=1 )  [ RunTime:0.0005s ]
SQL: SHOW COLUMNS FROM `t_organization` [ RunTime:0.0083s ]
SQL: SELECT * FROM `t_organization` WHERE ( organization_id=1 )  [ RunTime:0.0011s ]
SQL: SELECT * FROM `t_tea_duty` WHERE ( tea_duty_id=1 )  [ RunTime:0.0016s ]
SQL: SELECT * FROM `t_organization` WHERE ( organization_id=1 )  [ RunTime:0.0016s ]
SQL: SELECT * FROM `t_tea_duty` WHERE ( tea_duty_id=1 )  [ RunTime:0.0005s ]
SQL: SELECT * FROM `t_organization` WHERE ( organization_id=1 )  [ RunTime:0.0004s ]
SQL: SELECT * FROM `t_tea_duty` WHERE ( tea_duty_id=2 )  [ RunTime:0.0003s ]
SQL: SELECT * FROM `t_organization` WHERE ( organization_id=1 )  [ RunTime:0.0004s ]

[ 2015-08-22T15:26:09+08:00 ] 127.0.0.1 /YsInnoCenter/YsInnovation/index.php/Admin/User/getUserCountJs
INFO: [ app_begin ] --START--
INFO: Run Behavior\ReadHtmlCacheBehavior [ RunTime:0.000596s ]
INFO: [ app_begin ] --END-- [ RunTime:0.001002s ]
SQL: select count(*) from t_user_account,t_user where t_user_account.user_id=t_user.user_id and t_user.is_tea_or_stu=1 [ RunTime:0.0910s ]

[ 2015-08-22T15:26:11+08:00 ] 127.0.0.1 /YsInnoCenter/YsInnovation/index.php/Admin/User/getUserDataJs
INFO: [ app_begin ] --START--
INFO: Run Behavior\ReadHtmlCacheBehavior [ RunTime:0.000761s ]
INFO: [ app_begin ] --END-- [ RunTime:0.001448s ]
SQL: select t_user_account.*,t_user.* from t_user,t_user_account where t_user.is_tea_or_stu='2' and t_user_account.user_id=t_user.user_id limit 0,10 [ RunTime:0.0004s ]

[ 2015-08-22T15:26:11+08:00 ] 127.0.0.1 /YsInnoCenter/YsInnovation/index.php/Admin/User/getUserCountJs
INFO: [ app_begin ] --START--
INFO: Run Behavior\ReadHtmlCacheBehavior [ RunTime:0.000742s ]
INFO: [ app_begin ] --END-- [ RunTime:0.001709s ]
SQL: select count(*) from t_user_account,t_user where t_user_account.user_id=t_user.user_id and t_user.is_tea_or_stu=2 [ RunTime:0.0004s ]

[ 2015-08-22T15:26:22+08:00 ] 127.0.0.1 /YsInnoCenter/YsInnovation/index.php/Admin/User/getOrgJs
INFO: [ app_begin ] --START--
INFO: Run Behavior\ReadHtmlCacheBehavior [ RunTime:0.000480s ]
INFO: [ app_begin ] --END-- [ RunTime:0.000871s ]
SQL: select * from t_organization where isshow='0' and organization_type=2 [ RunTime:0.0013s ]

[ 2015-08-22T15:26:22+08:00 ] 127.0.0.1 /YsInnoCenter/YsInnovation/index.php/Admin/User/getTeaDutyJs
INFO: [ app_begin ] --START--
INFO: Run Behavior\ReadHtmlCacheBehavior [ RunTime:0.000778s ]
INFO: [ app_begin ] --END-- [ RunTime:0.001384s ]
SQL: select * from t_tea_duty where isshow=0 [ RunTime:0.0003s ]

[ 2015-08-22T15:26:22+08:00 ] 127.0.0.1 /YsInnoCenter/YsInnovation/index.php/Admin/User/getCollegeJs
INFO: [ app_begin ] --START--
INFO: Run Behavior\ReadHtmlCacheBehavior [ RunTime:0.000991s ]
INFO: [ app_begin ] --END-- [ RunTime:0.001610s ]
SQL: select * from t_college where isshow=0 [ RunTime:0.0003s ]

[ 2015-08-22T15:26:22+08:00 ] 127.0.0.1 /YsInnoCenter/YsInnovation/index.php/Admin/User/getRolesJs
INFO: [ app_begin ] --START--
INFO: Run Behavior\ReadHtmlCacheBehavior [ RunTime:0.000790s ]
INFO: [ app_begin ] --END-- [ RunTime:0.001461s ]
SQL: select * from t_role where isshow=0 [ RunTime:0.0003s ]

[ 2015-08-22T15:26:39+08:00 ] 127.0.0.1 /YsInnoCenter/YsInnovation/index.php/Admin/User/getUserDataJs
INFO: [ app_begin ] --START--
INFO: Run Behavior\ReadHtmlCacheBehavior [ RunTime:0.000623s ]
INFO: [ app_begin ] --END-- [ RunTime:0.001554s ]
SQL: select t_user_account.*,t_user.* from t_user,t_user_account where t_user.is_tea_or_stu='1' and t_user_account.user_id=t_user.user_id limit 0,10 [ RunTime:0.0010s ]
SQL: SHOW COLUMNS FROM `t_tea_duty` [ RunTime:0.0060s ]
SQL: SELECT * FROM `t_tea_duty` WHERE ( tea_duty_id=1 )  [ RunTime:0.0007s ]
SQL: SHOW COLUMNS FROM `t_organization` [ RunTime:0.0050s ]
SQL: SELECT * FROM `t_organization` WHERE ( organization_id=1 )  [ RunTime:0.0006s ]
SQL: SELECT * FROM `t_tea_duty` WHERE ( tea_duty_id=1 )  [ RunTime:0.0003s ]
SQL: SELECT * FROM `t_organization` WHERE ( organization_id=1 )  [ RunTime:0.0003s ]
SQL: SELECT * FROM `t_tea_duty` WHERE ( tea_duty_id=1 )  [ RunTime:0.0002s ]
SQL: SELECT * FROM `t_organization` WHERE ( organization_id=1 )  [ RunTime:0.0003s ]
SQL: SELECT * FROM `t_tea_duty` WHERE ( tea_duty_id=2 )  [ RunTime:0.0002s ]
SQL: SELECT * FROM `t_organization` WHERE ( organization_id=1 )  [ RunTime:0.0004s ]

[ 2015-08-22T15:26:39+08:00 ] 127.0.0.1 /YsInnoCenter/YsInnovation/index.php/Admin/User/getUserCountJs
INFO: [ app_begin ] --START--
INFO: Run Behavior\ReadHtmlCacheBehavior [ RunTime:0.000510s ]
INFO: [ app_begin ] --END-- [ RunTime:0.000911s ]
SQL: select count(*) from t_user_account,t_user where t_user_account.user_id=t_user.user_id and t_user.is_tea_or_stu=1 [ RunTime:0.0004s ]

[ 2015-08-22T15:26:41+08:00 ] 127.0.0.1 /YsInnoCenter/YsInnovation/index.php/Admin/User/getTeaDutyJs
INFO: [ app_begin ] --START--
INFO: Run Behavior\ReadHtmlCacheBehavior [ RunTime:0.000708s ]
INFO: [ app_begin ] --END-- [ RunTime:0.001284s ]
SQL: select * from t_tea_duty where isshow=0 [ RunTime:0.0007s ]

[ 2015-08-22T15:26:41+08:00 ] 127.0.0.1 /YsInnoCenter/YsInnovation/index.php/Admin/User/getOrgJs
INFO: [ app_begin ] --START--
INFO: Run Behavior\ReadHtmlCacheBehavior [ RunTime:0.000465s ]
INFO: [ app_begin ] --END-- [ RunTime:0.000856s ]
SQL: select * from t_organization where isshow='0' and organization_type=2 [ RunTime:0.0004s ]

[ 2015-08-22T15:26:41+08:00 ] 127.0.0.1 /YsInnoCenter/YsInnovation/index.php/Admin/User/getCollegeJs
INFO: [ app_begin ] --START--
INFO: Run Behavior\ReadHtmlCacheBehavior [ RunTime:0.001549s ]
INFO: [ app_begin ] --END-- [ RunTime:0.002534s ]
SQL: select * from t_college where isshow=0 [ RunTime:0.0003s ]

[ 2015-08-22T15:26:41+08:00 ] 127.0.0.1 /YsInnoCenter/YsInnovation/index.php/Admin/User/getRolesJs
INFO: [ app_begin ] --START--
INFO: Run Behavior\ReadHtmlCacheBehavior [ RunTime:0.000981s ]
INFO: [ app_begin ] --END-- [ RunTime:0.001472s ]
SQL: select * from t_role where isshow=0 [ RunTime:0.0004s ]

[ 2015-08-22T15:50:46+08:00 ] 127.0.0.1 /YsInnoCenter/YsInnovation/index.php/Admin/User/getUserDataJs
INFO: [ app_begin ] --START--
INFO: Run Behavior\ReadHtmlCacheBehavior [ RunTime:0.000489s ]
INFO: [ app_begin ] --END-- [ RunTime:0.000881s ]
SQL: select t_user_account.*,t_user.* from t_user,t_user_account where t_user.is_tea_or_stu='1' and t_user_account.user_id=t_user.user_id limit 0,10 [ RunTime:0.0008s ]
SQL: SHOW COLUMNS FROM `t_tea_duty` [ RunTime:0.0062s ]
SQL: SELECT * FROM `t_tea_duty` WHERE ( tea_duty_id=1 )  [ RunTime:0.0004s ]
SQL: SHOW COLUMNS FROM `t_organization` [ RunTime:0.0054s ]
SQL: SELECT * FROM `t_organization` WHERE ( organization_id=1 )  [ RunTime:0.0004s ]
SQL: SELECT * FROM `t_tea_duty` WHERE ( tea_duty_id=1 )  [ RunTime:0.0002s ]
SQL: SELECT * FROM `t_organization` WHERE ( organization_id=1 )  [ RunTime:0.0003s ]
SQL: SELECT * FROM `t_tea_duty` WHERE ( tea_duty_id=1 )  [ RunTime:0.0002s ]
SQL: SELECT * FROM `t_organization` WHERE ( organization_id=1 )  [ RunTime:0.0003s ]
SQL: SELECT * FROM `t_tea_duty` WHERE ( tea_duty_id=2 )  [ RunTime:0.0002s ]
SQL: SELECT * FROM `t_organization` WHERE ( organization_id=1 )  [ RunTime:0.0004s ]

[ 2015-08-22T15:50:46+08:00 ] 127.0.0.1 /YsInnoCenter/YsInnovation/index.php/Admin/User/getUserCountJs
INFO: [ app_begin ] --START--
INFO: Run Behavior\ReadHtmlCacheBehavior [ RunTime:0.000960s ]
INFO: [ app_begin ] --END-- [ RunTime:0.001521s ]
SQL: select count(*) from t_user_account,t_user where t_user_account.user_id=t_user.user_id and t_user.is_tea_or_stu=1 [ RunTime:0.0006s ]

[ 2015-08-22T15:50:48+08:00 ] 127.0.0.1 /YsInnoCenter/YsInnovation/index.php/Admin/User/getUserDataJs
INFO: [ app_begin ] --START--
INFO: Run Behavior\ReadHtmlCacheBehavior [ RunTime:0.000711s ]
INFO: [ app_begin ] --END-- [ RunTime:0.001336s ]
SQL: select t_user_account.*,t_user.* from t_user,t_user_account where t_user.is_tea_or_stu='2' and t_user_account.user_id=t_user.user_id limit 0,10 [ RunTime:0.0005s ]

[ 2015-08-22T15:50:48+08:00 ] 127.0.0.1 /YsInnoCenter/YsInnovation/index.php/Admin/User/getUserCountJs
INFO: [ app_begin ] --START--
INFO: Run Behavior\ReadHtmlCacheBehavior [ RunTime:0.001726s ]
INFO: [ app_begin ] --END-- [ RunTime:0.003044s ]
SQL: select count(*) from t_user_account,t_user where t_user_account.user_id=t_user.user_id and t_user.is_tea_or_stu=2 [ RunTime:0.0008s ]

[ 2015-08-22T15:50:48+08:00 ] 127.0.0.1 /YsInnoCenter/YsInnovation/index.php/Admin/User/getTeaDutyJs
INFO: [ app_begin ] --START--
INFO: Run Behavior\ReadHtmlCacheBehavior [ RunTime:0.000770s ]
INFO: [ app_begin ] --END-- [ RunTime:0.001402s ]
SQL: select * from t_tea_duty where isshow=0 [ RunTime:0.0006s ]

[ 2015-08-22T15:50:48+08:00 ] 127.0.0.1 /YsInnoCenter/YsInnovation/index.php/Admin/User/getOrgJs
INFO: [ app_begin ] --START--
INFO: Run Behavior\ReadHtmlCacheBehavior [ RunTime:0.000785s ]
INFO: [ app_begin ] --END-- [ RunTime:0.001366s ]
SQL: select * from t_organization where isshow='0' and organization_type=2 [ RunTime:0.0005s ]

[ 2015-08-22T15:50:48+08:00 ] 127.0.0.1 /YsInnoCenter/YsInnovation/index.php/Admin/User/getCollegeJs
INFO: [ app_begin ] --START--
INFO: Run Behavior\ReadHtmlCacheBehavior [ RunTime:0.000902s ]
INFO: [ app_begin ] --END-- [ RunTime:0.001558s ]
SQL: select * from t_college where isshow=0 [ RunTime:0.0003s ]

[ 2015-08-22T15:50:48+08:00 ] 127.0.0.1 /YsInnoCenter/YsInnovation/index.php/Admin/User/getRolesJs
INFO: [ app_begin ] --START--
INFO: Run Behavior\ReadHtmlCacheBehavior [ RunTime:0.000996s ]
INFO: [ app_begin ] --END-- [ RunTime:0.001658s ]
SQL: select * from t_role where isshow=0 [ RunTime:0.0005s ]

[ 2015-08-22T19:19:31+08:00 ] 127.0.0.1 /YsInnoCenter/YsInnovation/index.php/Admin/User/getUserDataJs
INFO: [ app_begin ] --START--
INFO: Run Behavior\ReadHtmlCacheBehavior [ RunTime:0.000582s ]
INFO: [ app_begin ] --END-- [ RunTime:0.001124s ]
SQL: select t_user_account.*,t_user.* from t_user,t_user_account where t_user.is_tea_or_stu='2' and t_user_account.user_id=t_user.user_id limit 0,10 [ RunTime:0.0431s ]

[ 2015-08-22T19:19:31+08:00 ] 127.0.0.1 /YsInnoCenter/YsInnovation/index.php/Admin/User/getUserCountJs
INFO: [ app_begin ] --START--
INFO: Run Behavior\ReadHtmlCacheBehavior [ RunTime:0.000784s ]
INFO: [ app_begin ] --END-- [ RunTime:0.001364s ]
SQL: select count(*) from t_user_account,t_user where t_user_account.user_id=t_user.user_id and t_user.is_tea_or_stu=2 [ RunTime:0.0227s ]

[ 2015-08-22T19:19:32+08:00 ] 127.0.0.1 /YsInnoCenter/YsInnovation/index.php/Admin/User/getOrgJs
INFO: [ app_begin ] --START--
INFO: Run Behavior\ReadHtmlCacheBehavior [ RunTime:0.000719s ]
INFO: [ app_begin ] --END-- [ RunTime:0.001291s ]
SQL: select * from t_organization where isshow='0' and organization_type=2 [ RunTime:0.0007s ]

[ 2015-08-22T19:19:32+08:00 ] 127.0.0.1 /YsInnoCenter/YsInnovation/index.php/Admin/User/getCollegeJs
INFO: [ app_begin ] --START--
INFO: Run Behavior\ReadHtmlCacheBehavior [ RunTime:0.000696s ]
INFO: [ app_begin ] --END-- [ RunTime:0.001383s ]
SQL: select * from t_college where isshow=0 [ RunTime:0.0203s ]

[ 2015-08-22T19:19:33+08:00 ] 127.0.0.1 /YsInnoCenter/YsInnovation/index.php/Admin/User/getRolesJs
INFO: [ app_begin ] --START--
INFO: Run Behavior\ReadHtmlCacheBehavior [ RunTime:0.000616s ]
INFO: [ app_begin ] --END-- [ RunTime:0.001129s ]
SQL: select * from t_role where isshow=0 [ RunTime:0.0011s ]

[ 2015-08-22T19:19:33+08:00 ] 127.0.0.1 /YsInnoCenter/YsInnovation/index.php/Admin/User/getTeaDutyJs
INFO: [ app_begin ] --START--
INFO: Run Behavior\ReadHtmlCacheBehavior [ RunTime:0.000617s ]
INFO: [ app_begin ] --END-- [ RunTime:0.001038s ]
SQL: select * from t_tea_duty where isshow=0 [ RunTime:0.0005s ]

[ 2015-08-22T19:32:30+08:00 ] 127.0.0.1 /YsInnoCenter/YsInnovation/index.php/Admin/User/getUserCountJs
INFO: [ app_begin ] --START--
INFO: Run Behavior\ReadHtmlCacheBehavior [ RunTime:0.000711s ]
INFO: [ app_begin ] --END-- [ RunTime:0.001556s ]
SQL: select count(*) from t_user_account,t_user where t_user_account.user_id=t_user.user_id and t_user.is_tea_or_stu=2 [ RunTime:0.0004s ]

[ 2015-08-22T19:32:30+08:00 ] 127.0.0.1 /YsInnoCenter/YsInnovation/index.php/Admin/User/getUserDataJs
INFO: [ app_begin ] --START--
INFO: Run Behavior\ReadHtmlCacheBehavior [ RunTime:0.000731s ]
INFO: [ app_begin ] --END-- [ RunTime:0.001292s ]
SQL: select t_user_account.*,t_user.* from t_user,t_user_account where t_user.is_tea_or_stu='2' and t_user_account.user_id=t_user.user_id limit 0,10 [ RunTime:0.0012s ]

[ 2015-08-22T19:32:31+08:00 ] 127.0.0.1 /YsInnoCenter/YsInnovation/index.php/Admin/User/getOrgJs
INFO: [ app_begin ] --START--
INFO: Run Behavior\ReadHtmlCacheBehavior [ RunTime:0.000485s ]
INFO: [ app_begin ] --END-- [ RunTime:0.000883s ]
SQL: select * from t_organization where isshow='0' and organization_type=2 [ RunTime:0.0007s ]

[ 2015-08-22T19:32:31+08:00 ] 127.0.0.1 /YsInnoCenter/YsInnovation/index.php/Admin/User/getTeaDutyJs
INFO: [ app_begin ] --START--
INFO: Run Behavior\ReadHtmlCacheBehavior [ RunTime:0.000831s ]
INFO: [ app_begin ] --END-- [ RunTime:0.001435s ]
SQL: select * from t_tea_duty where isshow=0 [ RunTime:0.0006s ]

[ 2015-08-22T19:32:31+08:00 ] 127.0.0.1 /YsInnoCenter/YsInnovation/index.php/Admin/User/getCollegeJs
INFO: [ app_begin ] --START--
INFO: Run Behavior\ReadHtmlCacheBehavior [ RunTime:0.000614s ]
INFO: [ app_begin ] --END-- [ RunTime:0.001114s ]
SQL: select * from t_college where isshow=0 [ RunTime:0.0007s ]

[ 2015-08-22T19:32:31+08:00 ] 127.0.0.1 /YsInnoCenter/YsInnovation/index.php/Admin/User/getRolesJs
INFO: [ app_begin ] --START--
INFO: Run Behavior\ReadHtmlCacheBehavior [ RunTime:0.000577s ]
INFO: [ app_begin ] --END-- [ RunTime:0.001031s ]
SQL: select * from t_role where isshow=0 [ RunTime:0.0008s ]

[ 2015-08-22T19:34:21+08:00 ] 127.0.0.1 /YsInnoCenter/YsInnovation/index.php/Admin/Laboratory/getInnoNumByOrgJs
INFO: [ app_begin ] --START--
INFO: Run Behavior\ReadHtmlCacheBehavior [ RunTime:0.000646s ]
INFO: [ app_begin ] --END-- [ RunTime:0.001096s ]
SQL: select organization_inno_num from t_organization where organization_id=1 [ RunTime:0.0004s ]

[ 2015-08-22T19:34:22+08:00 ] 127.0.0.1 /YsInnoCenter/YsInnovation/index.php/Admin/Laboratory/getInnoNumByOrgJs
INFO: [ app_begin ] --START--
INFO: Run Behavior\ReadHtmlCacheBehavior [ RunTime:0.000594s ]
INFO: [ app_begin ] --END-- [ RunTime:0.001092s ]
SQL: select organization_inno_num from t_organization where organization_id=2 [ RunTime:0.0003s ]

[ 2015-08-22T19:34:23+08:00 ] 127.0.0.1 /YsInnoCenter/YsInnovation/index.php/Admin/Laboratory/getInnoNumByOrgJs
INFO: [ app_begin ] --START--
INFO: Run Behavior\ReadHtmlCacheBehavior [ RunTime:0.000474s ]
INFO: [ app_begin ] --END-- [ RunTime:0.000892s ]
SQL: select organization_inno_num from t_organization where organization_id=2 [ RunTime:0.0005s ]

[ 2015-08-22T19:34:23+08:00 ] 127.0.0.1 /YsInnoCenter/YsInnovation/index.php/Admin/Laboratory/getInnoNumByOrgJs
INFO: [ app_begin ] --START--
INFO: Run Behavior\ReadHtmlCacheBehavior [ RunTime:0.000705s ]
INFO: [ app_begin ] --END-- [ RunTime:0.001186s ]
SQL: select organization_inno_num from t_organization where organization_id=1 [ RunTime:0.0008s ]

[ 2015-08-22T19:36:37+08:00 ] 127.0.0.1 /YsInnoCenter/YsInnovation/index.php/Admin/User/getUserDataJs
INFO: [ app_begin ] --START--
INFO: Run Behavior\ReadHtmlCacheBehavior [ RunTime:0.000780s ]
INFO: [ app_begin ] --END-- [ RunTime:0.001590s ]
SQL: select t_user_account.*,t_user.* from t_user,t_user_account where t_user.is_tea_or_stu='1' and t_user_account.user_id=t_user.user_id limit 0,10 [ RunTime:0.0008s ]
SQL: SHOW COLUMNS FROM `t_tea_duty` [ RunTime:0.0060s ]
SQL: SELECT * FROM `t_tea_duty` WHERE ( tea_duty_id=1 )  [ RunTime:0.0004s ]
SQL: SHOW COLUMNS FROM `t_organization` [ RunTime:0.0052s ]
SQL: SELECT * FROM `t_organization` WHERE ( organization_id=1 )  [ RunTime:0.0008s ]
SQL: SELECT * FROM `t_tea_duty` WHERE ( tea_duty_id=1 )  [ RunTime:0.0003s ]
SQL: SELECT * FROM `t_organization` WHERE ( organization_id=1 )  [ RunTime:0.0002s ]
SQL: SELECT * FROM `t_tea_duty` WHERE ( tea_duty_id=1 )  [ RunTime:0.0002s ]
SQL: SELECT * FROM `t_organization` WHERE ( organization_id=1 )  [ RunTime:0.0002s ]
SQL: SELECT * FROM `t_tea_duty` WHERE ( tea_duty_id=2 )  [ RunTime:0.0002s ]
SQL: SELECT * FROM `t_organization` WHERE ( organization_id=1 )  [ RunTime:0.0003s ]

[ 2015-08-22T19:36:37+08:00 ] 127.0.0.1 /YsInnoCenter/YsInnovation/index.php/Admin/User/getUserCountJs
INFO: [ app_begin ] --START--
INFO: Run Behavior\ReadHtmlCacheBehavior [ RunTime:0.001128s ]
INFO: [ app_begin ] --END-- [ RunTime:0.001930s ]
SQL: select count(*) from t_user_account,t_user where t_user_account.user_id=t_user.user_id and t_user.is_tea_or_stu=1 [ RunTime:0.0012s ]

[ 2015-08-22T19:36:38+08:00 ] 127.0.0.1 /YsInnoCenter/YsInnovation/index.php/Admin/User/getUserDataJs
INFO: [ app_begin ] --START--
INFO: Run Behavior\ReadHtmlCacheBehavior [ RunTime:0.000852s ]
INFO: [ app_begin ] --END-- [ RunTime:0.001641s ]
SQL: select t_user_account.*,t_user.* from t_user,t_user_account where t_user.is_tea_or_stu='2' and t_user_account.user_id=t_user.user_id limit 0,10 [ RunTime:0.0006s ]

[ 2015-08-22T19:36:38+08:00 ] 127.0.0.1 /YsInnoCenter/YsInnovation/index.php/Admin/User/getUserCountJs
INFO: [ app_begin ] --START--
INFO: Run Behavior\ReadHtmlCacheBehavior [ RunTime:0.001274s ]
INFO: [ app_begin ] --END-- [ RunTime:0.002684s ]
SQL: select count(*) from t_user_account,t_user where t_user_account.user_id=t_user.user_id and t_user.is_tea_or_stu=2 [ RunTime:0.0012s ]

[ 2015-08-22T19:36:39+08:00 ] 127.0.0.1 /YsInnoCenter/YsInnovation/index.php/Admin/User/getTeaDutyJs
INFO: [ app_begin ] --START--
INFO: Run Behavior\ReadHtmlCacheBehavior [ RunTime:0.000713s ]
INFO: [ app_begin ] --END-- [ RunTime:0.001287s ]
SQL: select * from t_tea_duty where isshow=0 [ RunTime:0.0005s ]

[ 2015-08-22T19:36:39+08:00 ] 127.0.0.1 /YsInnoCenter/YsInnovation/index.php/Admin/User/getOrgJs
INFO: [ app_begin ] --START--
INFO: Run Behavior\ReadHtmlCacheBehavior [ RunTime:0.000516s ]
INFO: [ app_begin ] --END-- [ RunTime:0.000920s ]
SQL: select * from t_organization where isshow='0' and organization_type=2 [ RunTime:0.0006s ]

[ 2015-08-22T19:36:39+08:00 ] 127.0.0.1 /YsInnoCenter/YsInnovation/index.php/Admin/User/getCollegeJs
INFO: [ app_begin ] --START--
INFO: Run Behavior\ReadHtmlCacheBehavior [ RunTime:0.000760s ]
INFO: [ app_begin ] --END-- [ RunTime:0.001488s ]
SQL: select * from t_college where isshow=0 [ RunTime:0.0006s ]

[ 2015-08-22T19:36:39+08:00 ] 127.0.0.1 /YsInnoCenter/YsInnovation/index.php/Admin/User/getRolesJs
INFO: [ app_begin ] --START--
INFO: Run Behavior\ReadHtmlCacheBehavior [ RunTime:0.000794s ]
INFO: [ app_begin ] --END-- [ RunTime:0.001542s ]
SQL: select * from t_role where isshow=0 [ RunTime:0.0006s ]

[ 2015-08-22T19:37:22+08:00 ] 127.0.0.1 /YsInnoCenter/YsInnovation/index.php/Admin/User/getUserDataJs
INFO: [ app_begin ] --START--
INFO: Run Behavior\ReadHtmlCacheBehavior [ RunTime:0.000770s ]
INFO: [ app_begin ] --END-- [ RunTime:0.001458s ]
SQL: select t_user_account.*,t_user.* from t_user,t_user_account where t_user.is_tea_or_stu='2' and t_user_account.user_id=t_user.user_id limit 0,10 [ RunTime:0.0003s ]

[ 2015-08-22T19:37:22+08:00 ] 127.0.0.1 /YsInnoCenter/YsInnovation/index.php/Admin/User/getUserCountJs
INFO: [ app_begin ] --START--
INFO: Run Behavior\ReadHtmlCacheBehavior [ RunTime:0.002263s ]
INFO: [ app_begin ] --END-- [ RunTime:0.003725s ]
SQL: select count(*) from t_user_account,t_user where t_user_account.user_id=t_user.user_id and t_user.is_tea_or_stu=2 [ RunTime:0.0020s ]

[ 2015-08-22T19:37:23+08:00 ] 127.0.0.1 /YsInnoCenter/YsInnovation/index.php/Admin/User/getTeaDutyJs
INFO: [ app_begin ] --START--
INFO: Run Behavior\ReadHtmlCacheBehavior [ RunTime:0.000729s ]
INFO: [ app_begin ] --END-- [ RunTime:0.001354s ]
SQL: select * from t_tea_duty where isshow=0 [ RunTime:0.0006s ]

[ 2015-08-22T19:37:23+08:00 ] 127.0.0.1 /YsInnoCenter/YsInnovation/index.php/Admin/User/getOrgJs
INFO: [ app_begin ] --START--
INFO: Run Behavior\ReadHtmlCacheBehavior [ RunTime:0.002440s ]
INFO: [ app_begin ] --END-- [ RunTime:0.003100s ]
SQL: select * from t_organization where isshow='0' and organization_type=2 [ RunTime:0.0005s ]

[ 2015-08-22T19:37:23+08:00 ] 127.0.0.1 /YsInnoCenter/YsInnovation/index.php/Admin/User/getCollegeJs
INFO: [ app_begin ] --START--
INFO: Run Behavior\ReadHtmlCacheBehavior [ RunTime:0.000873s ]
INFO: [ app_begin ] --END-- [ RunTime:0.001447s ]
SQL: select * from t_college where isshow=0 [ RunTime:0.0003s ]

[ 2015-08-22T19:37:23+08:00 ] 127.0.0.1 /YsInnoCenter/YsInnovation/index.php/Admin/User/getRolesJs
INFO: [ app_begin ] --START--
INFO: Run Behavior\ReadHtmlCacheBehavior [ RunTime:0.000834s ]
INFO: [ app_begin ] --END-- [ RunTime:0.001546s ]
SQL: select * from t_role where isshow=0 [ RunTime:0.0003s ]

[ 2015-08-22T19:39:02+08:00 ] 127.0.0.1 /YsInnoCenter/YsInnovation/index.php/Admin/User/getUserDataJs
INFO: [ app_begin ] --START--
INFO: Run Behavior\ReadHtmlCacheBehavior [ RunTime:0.000655s ]
INFO: [ app_begin ] --END-- [ RunTime:0.001119s ]
SQL: select t_user_account.*,t_user.* from t_user,t_user_account where t_user.is_tea_or_stu='2' and t_user_account.user_id=t_user.user_id limit 0,10 [ RunTime:0.0005s ]

[ 2015-08-22T19:39:02+08:00 ] 127.0.0.1 /YsInnoCenter/YsInnovation/index.php/Admin/User/getUserCountJs
INFO: [ app_begin ] --START--
INFO: Run Behavior\ReadHtmlCacheBehavior [ RunTime:0.000927s ]
INFO: [ app_begin ] --END-- [ RunTime:0.001896s ]
SQL: select count(*) from t_user_account,t_user where t_user_account.user_id=t_user.user_id and t_user.is_tea_or_stu=2 [ RunTime:0.0004s ]

[ 2015-08-22T19:39:06+08:00 ] 127.0.0.1 /YsInnoCenter/YsInnovation/index.php/Admin/User/getUserCountJs
INFO: [ app_begin ] --START--
INFO: Run Behavior\ReadHtmlCacheBehavior [ RunTime:0.000660s ]
INFO: [ app_begin ] --END-- [ RunTime:0.001182s ]
SQL: select count(*) from t_user_account,t_user where t_user_account.user_id=t_user.user_id and t_user.is_tea_or_stu=1 [ RunTime:0.0003s ]

[ 2015-08-22T19:39:06+08:00 ] 127.0.0.1 /YsInnoCenter/YsInnovation/index.php/Admin/User/getUserDataJs
INFO: [ app_begin ] --START--
INFO: Run Behavior\ReadHtmlCacheBehavior [ RunTime:0.000576s ]
INFO: [ app_begin ] --END-- [ RunTime:0.001096s ]
SQL: select t_user_account.*,t_user.* from t_user,t_user_account where t_user.is_tea_or_stu='1' and t_user_account.user_id=t_user.user_id limit 0,10 [ RunTime:0.0006s ]
SQL: SHOW COLUMNS FROM `t_tea_duty` [ RunTime:0.0061s ]
SQL: SELECT * FROM `t_tea_duty` WHERE ( tea_duty_id=1 )  [ RunTime:0.0004s ]
SQL: SHOW COLUMNS FROM `t_organization` [ RunTime:0.0079s ]
SQL: SELECT * FROM `t_organization` WHERE ( organization_id=1 )  [ RunTime:0.0005s ]
SQL: SELECT * FROM `t_tea_duty` WHERE ( tea_duty_id=1 )  [ RunTime:0.0003s ]
SQL: SELECT * FROM `t_organization` WHERE ( organization_id=1 )  [ RunTime:0.0004s ]
SQL: SELECT * FROM `t_tea_duty` WHERE ( tea_duty_id=1 )  [ RunTime:0.0003s ]
SQL: SELECT * FROM `t_organization` WHERE ( organization_id=1 )  [ RunTime:0.0003s ]
SQL: SELECT * FROM `t_tea_duty` WHERE ( tea_duty_id=2 )  [ RunTime:0.0003s ]
SQL: SELECT * FROM `t_organization` WHERE ( organization_id=1 )  [ RunTime:0.0003s ]

[ 2015-08-22T19:39:19+08:00 ] 127.0.0.1 /YsInnoCenter/YsInnovation/index.php/Admin/Course/getCourseCount
INFO: [ app_begin ] --START--
INFO: Run Behavior\ReadHtmlCacheBehavior [ RunTime:0.000730s ]
INFO: [ app_begin ] --END-- [ RunTime:0.001402s ]
SQL: select count(*) from t_course where isshow='0' and status_id='2' [ RunTime:0.0006s ]

[ 2015-08-22T19:39:19+08:00 ] 127.0.0.1 /YsInnoCenter/YsInnovation/index.php/Admin/Course/getCourseListData
INFO: [ app_begin ] --START--
INFO: Run Behavior\ReadHtmlCacheBehavior [ RunTime:0.000471s ]
INFO: [ app_begin ] --END-- [ RunTime:0.000870s ]
SQL: select * from t_course where status_id='2' and isshow=0 limit 0,10 [ RunTime:0.0008s ]
SQL: SHOW COLUMNS FROM `t_organization` [ RunTime:0.0064s ]
SQL: SELECT * FROM `t_organization` WHERE ( organization_id=2 )  [ RunTime:0.0009s ]
SQL: SHOW COLUMNS FROM `t_user` [ RunTime:0.0069s ]
SQL: SELECT * FROM `t_user` WHERE ( user_id=1 )  [ RunTime:0.0007s ]
SQL: SELECT * FROM `t_user` WHERE ( user_id=1 )  [ RunTime:0.0009s ]

[ 2015-08-22T19:39:21+08:00 ] 127.0.0.1 /YsInnoCenter/YsInnovation/index.php/Admin/Course/getCourseListData
INFO: [ app_begin ] --START--
INFO: Run Behavior\ReadHtmlCacheBehavior [ RunTime:0.000472s ]
INFO: [ app_begin ] --END-- [ RunTime:0.000868s ]
SQL: select * from t_course where status_id='1' and isshow=0 limit 0,10 [ RunTime:0.0008s ]
SQL: SHOW COLUMNS FROM `t_organization` [ RunTime:0.0055s ]
SQL: SELECT * FROM `t_organization` WHERE ( organization_id=1 )  [ RunTime:0.0015s ]
SQL: SHOW COLUMNS FROM `t_user` [ RunTime:0.0060s ]
SQL: SELECT * FROM `t_user` WHERE ( user_id=2 )  [ RunTime:0.0006s ]
SQL: SELECT * FROM `t_user` WHERE ( user_id=1 )  [ RunTime:0.0005s ]
SQL: SELECT * FROM `t_organization` WHERE ( organization_id=1 )  [ RunTime:0.0004s ]
SQL: SELECT * FROM `t_user` WHERE ( user_id=1 )  [ RunTime:0.0004s ]
SQL: SELECT * FROM `t_user` WHERE ( user_id=1 )  [ RunTime:0.0004s ]
SQL: SELECT * FROM `t_organization` WHERE ( organization_id=1 )  [ RunTime:0.0004s ]
SQL: SELECT * FROM `t_user` WHERE ( user_id=1 )  [ RunTime:0.0005s ]
SQL: SELECT * FROM `t_user` WHERE ( user_id=1 )  [ RunTime:0.0005s ]
SQL: SELECT * FROM `t_organization` WHERE ( organization_id=1 )  [ RunTime:0.0005s ]
SQL: SELECT * FROM `t_user` WHERE ( user_id=1 )  [ RunTime:0.0004s ]
SQL: SELECT * FROM `t_user` WHERE ( user_id=1 )  [ RunTime:0.0004s ]
SQL: SELECT * FROM `t_organization` WHERE ( organization_id=1 )  [ RunTime:0.0004s ]
SQL: SELECT * FROM `t_user` WHERE ( user_id=1 )  [ RunTime:0.0003s ]
SQL: SELECT * FROM `t_user` WHERE ( user_id=1 )  [ RunTime:0.0004s ]
SQL: SELECT * FROM `t_organization` WHERE ( organization_id=1 )  [ RunTime:0.0005s ]
SQL: SELECT * FROM `t_user` WHERE ( user_id=1 )  [ RunTime:0.0004s ]
SQL: SELECT * FROM `t_user` WHERE ( user_id=1 )  [ RunTime:0.0004s ]

[ 2015-08-22T19:39:21+08:00 ] 127.0.0.1 /YsInnoCenter/YsInnovation/index.php/Admin/Course/getCourseCount
INFO: [ app_begin ] --START--
INFO: Run Behavior\ReadHtmlCacheBehavior [ RunTime:0.000816s ]
INFO: [ app_begin ] --END-- [ RunTime:0.001421s ]
SQL: select count(*) from t_course where isshow='0' and status_id='1' [ RunTime:0.0003s ]

[ 2015-08-22T19:39:34+08:00 ] 127.0.0.1 /YsInnoCenter/YsInnovation/index.php/Admin/User/getUserCountJs
INFO: [ app_begin ] --START--
INFO: Run Behavior\ReadHtmlCacheBehavior [ RunTime:0.001011s ]
INFO: [ app_begin ] --END-- [ RunTime:0.001801s ]
SQL: select count(*) from t_user_account,t_user where t_user_account.user_id=t_user.user_id and t_user.is_tea_or_stu=2 [ RunTime:0.0007s ]

[ 2015-08-22T19:39:34+08:00 ] 127.0.0.1 /YsInnoCenter/YsInnovation/index.php/Admin/User/getUserDataJs
INFO: [ app_begin ] --START--
INFO: Run Behavior\ReadHtmlCacheBehavior [ RunTime:0.000922s ]
INFO: [ app_begin ] --END-- [ RunTime:0.001547s ]
SQL: select t_user_account.*,t_user.* from t_user,t_user_account where t_user.is_tea_or_stu='2' and t_user_account.user_id=t_user.user_id limit 0,10 [ RunTime:0.0004s ]

[ 2015-08-22T19:39:35+08:00 ] 127.0.0.1 /YsInnoCenter/YsInnovation/index.php/Admin/User/getOrgJs
INFO: [ app_begin ] --START--
INFO: Run Behavior\ReadHtmlCacheBehavior [ RunTime:0.000835s ]
INFO: [ app_begin ] --END-- [ RunTime:0.001298s ]
SQL: select * from t_organization where isshow='0' and organization_type=2 [ RunTime:0.0005s ]

[ 2015-08-22T19:39:35+08:00 ] 127.0.0.1 /YsInnoCenter/YsInnovation/index.php/Admin/User/getCollegeJs
INFO: [ app_begin ] --START--
INFO: Run Behavior\ReadHtmlCacheBehavior [ RunTime:0.000473s ]
INFO: [ app_begin ] --END-- [ RunTime:0.000847s ]
SQL: select * from t_college where isshow=0 [ RunTime:0.0003s ]

[ 2015-08-22T19:39:35+08:00 ] 127.0.0.1 /YsInnoCenter/YsInnovation/index.php/Admin/User/getTeaDutyJs
INFO: [ app_begin ] --START--
INFO: Run Behavior\ReadHtmlCacheBehavior [ RunTime:0.000759s ]
INFO: [ app_begin ] --END-- [ RunTime:0.001278s ]
SQL: select * from t_tea_duty where isshow=0 [ RunTime:0.0003s ]

[ 2015-08-22T19:39:35+08:00 ] 127.0.0.1 /YsInnoCenter/YsInnovation/index.php/Admin/User/getRolesJs
INFO: [ app_begin ] --START--
INFO: Run Behavior\ReadHtmlCacheBehavior [ RunTime:0.000839s ]
INFO: [ app_begin ] --END-- [ RunTime:0.001550s ]
SQL: select * from t_role where isshow=0 [ RunTime:0.0003s ]

[ 2015-08-22T19:40:11+08:00 ] 127.0.0.1 /YsInnoCenter/YsInnovation/index.php/Admin/User/saveStuBySuperAdmin
INFO: [ app_begin ] --START--
INFO: Run Behavior\ReadHtmlCacheBehavior [ RunTime:0.000503s ]
INFO: [ app_begin ] --END-- [ RunTime:0.001000s ]
NOTIC: [8] Undefined index: duty E:\wamp\wamp\www\YsInnoCenter\YsInnovation\Admin\Controller\UserController.class.php 第 142 行.
NOTIC: [8] Undefined index: weiXin E:\wamp\wamp\www\YsInnoCenter\YsInnovation\Admin\Controller\UserController.class.php 第 146 行.
NOTIC: [8] Undefined variable: stuNum E:\wamp\wamp\www\YsInnoCenter\YsInnovation\Admin\Controller\UserController.class.php 第 152 行.
ERR: SQLSTATE[42000]: Syntax error or access violation: 1064 You have an error in your SQL syntax; check the manual that corresponds to your MySQL server version for the right syntax to use near '' at line 1

[ 2015-08-22T19:41:49+08:00 ] 127.0.0.1 /YsInnoCenter/YsInnovation/index.php/Admin/User/getUserDataJs
INFO: [ app_begin ] --START--
INFO: Run Behavior\ReadHtmlCacheBehavior [ RunTime:0.000708s ]
INFO: [ app_begin ] --END-- [ RunTime:0.001286s ]
SQL: select t_user_account.*,t_user.* from t_user,t_user_account where t_user.is_tea_or_stu='2' and t_user_account.user_id=t_user.user_id limit 0,10 [ RunTime:0.0004s ]

[ 2015-08-22T19:41:49+08:00 ] 127.0.0.1 /YsInnoCenter/YsInnovation/index.php/Admin/User/getUserCountJs
INFO: [ app_begin ] --START--
INFO: Run Behavior\ReadHtmlCacheBehavior [ RunTime:0.000909s ]
INFO: [ app_begin ] --END-- [ RunTime:0.001522s ]
SQL: select count(*) from t_user_account,t_user where t_user_account.user_id=t_user.user_id and t_user.is_tea_or_stu=2 [ RunTime:0.0004s ]

[ 2015-08-22T19:41:51+08:00 ] 127.0.0.1 /YsInnoCenter/YsInnovation/index.php/Admin/User/getTeaDutyJs
INFO: [ app_begin ] --START--
INFO: Run Behavior\ReadHtmlCacheBehavior [ RunTime:0.000689s ]
INFO: [ app_begin ] --END-- [ RunTime:0.001248s ]
SQL: select * from t_tea_duty where isshow=0 [ RunTime:0.0009s ]

[ 2015-08-22T19:41:51+08:00 ] 127.0.0.1 /YsInnoCenter/YsInnovation/index.php/Admin/User/getCollegeJs
INFO: [ app_begin ] --START--
INFO: Run Behavior\ReadHtmlCacheBehavior [ RunTime:0.000927s ]
INFO: [ app_begin ] --END-- [ RunTime:0.001624s ]
SQL: select * from t_college where isshow=0 [ RunTime:0.0006s ]

[ 2015-08-22T19:41:51+08:00 ] 127.0.0.1 /YsInnoCenter/YsInnovation/index.php/Admin/User/getRolesJs
INFO: [ app_begin ] --START--
INFO: Run Behavior\ReadHtmlCacheBehavior [ RunTime:0.000883s ]
INFO: [ app_begin ] --END-- [ RunTime:0.001464s ]
SQL: select * from t_role where isshow=0 [ RunTime:0.0005s ]

[ 2015-08-22T19:41:51+08:00 ] 127.0.0.1 /YsInnoCenter/YsInnovation/index.php/Admin/User/getOrgJs
INFO: [ app_begin ] --START--
INFO: Run Behavior\ReadHtmlCacheBehavior [ RunTime:0.000601s ]
INFO: [ app_begin ] --END-- [ RunTime:0.001064s ]
SQL: select * from t_organization where isshow='0' and organization_type=2 [ RunTime:0.0004s ]

[ 2015-08-22T19:42:22+08:00 ] 127.0.0.1 /YsInnoCenter/YsInnovation/index.php/Admin/User/saveStuBySuperAdmin
INFO: [ app_begin ] --START--
INFO: Run Behavior\ReadHtmlCacheBehavior [ RunTime:0.007217s ]
INFO: [ app_begin ] --END-- [ RunTime:0.007860s ]
NOTIC: [8] Undefined index: duty E:\wamp\wamp\www\YsInnoCenter\YsInnovation\Admin\Controller\UserController.class.php 第 142 行.
NOTIC: [8] Undefined index: weiXin E:\wamp\wamp\www\YsInnoCenter\YsInnovation\Admin\Controller\UserController.class.php 第 146 行.
NOTIC: [8] Undefined variable: stuNum E:\wamp\wamp\www\YsInnoCenter\YsInnovation\Admin\Controller\UserController.class.php 第 152 行.
ERR: SQLSTATE[42000]: Syntax error or access violation: 1064 You have an error in your SQL syntax; check the manual that corresponds to your MySQL server version for the right syntax to use near '' at line 1

[ 2015-08-22T19:44:44+08:00 ] 127.0.0.1 /YsInnoCenter/YsInnovation/index.php/Admin/User/getUserDataJs
INFO: [ app_begin ] --START--
INFO: Run Behavior\ReadHtmlCacheBehavior [ RunTime:0.003240s ]
INFO: [ app_begin ] --END-- [ RunTime:0.004019s ]
SQL: select t_user_account.*,t_user.* from t_user,t_user_account where t_user.is_tea_or_stu='1' and t_user_account.user_id=t_user.user_id limit 0,10 [ RunTime:0.0011s ]
SQL: SHOW COLUMNS FROM `t_tea_duty` [ RunTime:0.0064s ]
SQL: SELECT * FROM `t_tea_duty` WHERE ( tea_duty_id=1 )  [ RunTime:0.0005s ]
SQL: SHOW COLUMNS FROM `t_organization` [ RunTime:0.0056s ]
SQL: SELECT * FROM `t_organization` WHERE ( organization_id=1 )  [ RunTime:0.0017s ]
SQL: SELECT * FROM `t_tea_duty` WHERE ( tea_duty_id=1 )  [ RunTime:0.0004s ]
SQL: SELECT * FROM `t_organization` WHERE ( organization_id=1 )  [ RunTime:0.0004s ]
SQL: SELECT * FROM `t_tea_duty` WHERE ( tea_duty_id=1 )  [ RunTime:0.0003s ]
SQL: SELECT * FROM `t_organization` WHERE ( organization_id=1 )  [ RunTime:0.0003s ]
SQL: SELECT * FROM `t_tea_duty` WHERE ( tea_duty_id=2 )  [ RunTime:0.0003s ]
SQL: SELECT * FROM `t_organization` WHERE ( organization_id=1 )  [ RunTime:0.0004s ]

[ 2015-08-22T19:44:44+08:00 ] 127.0.0.1 /YsInnoCenter/YsInnovation/index.php/Admin/User/getUserCountJs
INFO: [ app_begin ] --START--
INFO: Run Behavior\ReadHtmlCacheBehavior [ RunTime:0.001223s ]
INFO: [ app_begin ] --END-- [ RunTime:0.002267s ]
SQL: select count(*) from t_user_account,t_user where t_user_account.user_id=t_user.user_id and t_user.is_tea_or_stu=1 [ RunTime:0.0006s ]

[ 2015-08-22T19:44:46+08:00 ] 127.0.0.1 /YsInnoCenter/YsInnovation/index.php/Admin/User/getTeaDutyJs
INFO: [ app_begin ] --START--
INFO: Run Behavior\ReadHtmlCacheBehavior [ RunTime:0.000757s ]
INFO: [ app_begin ] --END-- [ RunTime:0.001368s ]
SQL: select * from t_tea_duty where isshow=0 [ RunTime:0.0009s ]

[ 2015-08-22T19:44:46+08:00 ] 127.0.0.1 /YsInnoCenter/YsInnovation/index.php/Admin/User/getOrgJs
INFO: [ app_begin ] --START--
INFO: Run Behavior\ReadHtmlCacheBehavior [ RunTime:0.000700s ]
INFO: [ app_begin ] --END-- [ RunTime:0.001306s ]
SQL: select * from t_organization where isshow='0' and organization_type=2 [ RunTime:0.0006s ]

[ 2015-08-22T19:44:46+08:00 ] 127.0.0.1 /YsInnoCenter/YsInnovation/index.php/Admin/User/getCollegeJs
INFO: [ app_begin ] --START--
INFO: Run Behavior\ReadHtmlCacheBehavior [ RunTime:0.001032s ]
INFO: [ app_begin ] --END-- [ RunTime:0.003175s ]
SQL: select * from t_college where isshow=0 [ RunTime:0.0004s ]

[ 2015-08-22T19:44:46+08:00 ] 127.0.0.1 /YsInnoCenter/YsInnovation/index.php/Admin/User/getRolesJs
INFO: [ app_begin ] --START--
INFO: Run Behavior\ReadHtmlCacheBehavior [ RunTime:0.001112s ]
INFO: [ app_begin ] --END-- [ RunTime:0.001696s ]
SQL: select * from t_role where isshow=0 [ RunTime:0.0004s ]

[ 2015-08-22T19:45:14+08:00 ] 127.0.0.1 /YsInnoCenter/YsInnovation/index.php/Admin/User/saveTeaBySuperAdmin
INFO: [ app_begin ] --START--
INFO: Run Behavior\ReadHtmlCacheBehavior [ RunTime:0.000502s ]
INFO: [ app_begin ] --END-- [ RunTime:0.000918s ]
SQL: select * from t_user where user_num=3288 [ RunTime:0.0006s ]
NOTIC: [2] Missing argument 11 for Admin\Controller\UserController::saveUser(), called in E:\wamp\wamp\www\YsInnoCenter\YsInnovation\Admin\Controller\UserController.class.php on line 120 and defined E:\wamp\wamp\www\YsInnoCenter\YsInnovation\Admin\Controller\UserController.class.php 第 182 行.
NOTIC: [8] Undefined variable: innovation_num E:\wamp\wamp\www\YsInnoCenter\YsInnovation\Admin\Controller\UserController.class.php 第 193 行.
SQL: SHOW COLUMNS FROM `t_user` [ RunTime:0.1882s ]
ERR: SQLSTATE[23000]: Integrity constraint violation: 1048 Column 'innovation_num' cannot be null

[ 2015-08-22T19:45:17+08:00 ] 127.0.0.1 /YsInnoCenter/YsInnovation/index.php/Admin/User/saveTeaBySuperAdmin
INFO: [ app_begin ] --START--
INFO: Run Behavior\ReadHtmlCacheBehavior [ RunTime:0.000502s ]
INFO: [ app_begin ] --END-- [ RunTime:0.001012s ]
SQL: select * from t_user where user_num=3288 [ RunTime:0.0006s ]
NOTIC: [2] Missing argument 11 for Admin\Controller\UserController::saveUser(), called in E:\wamp\wamp\www\YsInnoCenter\YsInnovation\Admin\Controller\UserController.class.php on line 120 and defined E:\wamp\wamp\www\YsInnoCenter\YsInnovation\Admin\Controller\UserController.class.php 第 182 行.
NOTIC: [8] Undefined variable: innovation_num E:\wamp\wamp\www\YsInnoCenter\YsInnovation\Admin\Controller\UserController.class.php 第 193 行.
SQL: SHOW COLUMNS FROM `t_user` [ RunTime:0.0060s ]
ERR: SQLSTATE[23000]: Integrity constraint violation: 1048 Column 'innovation_num' cannot be null

[ 2015-08-22T19:45:17+08:00 ] 127.0.0.1 /YsInnoCenter/YsInnovation/index.php/Admin/User/saveTeaBySuperAdmin
INFO: [ app_begin ] --START--
INFO: Run Behavior\ReadHtmlCacheBehavior [ RunTime:0.000456s ]
INFO: [ app_begin ] --END-- [ RunTime:0.000803s ]
SQL: select * from t_user where user_num=3288 [ RunTime:0.0009s ]
NOTIC: [2] Missing argument 11 for Admin\Controller\UserController::saveUser(), called in E:\wamp\wamp\www\YsInnoCenter\YsInnovation\Admin\Controller\UserController.class.php on line 120 and defined E:\wamp\wamp\www\YsInnoCenter\YsInnovation\Admin\Controller\UserController.class.php 第 182 行.
NOTIC: [8] Undefined variable: innovation_num E:\wamp\wamp\www\YsInnoCenter\YsInnovation\Admin\Controller\UserController.class.php 第 193 行.
SQL: SHOW COLUMNS FROM `t_user` [ RunTime:0.0059s ]
ERR: SQLSTATE[23000]: Integrity constraint violation: 1048 Column 'innovation_num' cannot be null

[ 2015-08-22T19:45:17+08:00 ] 127.0.0.1 /YsInnoCenter/YsInnovation/index.php/Admin/User/saveTeaBySuperAdmin
INFO: [ app_begin ] --START--
INFO: Run Behavior\ReadHtmlCacheBehavior [ RunTime:0.000907s ]
INFO: [ app_begin ] --END-- [ RunTime:0.001621s ]
SQL: select * from t_user where user_num=3288 [ RunTime:0.0005s ]
NOTIC: [2] Missing argument 11 for Admin\Controller\UserController::saveUser(), called in E:\wamp\wamp\www\YsInnoCenter\YsInnovation\Admin\Controller\UserController.class.php on line 120 and defined E:\wamp\wamp\www\YsInnoCenter\YsInnovation\Admin\Controller\UserController.class.php 第 182 行.
NOTIC: [8] Undefined variable: innovation_num E:\wamp\wamp\www\YsInnoCenter\YsInnovation\Admin\Controller\UserController.class.php 第 193 行.
SQL: SHOW COLUMNS FROM `t_user` [ RunTime:0.0060s ]
ERR: SQLSTATE[23000]: Integrity constraint violation: 1048 Column 'innovation_num' cannot be null

[ 2015-08-22T19:45:19+08:00 ] 127.0.0.1 /YsInnoCenter/YsInnovation/index.php/Admin/User/saveTeaBySuperAdmin
INFO: [ app_begin ] --START--
INFO: Run Behavior\ReadHtmlCacheBehavior [ RunTime:0.000534s ]
INFO: [ app_begin ] --END-- [ RunTime:0.000994s ]
SQL: select * from t_user where user_num=3288 [ RunTime:0.0004s ]
NOTIC: [2] Missing argument 11 for Admin\Controller\UserController::saveUser(), called in E:\wamp\wamp\www\YsInnoCenter\YsInnovation\Admin\Controller\UserController.class.php on line 120 and defined E:\wamp\wamp\www\YsInnoCenter\YsInnovation\Admin\Controller\UserController.class.php 第 182 行.
NOTIC: [8] Undefined variable: innovation_num E:\wamp\wamp\www\YsInnoCenter\YsInnovation\Admin\Controller\UserController.class.php 第 193 行.
SQL: SHOW COLUMNS FROM `t_user` [ RunTime:0.0079s ]
ERR: SQLSTATE[23000]: Integrity constraint violation: 1048 Column 'innovation_num' cannot be null

[ 2015-08-22T19:45:19+08:00 ] 127.0.0.1 /YsInnoCenter/YsInnovation/index.php/Admin/User/saveTeaBySuperAdmin
INFO: [ app_begin ] --START--
INFO: Run Behavior\ReadHtmlCacheBehavior [ RunTime:0.000528s ]
INFO: [ app_begin ] --END-- [ RunTime:0.000968s ]
SQL: select * from t_user where user_num=3288 [ RunTime:0.0008s ]
NOTIC: [2] Missing argument 11 for Admin\Controller\UserController::saveUser(), called in E:\wamp\wamp\www\YsInnoCenter\YsInnovation\Admin\Controller\UserController.class.php on line 120 and defined E:\wamp\wamp\www\YsInnoCenter\YsInnovation\Admin\Controller\UserController.class.php 第 182 行.
NOTIC: [8] Undefined variable: innovation_num E:\wamp\wamp\www\YsInnoCenter\YsInnovation\Admin\Controller\UserController.class.php 第 193 行.
SQL: SHOW COLUMNS FROM `t_user` [ RunTime:0.0076s ]
ERR: SQLSTATE[23000]: Integrity constraint violation: 1048 Column 'innovation_num' cannot be null

[ 2015-08-22T19:47:34+08:00 ] 127.0.0.1 /YsInnoCenter/YsInnovation/index.php/Admin/User/getUserCountJs
INFO: [ app_begin ] --START--
INFO: Run Behavior\ReadHtmlCacheBehavior [ RunTime:0.000487s ]
INFO: [ app_begin ] --END-- [ RunTime:0.000882s ]
SQL: select count(*) from t_user_account,t_user where t_user_account.user_id=t_user.user_id and t_user.is_tea_or_stu=1 [ RunTime:0.0005s ]

[ 2015-08-22T19:47:34+08:00 ] 127.0.0.1 /YsInnoCenter/YsInnovation/index.php/Admin/User/getUserDataJs
INFO: [ app_begin ] --START--
INFO: Run Behavior\ReadHtmlCacheBehavior [ RunTime:0.000932s ]
INFO: [ app_begin ] --END-- [ RunTime:0.001541s ]
SQL: select t_user_account.*,t_user.* from t_user,t_user_account where t_user.is_tea_or_stu='1' and t_user_account.user_id=t_user.user_id limit 0,10 [ RunTime:0.0005s ]
SQL: SHOW COLUMNS FROM `t_tea_duty` [ RunTime:0.0073s ]
SQL: SELECT * FROM `t_tea_duty` WHERE ( tea_duty_id=1 )  [ RunTime:0.0005s ]
SQL: SHOW COLUMNS FROM `t_organization` [ RunTime:0.0085s ]
SQL: SELECT * FROM `t_organization` WHERE ( organization_id=1 )  [ RunTime:0.0004s ]
SQL: SELECT * FROM `t_tea_duty` WHERE ( tea_duty_id=1 )  [ RunTime:0.0008s ]
SQL: SELECT * FROM `t_organization` WHERE ( organization_id=1 )  [ RunTime:0.0003s ]
SQL: SELECT * FROM `t_tea_duty` WHERE ( tea_duty_id=1 )  [ RunTime:0.0002s ]
SQL: SELECT * FROM `t_organization` WHERE ( organization_id=1 )  [ RunTime:0.0003s ]
SQL: SELECT * FROM `t_tea_duty` WHERE ( tea_duty_id=2 )  [ RunTime:0.0002s ]
SQL: SELECT * FROM `t_organization` WHERE ( organization_id=1 )  [ RunTime:0.0002s ]

[ 2015-08-22T19:47:35+08:00 ] 127.0.0.1 /YsInnoCenter/YsInnovation/index.php/Admin/User/getTeaDutyJs
INFO: [ app_begin ] --START--
INFO: Run Behavior\ReadHtmlCacheBehavior [ RunTime:0.000457s ]
INFO: [ app_begin ] --END-- [ RunTime:0.000830s ]
SQL: select * from t_tea_duty where isshow=0 [ RunTime:0.0011s ]

[ 2015-08-22T19:47:35+08:00 ] 127.0.0.1 /YsInnoCenter/YsInnovation/index.php/Admin/User/getOrgJs
INFO: [ app_begin ] --START--
INFO: Run Behavior\ReadHtmlCacheBehavior [ RunTime:0.000779s ]
INFO: [ app_begin ] --END-- [ RunTime:0.001388s ]
SQL: select * from t_organization where isshow='0' and organization_type=2 [ RunTime:0.0017s ]

[ 2015-08-22T19:47:35+08:00 ] 127.0.0.1 /YsInnoCenter/YsInnovation/index.php/Admin/User/getRolesJs
INFO: [ app_begin ] --START--
INFO: Run Behavior\ReadHtmlCacheBehavior [ RunTime:0.000614s ]
INFO: [ app_begin ] --END-- [ RunTime:0.001199s ]
SQL: select * from t_role where isshow=0 [ RunTime:0.0003s ]

[ 2015-08-22T19:47:35+08:00 ] 127.0.0.1 /YsInnoCenter/YsInnovation/index.php/Admin/User/getCollegeJs
INFO: [ app_begin ] --START--
INFO: Run Behavior\ReadHtmlCacheBehavior [ RunTime:0.000869s ]
INFO: [ app_begin ] --END-- [ RunTime:0.001470s ]
SQL: select * from t_college where isshow=0 [ RunTime:0.0003s ]

[ 2015-08-22T19:47:48+08:00 ] 127.0.0.1 /YsInnoCenter/YsInnovation/index.php/Admin/User/saveTeaBySuperAdmin
INFO: [ app_begin ] --START--
INFO: Run Behavior\ReadHtmlCacheBehavior [ RunTime:0.000495s ]
INFO: [ app_begin ] --END-- [ RunTime:0.000938s ]
SQL: select * from t_user where user_num=3288 [ RunTime:0.0003s ]
NOTIC: [2] Missing argument 11 for Admin\Controller\UserController::saveUser(), called in E:\wamp\wamp\www\YsInnoCenter\YsInnovation\Admin\Controller\UserController.class.php on line 120 and defined E:\wamp\wamp\www\YsInnoCenter\YsInnovation\Admin\Controller\UserController.class.php 第 182 行.
NOTIC: [8] Undefined variable: innovation_num E:\wamp\wamp\www\YsInnoCenter\YsInnovation\Admin\Controller\UserController.class.php 第 193 行.
SQL: SHOW COLUMNS FROM `t_user` [ RunTime:0.0091s ]
ERR: SQLSTATE[23000]: Integrity constraint violation: 1048 Column 'innovation_num' cannot be null

[ 2015-08-22T19:47:50+08:00 ] 127.0.0.1 /YsInnoCenter/YsInnovation/index.php/Admin/User/saveTeaBySuperAdmin
INFO: [ app_begin ] --START--
INFO: Run Behavior\ReadHtmlCacheBehavior [ RunTime:0.000474s ]
INFO: [ app_begin ] --END-- [ RunTime:0.000853s ]
SQL: select * from t_user where user_num=3288 [ RunTime:0.0005s ]
NOTIC: [2] Missing argument 11 for Admin\Controller\UserController::saveUser(), called in E:\wamp\wamp\www\YsInnoCenter\YsInnovation\Admin\Controller\UserController.class.php on line 120 and defined E:\wamp\wamp\www\YsInnoCenter\YsInnovation\Admin\Controller\UserController.class.php 第 182 行.
NOTIC: [8] Undefined variable: innovation_num E:\wamp\wamp\www\YsInnoCenter\YsInnovation\Admin\Controller\UserController.class.php 第 193 行.
SQL: SHOW COLUMNS FROM `t_user` [ RunTime:0.0059s ]
ERR: SQLSTATE[23000]: Integrity constraint violation: 1048 Column 'innovation_num' cannot be null

[ 2015-08-22T19:47:50+08:00 ] 127.0.0.1 /YsInnoCenter/YsInnovation/index.php/Admin/User/saveTeaBySuperAdmin
INFO: [ app_begin ] --START--
INFO: Run Behavior\ReadHtmlCacheBehavior [ RunTime:0.000665s ]
INFO: [ app_begin ] --END-- [ RunTime:0.001194s ]
SQL: select * from t_user where user_num=3288 [ RunTime:0.0007s ]
NOTIC: [2] Missing argument 11 for Admin\Controller\UserController::saveUser(), called in E:\wamp\wamp\www\YsInnoCenter\YsInnovation\Admin\Controller\UserController.class.php on line 120 and defined E:\wamp\wamp\www\YsInnoCenter\YsInnovation\Admin\Controller\UserController.class.php 第 182 行.
NOTIC: [8] Undefined variable: innovation_num E:\wamp\wamp\www\YsInnoCenter\YsInnovation\Admin\Controller\UserController.class.php 第 193 行.
SQL: SHOW COLUMNS FROM `t_user` [ RunTime:0.0057s ]
ERR: SQLSTATE[23000]: Integrity constraint violation: 1048 Column 'innovation_num' cannot be null

[ 2015-08-22T19:47:51+08:00 ] 127.0.0.1 /YsInnoCenter/YsInnovation/index.php/Admin/User/saveTeaBySuperAdmin
INFO: [ app_begin ] --START--
INFO: Run Behavior\ReadHtmlCacheBehavior [ RunTime:0.000427s ]
INFO: [ app_begin ] --END-- [ RunTime:0.000800s ]
SQL: select * from t_user where user_num=3288 [ RunTime:0.0008s ]
NOTIC: [2] Missing argument 11 for Admin\Controller\UserController::saveUser(), called in E:\wamp\wamp\www\YsInnoCenter\YsInnovation\Admin\Controller\UserController.class.php on line 120 and defined E:\wamp\wamp\www\YsInnoCenter\YsInnovation\Admin\Controller\UserController.class.php 第 182 行.
NOTIC: [8] Undefined variable: innovation_num E:\wamp\wamp\www\YsInnoCenter\YsInnovation\Admin\Controller\UserController.class.php 第 193 行.
SQL: SHOW COLUMNS FROM `t_user` [ RunTime:0.0060s ]
ERR: SQLSTATE[23000]: Integrity constraint violation: 1048 Column 'innovation_num' cannot be null

[ 2015-08-22T19:47:51+08:00 ] 127.0.0.1 /YsInnoCenter/YsInnovation/index.php/Admin/User/saveTeaBySuperAdmin
INFO: [ app_begin ] --START--
INFO: Run Behavior\ReadHtmlCacheBehavior [ RunTime:0.000694s ]
INFO: [ app_begin ] --END-- [ RunTime:0.001253s ]
SQL: select * from t_user where user_num=3288 [ RunTime:0.0004s ]
NOTIC: [2] Missing argument 11 for Admin\Controller\UserController::saveUser(), called in E:\wamp\wamp\www\YsInnoCenter\YsInnovation\Admin\Controller\UserController.class.php on line 120 and defined E:\wamp\wamp\www\YsInnoCenter\YsInnovation\Admin\Controller\UserController.class.php 第 182 行.
NOTIC: [8] Undefined variable: innovation_num E:\wamp\wamp\www\YsInnoCenter\YsInnovation\Admin\Controller\UserController.class.php 第 193 行.
SQL: SHOW COLUMNS FROM `t_user` [ RunTime:0.0055s ]
ERR: SQLSTATE[23000]: Integrity constraint violation: 1048 Column 'innovation_num' cannot be null

[ 2015-08-22T19:47:51+08:00 ] 127.0.0.1 /YsInnoCenter/YsInnovation/index.php/Admin/User/saveTeaBySuperAdmin
INFO: [ app_begin ] --START--
INFO: Run Behavior\ReadHtmlCacheBehavior [ RunTime:0.000664s ]
INFO: [ app_begin ] --END-- [ RunTime:0.001206s ]
SQL: select * from t_user where user_num=3288 [ RunTime:0.0006s ]
NOTIC: [2] Missing argument 11 for Admin\Controller\UserController::saveUser(), called in E:\wamp\wamp\www\YsInnoCenter\YsInnovation\Admin\Controller\UserController.class.php on line 120 and defined E:\wamp\wamp\www\YsInnoCenter\YsInnovation\Admin\Controller\UserController.class.php 第 182 行.
NOTIC: [8] Undefined variable: innovation_num E:\wamp\wamp\www\YsInnoCenter\YsInnovation\Admin\Controller\UserController.class.php 第 193 行.
SQL: SHOW COLUMNS FROM `t_user` [ RunTime:0.0056s ]
ERR: SQLSTATE[23000]: Integrity constraint violation: 1048 Column 'innovation_num' cannot be null

[ 2015-08-22T19:47:52+08:00 ] 127.0.0.1 /YsInnoCenter/YsInnovation/index.php/Admin/User/saveTeaBySuperAdmin
INFO: [ app_begin ] --START--
INFO: Run Behavior\ReadHtmlCacheBehavior [ RunTime:0.000672s ]
INFO: [ app_begin ] --END-- [ RunTime:0.001219s ]
SQL: select * from t_user where user_num=3288 [ RunTime:0.0005s ]
NOTIC: [2] Missing argument 11 for Admin\Controller\UserController::saveUser(), called in E:\wamp\wamp\www\YsInnoCenter\YsInnovation\Admin\Controller\UserController.class.php on line 120 and defined E:\wamp\wamp\www\YsInnoCenter\YsInnovation\Admin\Controller\UserController.class.php 第 182 行.
NOTIC: [8] Undefined variable: innovation_num E:\wamp\wamp\www\YsInnoCenter\YsInnovation\Admin\Controller\UserController.class.php 第 193 行.
SQL: SHOW COLUMNS FROM `t_user` [ RunTime:0.0081s ]
ERR: SQLSTATE[23000]: Integrity constraint violation: 1048 Column 'innovation_num' cannot be null

[ 2015-08-22T19:47:52+08:00 ] 127.0.0.1 /YsInnoCenter/YsInnovation/index.php/Admin/User/saveTeaBySuperAdmin
INFO: [ app_begin ] --START--
INFO: Run Behavior\ReadHtmlCacheBehavior [ RunTime:0.000485s ]
INFO: [ app_begin ] --END-- [ RunTime:0.000886s ]
SQL: select * from t_user where user_num=3288 [ RunTime:0.0006s ]
NOTIC: [2] Missing argument 11 for Admin\Controller\UserController::saveUser(), called in E:\wamp\wamp\www\YsInnoCenter\YsInnovation\Admin\Controller\UserController.class.php on line 120 and defined E:\wamp\wamp\www\YsInnoCenter\YsInnovation\Admin\Controller\UserController.class.php 第 182 行.
NOTIC: [8] Undefined variable: innovation_num E:\wamp\wamp\www\YsInnoCenter\YsInnovation\Admin\Controller\UserController.class.php 第 193 行.
SQL: SHOW COLUMNS FROM `t_user` [ RunTime:0.0057s ]
ERR: SQLSTATE[23000]: Integrity constraint violation: 1048 Column 'innovation_num' cannot be null

[ 2015-08-22T19:47:52+08:00 ] 127.0.0.1 /YsInnoCenter/YsInnovation/index.php/Admin/User/saveTeaBySuperAdmin
INFO: [ app_begin ] --START--
INFO: Run Behavior\ReadHtmlCacheBehavior [ RunTime:0.000627s ]
INFO: [ app_begin ] --END-- [ RunTime:0.001100s ]
SQL: select * from t_user where user_num=3288 [ RunTime:0.0006s ]
NOTIC: [2] Missing argument 11 for Admin\Controller\UserController::saveUser(), called in E:\wamp\wamp\www\YsInnoCenter\YsInnovation\Admin\Controller\UserController.class.php on line 120 and defined E:\wamp\wamp\www\YsInnoCenter\YsInnovation\Admin\Controller\UserController.class.php 第 182 行.
NOTIC: [8] Undefined variable: innovation_num E:\wamp\wamp\www\YsInnoCenter\YsInnovation\Admin\Controller\UserController.class.php 第 193 行.
SQL: SHOW COLUMNS FROM `t_user` [ RunTime:0.0067s ]
ERR: SQLSTATE[23000]: Integrity constraint violation: 1048 Column 'innovation_num' cannot be null

[ 2015-08-22T19:47:53+08:00 ] 127.0.0.1 /YsInnoCenter/YsInnovation/index.php/Admin/User/saveTeaBySuperAdmin
INFO: [ app_begin ] --START--
INFO: Run Behavior\ReadHtmlCacheBehavior [ RunTime:0.000575s ]
INFO: [ app_begin ] --END-- [ RunTime:0.001058s ]
SQL: select * from t_user where user_num=3288 [ RunTime:0.0004s ]
NOTIC: [2] Missing argument 11 for Admin\Controller\UserController::saveUser(), called in E:\wamp\wamp\www\YsInnoCenter\YsInnovation\Admin\Controller\UserController.class.php on line 120 and defined E:\wamp\wamp\www\YsInnoCenter\YsInnovation\Admin\Controller\UserController.class.php 第 182 行.
NOTIC: [8] Undefined variable: innovation_num E:\wamp\wamp\www\YsInnoCenter\YsInnovation\Admin\Controller\UserController.class.php 第 193 行.
SQL: SHOW COLUMNS FROM `t_user` [ RunTime:0.0062s ]
ERR: SQLSTATE[23000]: Integrity constraint violation: 1048 Column 'innovation_num' cannot be null

[ 2015-08-22T19:47:54+08:00 ] 127.0.0.1 /YsInnoCenter/YsInnovation/index.php/Admin/User/saveTeaBySuperAdmin
INFO: [ app_begin ] --START--
INFO: Run Behavior\ReadHtmlCacheBehavior [ RunTime:0.000458s ]
INFO: [ app_begin ] --END-- [ RunTime:0.000808s ]
SQL: select * from t_user where user_num=3288 [ RunTime:0.0008s ]
NOTIC: [2] Missing argument 11 for Admin\Controller\UserController::saveUser(), called in E:\wamp\wamp\www\YsInnoCenter\YsInnovation\Admin\Controller\UserController.class.php on line 120 and defined E:\wamp\wamp\www\YsInnoCenter\YsInnovation\Admin\Controller\UserController.class.php 第 182 行.
NOTIC: [8] Undefined variable: innovation_num E:\wamp\wamp\www\YsInnoCenter\YsInnovation\Admin\Controller\UserController.class.php 第 193 行.
SQL: SHOW COLUMNS FROM `t_user` [ RunTime:0.0060s ]
ERR: SQLSTATE[23000]: Integrity constraint violation: 1048 Column 'innovation_num' cannot be null

[ 2015-08-22T19:49:23+08:00 ] 127.0.0.1 /YsInnoCenter/YsInnovation/index.php/Admin/User/getUserDataJs
INFO: [ app_begin ] --START--
INFO: Run Behavior\ReadHtmlCacheBehavior [ RunTime:0.000730s ]
INFO: [ app_begin ] --END-- [ RunTime:0.001441s ]
SQL: select t_user_account.*,t_user.* from t_user,t_user_account where t_user.is_tea_or_stu='1' and t_user_account.user_id=t_user.user_id limit 0,10 [ RunTime:0.0004s ]
SQL: SHOW COLUMNS FROM `t_tea_duty` [ RunTime:0.0051s ]
SQL: SELECT * FROM `t_tea_duty` WHERE ( tea_duty_id=1 )  [ RunTime:0.0006s ]
SQL: SHOW COLUMNS FROM `t_organization` [ RunTime:0.0064s ]
SQL: SELECT * FROM `t_organization` WHERE ( organization_id=1 )  [ RunTime:0.0004s ]
SQL: SELECT * FROM `t_tea_duty` WHERE ( tea_duty_id=1 )  [ RunTime:0.0002s ]
SQL: SELECT * FROM `t_organization` WHERE ( organization_id=1 )  [ RunTime:0.0002s ]
SQL: SELECT * FROM `t_tea_duty` WHERE ( tea_duty_id=1 )  [ RunTime:0.0002s ]
SQL: SELECT * FROM `t_organization` WHERE ( organization_id=1 )  [ RunTime:0.0002s ]
SQL: SELECT * FROM `t_tea_duty` WHERE ( tea_duty_id=2 )  [ RunTime:0.0002s ]
SQL: SELECT * FROM `t_organization` WHERE ( organization_id=1 )  [ RunTime:0.0002s ]

[ 2015-08-22T19:49:23+08:00 ] 127.0.0.1 /YsInnoCenter/YsInnovation/index.php/Admin/User/getUserCountJs
INFO: [ app_begin ] --START--
INFO: Run Behavior\ReadHtmlCacheBehavior [ RunTime:0.001239s ]
INFO: [ app_begin ] --END-- [ RunTime:0.002326s ]
SQL: select count(*) from t_user_account,t_user where t_user_account.user_id=t_user.user_id and t_user.is_tea_or_stu=1 [ RunTime:0.0008s ]

[ 2015-08-22T19:49:29+08:00 ] 127.0.0.1 /YsInnoCenter/YsInnovation/index.php/Admin/User/getUserDataJs
INFO: [ app_begin ] --START--
INFO: Run Behavior\ReadHtmlCacheBehavior [ RunTime:0.001021s ]
INFO: [ app_begin ] --END-- [ RunTime:0.001644s ]
SQL: select t_user_account.*,t_user.* from t_user,t_user_account where t_user.is_tea_or_stu='1' and t_user_account.user_id=t_user.user_id limit 0,10 [ RunTime:0.0008s ]
SQL: SHOW COLUMNS FROM `t_tea_duty` [ RunTime:0.0068s ]
SQL: SELECT * FROM `t_tea_duty` WHERE ( tea_duty_id=1 )  [ RunTime:0.0003s ]
SQL: SHOW COLUMNS FROM `t_organization` [ RunTime:0.0049s ]
SQL: SELECT * FROM `t_organization` WHERE ( organization_id=1 )  [ RunTime:0.0004s ]
SQL: SELECT * FROM `t_tea_duty` WHERE ( tea_duty_id=1 )  [ RunTime:0.0003s ]
SQL: SELECT * FROM `t_organization` WHERE ( organization_id=1 )  [ RunTime:0.0012s ]
SQL: SELECT * FROM `t_tea_duty` WHERE ( tea_duty_id=1 )  [ RunTime:0.0004s ]
SQL: SELECT * FROM `t_organization` WHERE ( organization_id=1 )  [ RunTime:0.0003s ]
SQL: SELECT * FROM `t_tea_duty` WHERE ( tea_duty_id=2 )  [ RunTime:0.0004s ]
SQL: SELECT * FROM `t_organization` WHERE ( organization_id=1 )  [ RunTime:0.0003s ]

[ 2015-08-22T19:49:29+08:00 ] 127.0.0.1 /YsInnoCenter/YsInnovation/index.php/Admin/User/getUserCountJs
INFO: [ app_begin ] --START--
INFO: Run Behavior\ReadHtmlCacheBehavior [ RunTime:0.000603s ]
INFO: [ app_begin ] --END-- [ RunTime:0.001826s ]
SQL: select count(*) from t_user_account,t_user where t_user_account.user_id=t_user.user_id and t_user.is_tea_or_stu=1 [ RunTime:0.0009s ]

[ 2015-08-22T19:49:30+08:00 ] 127.0.0.1 /YsInnoCenter/YsInnovation/index.php/Admin/User/getTeaDutyJs
INFO: [ app_begin ] --START--
INFO: Run Behavior\ReadHtmlCacheBehavior [ RunTime:0.000549s ]
INFO: [ app_begin ] --END-- [ RunTime:0.001019s ]
SQL: select * from t_tea_duty where isshow=0 [ RunTime:0.0621s ]

[ 2015-08-22T19:49:30+08:00 ] 127.0.0.1 /YsInnoCenter/YsInnovation/index.php/Admin/User/getOrgJs
INFO: [ app_begin ] --START--
INFO: Run Behavior\ReadHtmlCacheBehavior [ RunTime:0.000742s ]
INFO: [ app_begin ] --END-- [ RunTime:0.001355s ]
SQL: select * from t_organization where isshow='0' and organization_type=2 [ RunTime:0.0006s ]

[ 2015-08-22T19:49:30+08:00 ] 127.0.0.1 /YsInnoCenter/YsInnovation/index.php/Admin/User/getCollegeJs
INFO: [ app_begin ] --START--
INFO: Run Behavior\ReadHtmlCacheBehavior [ RunTime:0.000962s ]
INFO: [ app_begin ] --END-- [ RunTime:0.001575s ]
SQL: select * from t_college where isshow=0 [ RunTime:0.0005s ]

[ 2015-08-22T19:49:30+08:00 ] 127.0.0.1 /YsInnoCenter/YsInnovation/index.php/Admin/User/getRolesJs
INFO: [ app_begin ] --START--
INFO: Run Behavior\ReadHtmlCacheBehavior [ RunTime:0.000999s ]
INFO: [ app_begin ] --END-- [ RunTime:0.001683s ]
SQL: select * from t_role where isshow=0 [ RunTime:0.0005s ]

[ 2015-08-22T19:49:48+08:00 ] 127.0.0.1 /YsInnoCenter/YsInnovation/index.php/Admin/User/saveTeaBySuperAdmin
INFO: [ app_begin ] --START--
INFO: Run Behavior\ReadHtmlCacheBehavior [ RunTime:0.000710s ]
INFO: [ app_begin ] --END-- [ RunTime:0.001394s ]
SQL: select * from t_user where user_num=3288 [ RunTime:0.0008s ]

[ 2015-08-22T19:49:48+08:00 ] 127.0.0.1 /YsInnoCenter/YsInnovation/index.php/Admin/User/saveTeaBySuperAdmin
INFO: [ app_begin ] --START--
INFO: Run Behavior\ReadHtmlCacheBehavior [ RunTime:0.000601s ]
INFO: [ app_begin ] --END-- [ RunTime:0.001051s ]
SQL: select * from t_user where user_num=3288 [ RunTime:0.0004s ]

[ 2015-08-22T19:49:48+08:00 ] 127.0.0.1 /YsInnoCenter/YsInnovation/index.php/Admin/User/saveTeaBySuperAdmin
INFO: [ app_begin ] --START--
INFO: Run Behavior\ReadHtmlCacheBehavior [ RunTime:0.000644s ]
INFO: [ app_begin ] --END-- [ RunTime:0.001078s ]
SQL: select * from t_user where user_num=3288 [ RunTime:0.0007s ]

[ 2015-08-22T19:49:49+08:00 ] 127.0.0.1 /YsInnoCenter/YsInnovation/index.php/Admin/User/saveTeaBySuperAdmin
INFO: [ app_begin ] --START--
INFO: Run Behavior\ReadHtmlCacheBehavior [ RunTime:0.000560s ]
INFO: [ app_begin ] --END-- [ RunTime:0.001017s ]
SQL: select * from t_user where user_num=3288 [ RunTime:0.0004s ]

[ 2015-08-22T19:49:49+08:00 ] 127.0.0.1 /YsInnoCenter/YsInnovation/index.php/Admin/User/saveTeaBySuperAdmin
INFO: [ app_begin ] --START--
INFO: Run Behavior\ReadHtmlCacheBehavior [ RunTime:0.000450s ]
INFO: [ app_begin ] --END-- [ RunTime:0.000921s ]
SQL: select * from t_user where user_num=3288 [ RunTime:0.0011s ]

[ 2015-08-22T19:49:50+08:00 ] 127.0.0.1 /YsInnoCenter/YsInnovation/index.php/Admin/User/saveTeaBySuperAdmin
INFO: [ app_begin ] --START--
INFO: Run Behavior\ReadHtmlCacheBehavior [ RunTime:0.000489s ]
INFO: [ app_begin ] --END-- [ RunTime:0.000971s ]
SQL: select * from t_user where user_num=3288 [ RunTime:0.0009s ]

[ 2015-08-22T19:49:50+08:00 ] 127.0.0.1 /YsInnoCenter/YsInnovation/index.php/Admin/User/saveTeaBySuperAdmin
INFO: [ app_begin ] --START--
INFO: Run Behavior\ReadHtmlCacheBehavior [ RunTime:0.000469s ]
INFO: [ app_begin ] --END-- [ RunTime:0.000928s ]
SQL: select * from t_user where user_num=3288 [ RunTime:0.0007s ]

[ 2015-08-22T19:50:05+08:00 ] 127.0.0.1 /YsInnoCenter/YsInnovation/index.php/Admin/User/getUserCountJs
INFO: [ app_begin ] --START--
INFO: Run Behavior\ReadHtmlCacheBehavior [ RunTime:0.000533s ]
INFO: [ app_begin ] --END-- [ RunTime:0.000934s ]
SQL: select count(*) from t_user_account,t_user where t_user_account.user_id=t_user.user_id and t_user.is_tea_or_stu=2 [ RunTime:0.0010s ]

[ 2015-08-22T19:50:05+08:00 ] 127.0.0.1 /YsInnoCenter/YsInnovation/index.php/Admin/User/getUserDataJs
INFO: [ app_begin ] --START--
INFO: Run Behavior\ReadHtmlCacheBehavior [ RunTime:0.000837s ]
INFO: [ app_begin ] --END-- [ RunTime:0.001569s ]
SQL: select t_user_account.*,t_user.* from t_user,t_user_account where t_user.is_tea_or_stu='2' and t_user_account.user_id=t_user.user_id limit 0,10 [ RunTime:0.0006s ]

[ 2015-08-22T19:50:07+08:00 ] 127.0.0.1 /YsInnoCenter/YsInnovation/index.php/Admin/User/getUserDataJs
INFO: [ app_begin ] --START--
INFO: Run Behavior\ReadHtmlCacheBehavior [ RunTime:0.000868s ]
INFO: [ app_begin ] --END-- [ RunTime:0.001459s ]
SQL: select t_user_account.*,t_user.* from t_user,t_user_account where t_user.is_tea_or_stu='1' and t_user_account.user_id=t_user.user_id limit 0,10 [ RunTime:0.0010s ]
SQL: SHOW COLUMNS FROM `t_tea_duty` [ RunTime:0.0049s ]
SQL: SELECT * FROM `t_tea_duty` WHERE ( tea_duty_id=1 )  [ RunTime:0.0004s ]
SQL: SHOW COLUMNS FROM `t_organization` [ RunTime:0.0069s ]
SQL: SELECT * FROM `t_organization` WHERE ( organization_id=1 )  [ RunTime:0.0006s ]
SQL: SELECT * FROM `t_tea_duty` WHERE ( tea_duty_id=1 )  [ RunTime:0.0004s ]
SQL: SELECT * FROM `t_organization` WHERE ( organization_id=1 )  [ RunTime:0.0003s ]
SQL: SELECT * FROM `t_tea_duty` WHERE ( tea_duty_id=1 )  [ RunTime:0.0003s ]
SQL: SELECT * FROM `t_organization` WHERE ( organization_id=1 )  [ RunTime:0.0003s ]
SQL: SELECT * FROM `t_tea_duty` WHERE ( tea_duty_id=2 )  [ RunTime:0.0003s ]
SQL: SELECT * FROM `t_organization` WHERE ( organization_id=1 )  [ RunTime:0.0003s ]

[ 2015-08-22T19:50:07+08:00 ] 127.0.0.1 /YsInnoCenter/YsInnovation/index.php/Admin/User/getUserCountJs
INFO: [ app_begin ] --START--
INFO: Run Behavior\ReadHtmlCacheBehavior [ RunTime:0.000722s ]
INFO: [ app_begin ] --END-- [ RunTime:0.001268s ]
SQL: select count(*) from t_user_account,t_user where t_user_account.user_id=t_user.user_id and t_user.is_tea_or_stu=1 [ RunTime:0.0010s ]

[ 2015-08-22T19:50:08+08:00 ] 127.0.0.1 /YsInnoCenter/YsInnovation/index.php/Admin/User/getUserDataJs
INFO: [ app_begin ] --START--
INFO: Run Behavior\ReadHtmlCacheBehavior [ RunTime:0.000560s ]
INFO: [ app_begin ] --END-- [ RunTime:0.000944s ]
SQL: select t_user_account.*,t_user.* from t_user,t_user_account where t_user.is_tea_or_stu='2' and t_user_account.user_id=t_user.user_id limit 0,10 [ RunTime:0.0005s ]

[ 2015-08-22T19:50:08+08:00 ] 127.0.0.1 /YsInnoCenter/YsInnovation/index.php/Admin/User/getUserCountJs
INFO: [ app_begin ] --START--
INFO: Run Behavior\ReadHtmlCacheBehavior [ RunTime:0.000739s ]
INFO: [ app_begin ] --END-- [ RunTime:0.001359s ]
SQL: select count(*) from t_user_account,t_user where t_user_account.user_id=t_user.user_id and t_user.is_tea_or_stu=2 [ RunTime:0.0006s ]

[ 2015-08-22T19:50:09+08:00 ] 127.0.0.1 /YsInnoCenter/YsInnovation/index.php/Admin/User/getUserDataJs
INFO: [ app_begin ] --START--
INFO: Run Behavior\ReadHtmlCacheBehavior [ RunTime:0.000516s ]
INFO: [ app_begin ] --END-- [ RunTime:0.000931s ]
SQL: select t_user_account.*,t_user.* from t_user,t_user_account where t_user.is_tea_or_stu='1' and t_user_account.user_id=t_user.user_id limit 0,10 [ RunTime:0.0008s ]
SQL: SHOW COLUMNS FROM `t_tea_duty` [ RunTime:0.0065s ]
SQL: SELECT * FROM `t_tea_duty` WHERE ( tea_duty_id=1 )  [ RunTime:0.0004s ]
SQL: SHOW COLUMNS FROM `t_organization` [ RunTime:0.0056s ]
SQL: SELECT * FROM `t_organization` WHERE ( organization_id=1 )  [ RunTime:0.0005s ]
SQL: SELECT * FROM `t_tea_duty` WHERE ( tea_duty_id=1 )  [ RunTime:0.0004s ]
SQL: SELECT * FROM `t_organization` WHERE ( organization_id=1 )  [ RunTime:0.0004s ]
SQL: SELECT * FROM `t_tea_duty` WHERE ( tea_duty_id=1 )  [ RunTime:0.0003s ]
SQL: SELECT * FROM `t_organization` WHERE ( organization_id=1 )  [ RunTime:0.0004s ]
SQL: SELECT * FROM `t_tea_duty` WHERE ( tea_duty_id=2 )  [ RunTime:0.0004s ]
SQL: SELECT * FROM `t_organization` WHERE ( organization_id=1 )  [ RunTime:0.0004s ]

[ 2015-08-22T19:50:09+08:00 ] 127.0.0.1 /YsInnoCenter/YsInnovation/index.php/Admin/User/getUserCountJs
INFO: [ app_begin ] --START--
INFO: Run Behavior\ReadHtmlCacheBehavior [ RunTime:0.000743s ]
INFO: [ app_begin ] --END-- [ RunTime:0.001393s ]
SQL: select count(*) from t_user_account,t_user where t_user_account.user_id=t_user.user_id and t_user.is_tea_or_stu=1 [ RunTime:0.0008s ]

[ 2015-08-22T19:50:10+08:00 ] 127.0.0.1 /YsInnoCenter/YsInnovation/index.php/Admin/User/getUserDataJs
INFO: [ app_begin ] --START--
INFO: Run Behavior\ReadHtmlCacheBehavior [ RunTime:0.000473s ]
INFO: [ app_begin ] --END-- [ RunTime:0.000906s ]
SQL: select t_user_account.*,t_user.* from t_user,t_user_account where t_user.is_tea_or_stu='2' and t_user_account.user_id=t_user.user_id limit 0,10 [ RunTime:0.0005s ]

[ 2015-08-22T19:50:10+08:00 ] 127.0.0.1 /YsInnoCenter/YsInnovation/index.php/Admin/User/getUserCountJs
INFO: [ app_begin ] --START--
INFO: Run Behavior\ReadHtmlCacheBehavior [ RunTime:0.002022s ]
INFO: [ app_begin ] --END-- [ RunTime:0.003565s ]
SQL: select count(*) from t_user_account,t_user where t_user_account.user_id=t_user.user_id and t_user.is_tea_or_stu=2 [ RunTime:0.0008s ]

[ 2015-08-22T19:50:11+08:00 ] 127.0.0.1 /YsInnoCenter/YsInnovation/index.php/Admin/Role/showRoleList
ERR: 无法加载控制器:Role

[ 2015-08-22T19:50:13+08:00 ] 127.0.0.1 /YsInnoCenter/YsInnovation/index.php/Admin/User/getUserCountJs
INFO: [ app_begin ] --START--
INFO: Run Behavior\ReadHtmlCacheBehavior [ RunTime:0.000513s ]
INFO: [ app_begin ] --END-- [ RunTime:0.000936s ]
SQL: select count(*) from t_user_account,t_user where t_user_account.user_id=t_user.user_id and t_user.is_tea_or_stu=2 [ RunTime:0.0012s ]

[ 2015-08-22T19:50:13+08:00 ] 127.0.0.1 /YsInnoCenter/YsInnovation/index.php/Admin/User/getUserDataJs
INFO: [ app_begin ] --START--
INFO: Run Behavior\ReadHtmlCacheBehavior [ RunTime:0.000706s ]
INFO: [ app_begin ] --END-- [ RunTime:0.001276s ]
SQL: select t_user_account.*,t_user.* from t_user,t_user_account where t_user.is_tea_or_stu='2' and t_user_account.user_id=t_user.user_id limit 0,10 [ RunTime:0.0008s ]

