[ 2015-08-07T08:57:42+08:00 ] 127.0.0.1 /YsInnoCenter/YsInnovation/index.php/Admin/Semester/getSemeName
INFO: [ app_begin ] --START--
INFO: Run Behavior\ReadHtmlCacheBehavior [ RunTime:0.000314s ]
INFO: [ app_begin ] --END-- [ RunTime:0.000588s ]
SQL: select semester_id,semester_name from t_semester where isshow='0' and status_id='1' [ RunTime:0.0011s ]

[ 2015-08-07T08:57:43+08:00 ] 127.0.0.1 /YsInnoCenter/YsInnovation/index.php/Admin/Laboratory/getLaboratoryUser
INFO: [ app_begin ] --START--
INFO: Run Behavior\ReadHtmlCacheBehavior [ RunTime:0.000297s ]
INFO: [ app_begin ] --END-- [ RunTime:0.000533s ]
SQL: select t_user.* from t_user,t_user_account where t_user_account.organization_id='null' and t_user.user_id=t_user_account.user_id and t_user.is_tea_or_stu='1' [ RunTime:0.0013s ]

[ 2015-08-07T08:57:43+08:00 ] 127.0.0.1 /YsInnoCenter/YsInnovation/index.php/Admin/Laboratory/getLaboratory
INFO: [ app_begin ] --START--
INFO: Run Behavior\ReadHtmlCacheBehavior [ RunTime:0.000388s ]
INFO: [ app_begin ] --END-- [ RunTime:0.000657s ]
SQL: select organization_id,organization_name from t_organization where organization_type='2' and isshow='0' [ RunTime:0.0010s ]

[ 2015-08-07T09:13:21+08:00 ] 127.0.0.1 /YsInnoCenter/YsInnovation/index.php/Admin/Semester/getSemeName
INFO: [ app_begin ] --START--
INFO: Run Behavior\ReadHtmlCacheBehavior [ RunTime:0.000312s ]
INFO: [ app_begin ] --END-- [ RunTime:0.000563s ]
SQL: select semester_id,semester_name from t_semester where isshow='0' and status_id='1' [ RunTime:0.0011s ]

[ 2015-08-07T09:13:21+08:00 ] 127.0.0.1 /YsInnoCenter/YsInnovation/index.php/Admin/Laboratory/getLaboratory
INFO: [ app_begin ] --START--
INFO: Run Behavior\ReadHtmlCacheBehavior [ RunTime:0.000392s ]
INFO: [ app_begin ] --END-- [ RunTime:0.000630s ]
SQL: select organization_id,organization_name from t_organization where organization_type='2' and isshow='0' [ RunTime:0.0011s ]

[ 2015-08-07T09:13:21+08:00 ] 127.0.0.1 /YsInnoCenter/YsInnovation/index.php/Admin/Laboratory/getLaboratoryUser
INFO: [ app_begin ] --START--
INFO: Run Behavior\ReadHtmlCacheBehavior [ RunTime:0.000301s ]
INFO: [ app_begin ] --END-- [ RunTime:0.000538s ]
SQL: select t_user.* from t_user,t_user_account where t_user_account.organization_id='null' and t_user.user_id=t_user_account.user_id and t_user.is_tea_or_stu='1' [ RunTime:0.0012s ]

[ 2015-08-07T09:14:33+08:00 ] 127.0.0.1 /YsInnoCenter/YsInnovation/index.php/Admin/Semester/getSemeName
INFO: [ app_begin ] --START--
INFO: Run Behavior\ReadHtmlCacheBehavior [ RunTime:0.000308s ]
INFO: [ app_begin ] --END-- [ RunTime:0.000550s ]
SQL: select semester_id,semester_name from t_semester where isshow='0' and status_id='1' [ RunTime:0.0011s ]

[ 2015-08-07T09:14:33+08:00 ] 127.0.0.1 /YsInnoCenter/YsInnovation/index.php/Admin/Laboratory/getLaboratoryUser
INFO: [ app_begin ] --START--
INFO: Run Behavior\ReadHtmlCacheBehavior [ RunTime:0.000407s ]
INFO: [ app_begin ] --END-- [ RunTime:0.000683s ]
SQL: select t_user.* from t_user,t_user_account where t_user_account.organization_id='null' and t_user.user_id=t_user_account.user_id and t_user.is_tea_or_stu='1' [ RunTime:0.0013s ]

[ 2015-08-07T09:14:33+08:00 ] 127.0.0.1 /YsInnoCenter/YsInnovation/index.php/Admin/Laboratory/getLaboratory
INFO: [ app_begin ] --START--
INFO: Run Behavior\ReadHtmlCacheBehavior [ RunTime:0.000436s ]
INFO: [ app_begin ] --END-- [ RunTime:0.000779s ]
SQL: select organization_id,organization_name from t_organization where organization_type='2' and isshow='0' [ RunTime:0.0009s ]

[ 2015-08-07T09:15:39+08:00 ] 127.0.0.1 /YsInnoCenter/YsInnovation/index.php/Admin/Semester/getSemeName
INFO: [ app_begin ] --START--
INFO: Run Behavior\ReadHtmlCacheBehavior [ RunTime:0.000325s ]
INFO: [ app_begin ] --END-- [ RunTime:0.000568s ]
SQL: select semester_id,semester_name from t_semester where isshow='0' and status_id='1' [ RunTime:0.0011s ]

[ 2015-08-07T09:15:39+08:00 ] 127.0.0.1 /YsInnoCenter/YsInnovation/index.php/Admin/Laboratory/getLaboratory
INFO: [ app_begin ] --START--
INFO: Run Behavior\ReadHtmlCacheBehavior [ RunTime:0.000305s ]
INFO: [ app_begin ] --END-- [ RunTime:0.000549s ]
SQL: select organization_id,organization_name from t_organization where organization_type='2' and isshow='0' [ RunTime:0.0010s ]

[ 2015-08-07T09:15:39+08:00 ] 127.0.0.1 /YsInnoCenter/YsInnovation/index.php/Admin/Laboratory/getLaboratoryUser
INFO: [ app_begin ] --START--
INFO: Run Behavior\ReadHtmlCacheBehavior [ RunTime:0.000304s ]
INFO: [ app_begin ] --END-- [ RunTime:0.000564s ]
SQL: select t_user.* from t_user,t_user_account where t_user_account.organization_id='null' and t_user.user_id=t_user_account.user_id and t_user.is_tea_or_stu='1' [ RunTime:0.0013s ]

[ 2015-08-07T09:16:33+08:00 ] 127.0.0.1 /YsInnoCenter/YsInnovation/index.php/Admin/Semester/getSemeName
INFO: [ app_begin ] --START--
INFO: Run Behavior\ReadHtmlCacheBehavior [ RunTime:0.000327s ]
INFO: [ app_begin ] --END-- [ RunTime:0.000638s ]
SQL: select semester_id,semester_name from t_semester where isshow='0' and status_id='1' [ RunTime:0.0011s ]

[ 2015-08-07T09:16:33+08:00 ] 127.0.0.1 /YsInnoCenter/YsInnovation/index.php/Admin/Laboratory/getLaboratory
INFO: [ app_begin ] --START--
INFO: Run Behavior\ReadHtmlCacheBehavior [ RunTime:0.000320s ]
INFO: [ app_begin ] --END-- [ RunTime:0.000573s ]
SQL: select organization_id,organization_name from t_organization where organization_type='2' and isshow='0' [ RunTime:0.0011s ]

[ 2015-08-07T09:16:33+08:00 ] 127.0.0.1 /YsInnoCenter/YsInnovation/index.php/Admin/Laboratory/getLaboratoryUser
INFO: [ app_begin ] --START--
INFO: Run Behavior\ReadHtmlCacheBehavior [ RunTime:0.000317s ]
INFO: [ app_begin ] --END-- [ RunTime:0.000578s ]
SQL: select t_user.* from t_user,t_user_account where t_user_account.organization_id='null' and t_user.user_id=t_user_account.user_id and t_user.is_tea_or_stu='1' [ RunTime:0.0012s ]

[ 2015-08-07T09:16:34+08:00 ] 127.0.0.1 /YsInnoCenter/YsInnovation/index.php/Admin/Semester/getSemeName
INFO: [ app_begin ] --START--
INFO: Run Behavior\ReadHtmlCacheBehavior [ RunTime:0.000339s ]
INFO: [ app_begin ] --END-- [ RunTime:0.000584s ]
SQL: select semester_id,semester_name from t_semester where isshow='0' and status_id='1' [ RunTime:0.0009s ]

[ 2015-08-07T09:16:34+08:00 ] 127.0.0.1 /YsInnoCenter/YsInnovation/index.php/Admin/Laboratory/getLaboratory
INFO: [ app_begin ] --START--
INFO: Run Behavior\ReadHtmlCacheBehavior [ RunTime:0.000304s ]
INFO: [ app_begin ] --END-- [ RunTime:0.000542s ]
SQL: select organization_id,organization_name from t_organization where organization_type='2' and isshow='0' [ RunTime:0.0011s ]

[ 2015-08-07T09:16:34+08:00 ] 127.0.0.1 /YsInnoCenter/YsInnovation/index.php/Admin/Laboratory/getLaboratoryUser
INFO: [ app_begin ] --START--
INFO: Run Behavior\ReadHtmlCacheBehavior [ RunTime:0.000299s ]
INFO: [ app_begin ] --END-- [ RunTime:0.000539s ]
SQL: select t_user.* from t_user,t_user_account where t_user_account.organization_id='null' and t_user.user_id=t_user_account.user_id and t_user.is_tea_or_stu='1' [ RunTime:0.0012s ]

[ 2015-08-07T09:16:34+08:00 ] 127.0.0.1 /YsInnoCenter/YsInnovation/index.php/Admin/Semester/getSemeName
INFO: [ app_begin ] --START--
INFO: Run Behavior\ReadHtmlCacheBehavior [ RunTime:0.000312s ]
INFO: [ app_begin ] --END-- [ RunTime:0.000557s ]
SQL: select semester_id,semester_name from t_semester where isshow='0' and status_id='1' [ RunTime:0.0016s ]

[ 2015-08-07T09:16:34+08:00 ] 127.0.0.1 /YsInnoCenter/YsInnovation/index.php/Admin/Laboratory/getLaboratory
INFO: [ app_begin ] --START--
INFO: Run Behavior\ReadHtmlCacheBehavior [ RunTime:0.000602s ]
INFO: [ app_begin ] --END-- [ RunTime:0.000846s ]
SQL: select organization_id,organization_name from t_organization where organization_type='2' and isshow='0' [ RunTime:0.0010s ]

[ 2015-08-07T09:16:34+08:00 ] 127.0.0.1 /YsInnoCenter/YsInnovation/index.php/Admin/Laboratory/getLaboratoryUser
INFO: [ app_begin ] --START--
INFO: Run Behavior\ReadHtmlCacheBehavior [ RunTime:0.000328s ]
INFO: [ app_begin ] --END-- [ RunTime:0.000569s ]
SQL: select t_user.* from t_user,t_user_account where t_user_account.organization_id='null' and t_user.user_id=t_user_account.user_id and t_user.is_tea_or_stu='1' [ RunTime:0.0012s ]

[ 2015-08-07T09:16:35+08:00 ] 127.0.0.1 /YsInnoCenter/YsInnovation/index.php/Admin/Semester/getSemeName
INFO: [ app_begin ] --START--
INFO: Run Behavior\ReadHtmlCacheBehavior [ RunTime:0.000362s ]
INFO: [ app_begin ] --END-- [ RunTime:0.000650s ]
SQL: select semester_id,semester_name from t_semester where isshow='0' and status_id='1' [ RunTime:0.0010s ]

[ 2015-08-07T09:16:35+08:00 ] 127.0.0.1 /YsInnoCenter/YsInnovation/index.php/Admin/Laboratory/getLaboratoryUser
INFO: [ app_begin ] --START--
INFO: Run Behavior\ReadHtmlCacheBehavior [ RunTime:0.000361s ]
INFO: [ app_begin ] --END-- [ RunTime:0.000644s ]
SQL: select t_user.* from t_user,t_user_account where t_user_account.organization_id='null' and t_user.user_id=t_user_account.user_id and t_user.is_tea_or_stu='1' [ RunTime:0.0013s ]

[ 2015-08-07T09:16:35+08:00 ] 127.0.0.1 /YsInnoCenter/YsInnovation/index.php/Admin/Laboratory/getLaboratory
INFO: [ app_begin ] --START--
INFO: Run Behavior\ReadHtmlCacheBehavior [ RunTime:0.000367s ]
INFO: [ app_begin ] --END-- [ RunTime:0.000648s ]
SQL: select organization_id,organization_name from t_organization where organization_type='2' and isshow='0' [ RunTime:0.0010s ]

[ 2015-08-07T09:16:35+08:00 ] 127.0.0.1 /YsInnoCenter/YsInnovation/index.php/Admin/Semester/getSemeName
INFO: [ app_begin ] --START--
INFO: Run Behavior\ReadHtmlCacheBehavior [ RunTime:0.000303s ]
INFO: [ app_begin ] --END-- [ RunTime:0.000545s ]
SQL: select semester_id,semester_name from t_semester where isshow='0' and status_id='1' [ RunTime:0.0010s ]

[ 2015-08-07T09:16:35+08:00 ] 127.0.0.1 /YsInnoCenter/YsInnovation/index.php/Admin/Laboratory/getLaboratory
INFO: [ app_begin ] --START--
INFO: Run Behavior\ReadHtmlCacheBehavior [ RunTime:0.000302s ]
INFO: [ app_begin ] --END-- [ RunTime:0.000539s ]
SQL: select organization_id,organization_name from t_organization where organization_type='2' and isshow='0' [ RunTime:0.0010s ]

[ 2015-08-07T09:16:35+08:00 ] 127.0.0.1 /YsInnoCenter/YsInnovation/index.php/Admin/Laboratory/getLaboratoryUser
INFO: [ app_begin ] --START--
INFO: Run Behavior\ReadHtmlCacheBehavior [ RunTime:0.000316s ]
INFO: [ app_begin ] --END-- [ RunTime:0.000560s ]
SQL: select t_user.* from t_user,t_user_account where t_user_account.organization_id='null' and t_user.user_id=t_user_account.user_id and t_user.is_tea_or_stu='1' [ RunTime:0.0012s ]

[ 2015-08-07T09:16:46+08:00 ] 127.0.0.1 /YsInnoCenter/YsInnovation/index.php/Admin/Semester/getSemeName
INFO: [ app_begin ] --START--
INFO: Run Behavior\ReadHtmlCacheBehavior [ RunTime:0.000304s ]
INFO: [ app_begin ] --END-- [ RunTime:0.000548s ]
SQL: select semester_id,semester_name from t_semester where isshow='0' and status_id='1' [ RunTime:0.0011s ]

[ 2015-08-07T09:16:46+08:00 ] 127.0.0.1 /YsInnoCenter/YsInnovation/index.php/Admin/Laboratory/getLaboratory
INFO: [ app_begin ] --START--
INFO: Run Behavior\ReadHtmlCacheBehavior [ RunTime:0.000303s ]
INFO: [ app_begin ] --END-- [ RunTime:0.000540s ]
SQL: select organization_id,organization_name from t_organization where organization_type='2' and isshow='0' [ RunTime:0.0010s ]

[ 2015-08-07T09:16:46+08:00 ] 127.0.0.1 /YsInnoCenter/YsInnovation/index.php/Admin/Laboratory/getLaboratoryUser
INFO: [ app_begin ] --START--
INFO: Run Behavior\ReadHtmlCacheBehavior [ RunTime:0.000300s ]
INFO: [ app_begin ] --END-- [ RunTime:0.000533s ]
SQL: select t_user.* from t_user,t_user_account where t_user_account.organization_id='null' and t_user.user_id=t_user_account.user_id and t_user.is_tea_or_stu='1' [ RunTime:0.0010s ]

[ 2015-08-07T09:17:36+08:00 ] 127.0.0.1 /YsInnoCenter/YsInnovation/index.php/Admin/Semester/getSemeName
INFO: [ app_begin ] --START--
INFO: Run Behavior\ReadHtmlCacheBehavior [ RunTime:0.000307s ]
INFO: [ app_begin ] --END-- [ RunTime:0.000554s ]
SQL: select semester_id,semester_name from t_semester where isshow='0' and status_id='1' [ RunTime:0.0010s ]

[ 2015-08-07T09:17:37+08:00 ] 127.0.0.1 /YsInnoCenter/YsInnovation/index.php/Admin/Laboratory/getLaboratory
INFO: [ app_begin ] --START--
INFO: Run Behavior\ReadHtmlCacheBehavior [ RunTime:0.000313s ]
INFO: [ app_begin ] --END-- [ RunTime:0.000548s ]
SQL: select organization_id,organization_name from t_organization where organization_type='2' and isshow='0' [ RunTime:0.0010s ]

[ 2015-08-07T09:17:37+08:00 ] 127.0.0.1 /YsInnoCenter/YsInnovation/index.php/Admin/Laboratory/getLaboratoryUser
INFO: [ app_begin ] --START--
INFO: Run Behavior\ReadHtmlCacheBehavior [ RunTime:0.000323s ]
INFO: [ app_begin ] --END-- [ RunTime:0.000571s ]
SQL: select t_user.* from t_user,t_user_account where t_user_account.organization_id='null' and t_user.user_id=t_user_account.user_id and t_user.is_tea_or_stu='1' [ RunTime:0.0012s ]

[ 2015-08-07T09:18:17+08:00 ] 127.0.0.1 /YsInnoCenter/YsInnovation/index.php/Admin/Laboratory/getLaboratory
INFO: [ app_begin ] --START--
INFO: Run Behavior\ReadHtmlCacheBehavior [ RunTime:0.000425s ]
INFO: [ app_begin ] --END-- [ RunTime:0.000794s ]
SQL: select organization_id,organization_name from t_organization where organization_type='2' and isshow='0' [ RunTime:0.0011s ]

[ 2015-08-07T09:18:17+08:00 ] 127.0.0.1 /YsInnoCenter/YsInnovation/index.php/Admin/Semester/getSemeName
INFO: [ app_begin ] --START--
INFO: Run Behavior\ReadHtmlCacheBehavior [ RunTime:0.000316s ]
INFO: [ app_begin ] --END-- [ RunTime:0.000590s ]
SQL: select semester_id,semester_name from t_semester where isshow='0' and status_id='1' [ RunTime:0.0011s ]

[ 2015-08-07T09:18:17+08:00 ] 127.0.0.1 /YsInnoCenter/YsInnovation/index.php/Admin/Laboratory/getLaboratoryUser
INFO: [ app_begin ] --START--
INFO: Run Behavior\ReadHtmlCacheBehavior [ RunTime:0.000367s ]
INFO: [ app_begin ] --END-- [ RunTime:0.000606s ]
SQL: select t_user.* from t_user,t_user_account where t_user_account.organization_id='null' and t_user.user_id=t_user_account.user_id and t_user.is_tea_or_stu='1' [ RunTime:0.0010s ]

[ 2015-08-07T09:20:15+08:00 ] 127.0.0.1 /YsInnoCenter/YsInnovation/index.php/Admin/Semester/getSemeName
INFO: [ app_begin ] --START--
INFO: Run Behavior\ReadHtmlCacheBehavior [ RunTime:0.000314s ]
INFO: [ app_begin ] --END-- [ RunTime:0.000572s ]
SQL: select semester_id,semester_name from t_semester where isshow='0' and status_id='1' [ RunTime:0.0010s ]

[ 2015-08-07T09:20:15+08:00 ] 127.0.0.1 /YsInnoCenter/YsInnovation/index.php/Admin/Laboratory/getLaboratoryUser
INFO: [ app_begin ] --START--
INFO: Run Behavior\ReadHtmlCacheBehavior [ RunTime:0.000491s ]
INFO: [ app_begin ] --END-- [ RunTime:0.000764s ]
SQL: select t_user.* from t_user,t_user_account where t_user_account.organization_id='null' and t_user.user_id=t_user_account.user_id and t_user.is_tea_or_stu='1' [ RunTime:0.0012s ]

[ 2015-08-07T09:20:15+08:00 ] 127.0.0.1 /YsInnoCenter/YsInnovation/index.php/Admin/Laboratory/getLaboratory
INFO: [ app_begin ] --START--
INFO: Run Behavior\ReadHtmlCacheBehavior [ RunTime:0.000353s ]
INFO: [ app_begin ] --END-- [ RunTime:0.000624s ]
SQL: select organization_id,organization_name from t_organization where organization_type='2' and isshow='0' [ RunTime:0.0010s ]

[ 2015-08-07T09:23:17+08:00 ] 127.0.0.1 /YsInnoCenter/YsInnovation/index.php/Admin/Laboratory/getLaboratory
INFO: [ app_begin ] --START--
INFO: Run Behavior\ReadHtmlCacheBehavior [ RunTime:0.000308s ]
INFO: [ app_begin ] --END-- [ RunTime:0.000551s ]
SQL: select organization_id,organization_name from t_organization where organization_type='2' and isshow='0' [ RunTime:0.0011s ]

[ 2015-08-07T09:23:17+08:00 ] 127.0.0.1 /YsInnoCenter/YsInnovation/index.php/Admin/Semester/getSemeName
INFO: [ app_begin ] --START--
INFO: Run Behavior\ReadHtmlCacheBehavior [ RunTime:0.000307s ]
INFO: [ app_begin ] --END-- [ RunTime:0.000550s ]
SQL: select semester_id,semester_name from t_semester where isshow='0' and status_id='1' [ RunTime:0.0010s ]

[ 2015-08-07T09:23:17+08:00 ] 127.0.0.1 /YsInnoCenter/YsInnovation/index.php/Admin/Laboratory/getLaboratoryUser
INFO: [ app_begin ] --START--
INFO: Run Behavior\ReadHtmlCacheBehavior [ RunTime:0.000310s ]
INFO: [ app_begin ] --END-- [ RunTime:0.000554s ]
SQL: select t_user.* from t_user,t_user_account where t_user_account.organization_id='null' and t_user.user_id=t_user_account.user_id and t_user.is_tea_or_stu='1' [ RunTime:0.0012s ]

[ 2015-08-07T09:25:20+08:00 ] 127.0.0.1 /YsInnoCenter/YsInnovation/index.php/Admin/Laboratory/getLaboratory
INFO: [ app_begin ] --START--
INFO: Run Behavior\ReadHtmlCacheBehavior [ RunTime:0.000310s ]
INFO: [ app_begin ] --END-- [ RunTime:0.000551s ]
SQL: select organization_id,organization_name from t_organization where organization_type='2' and isshow='0' [ RunTime:0.0011s ]

[ 2015-08-07T09:25:20+08:00 ] 127.0.0.1 /YsInnoCenter/YsInnovation/index.php/Admin/Semester/getSemeName
INFO: [ app_begin ] --START--
INFO: Run Behavior\ReadHtmlCacheBehavior [ RunTime:0.000310s ]
INFO: [ app_begin ] --END-- [ RunTime:0.000554s ]
SQL: select semester_id,semester_name from t_semester where isshow='0' and status_id='1' [ RunTime:0.0010s ]

[ 2015-08-07T09:25:20+08:00 ] 127.0.0.1 /YsInnoCenter/YsInnovation/index.php/Admin/Laboratory/getLaboratoryUser
INFO: [ app_begin ] --START--
INFO: Run Behavior\ReadHtmlCacheBehavior [ RunTime:0.000659s ]
INFO: [ app_begin ] --END-- [ RunTime:0.000895s ]
SQL: select t_user.* from t_user,t_user_account where t_user_account.organization_id='null' and t_user.user_id=t_user_account.user_id and t_user.is_tea_or_stu='1' [ RunTime:0.0012s ]

[ 2015-08-07T09:29:32+08:00 ] 127.0.0.1 /YsInnoCenter/YsInnovation/index.php/Admin/Laboratory/getLaboratory
INFO: [ app_begin ] --START--
INFO: Run Behavior\ReadHtmlCacheBehavior [ RunTime:0.000306s ]
INFO: [ app_begin ] --END-- [ RunTime:0.000557s ]
SQL: select organization_id,organization_name from t_organization where organization_type='2' and isshow='0' [ RunTime:0.0012s ]

[ 2015-08-07T09:29:32+08:00 ] 127.0.0.1 /YsInnoCenter/YsInnovation/index.php/Admin/Semester/getSemeName
INFO: [ app_begin ] --START--
INFO: Run Behavior\ReadHtmlCacheBehavior [ RunTime:0.000320s ]
INFO: [ app_begin ] --END-- [ RunTime:0.000560s ]
SQL: select semester_id,semester_name from t_semester where isshow='0' and status_id='1' [ RunTime:0.0010s ]

[ 2015-08-07T09:29:32+08:00 ] 127.0.0.1 /YsInnoCenter/YsInnovation/index.php/Admin/Laboratory/getLaboratoryUser
INFO: [ app_begin ] --START--
INFO: Run Behavior\ReadHtmlCacheBehavior [ RunTime:0.000388s ]
INFO: [ app_begin ] --END-- [ RunTime:0.000691s ]
SQL: select t_user.* from t_user,t_user_account where t_user_account.organization_id='null' and t_user.user_id=t_user_account.user_id and t_user.is_tea_or_stu='1' [ RunTime:0.0015s ]

[ 2015-08-07T09:31:03+08:00 ] 127.0.0.1 /YsInnoCenter/YsInnovation/index.php/Admin/Laboratory/getLaboratory
INFO: [ app_begin ] --START--
INFO: Run Behavior\ReadHtmlCacheBehavior [ RunTime:0.000308s ]
INFO: [ app_begin ] --END-- [ RunTime:0.000564s ]
SQL: select organization_id,organization_name from t_organization where organization_type='2' and isshow='0' [ RunTime:0.0011s ]

[ 2015-08-07T09:31:03+08:00 ] 127.0.0.1 /YsInnoCenter/YsInnovation/index.php/Admin/Semester/getSemeName
INFO: [ app_begin ] --START--
INFO: Run Behavior\ReadHtmlCacheBehavior [ RunTime:0.000317s ]
INFO: [ app_begin ] --END-- [ RunTime:0.000565s ]
SQL: select semester_id,semester_name from t_semester where isshow='0' and status_id='1' [ RunTime:0.0010s ]

[ 2015-08-07T09:31:03+08:00 ] 127.0.0.1 /YsInnoCenter/YsInnovation/index.php/Admin/Laboratory/getLaboratoryUser
INFO: [ app_begin ] --START--
INFO: Run Behavior\ReadHtmlCacheBehavior [ RunTime:0.000296s ]
INFO: [ app_begin ] --END-- [ RunTime:0.000534s ]
SQL: select t_user.* from t_user,t_user_account where t_user_account.organization_id='null' and t_user.user_id=t_user_account.user_id and t_user.is_tea_or_stu='1' [ RunTime:0.0011s ]

[ 2015-08-07T09:36:10+08:00 ] 127.0.0.1 /YsInnoCenter/YsInnovation/index.php/Admin/Semester/getSemeName
INFO: [ app_begin ] --START--
INFO: Run Behavior\ReadHtmlCacheBehavior [ RunTime:0.000303s ]
INFO: [ app_begin ] --END-- [ RunTime:0.000557s ]
SQL: select semester_id,semester_name from t_semester where isshow='0' and status_id='1' [ RunTime:0.0011s ]

[ 2015-08-07T09:36:10+08:00 ] 127.0.0.1 /YsInnoCenter/YsInnovation/index.php/Admin/Laboratory/getLaboratory
INFO: [ app_begin ] --START--
INFO: Run Behavior\ReadHtmlCacheBehavior [ RunTime:0.000298s ]
INFO: [ app_begin ] --END-- [ RunTime:0.000701s ]
SQL: select organization_id,organization_name from t_organization where organization_type='2' and isshow='0' [ RunTime:0.0011s ]

[ 2015-08-07T09:36:10+08:00 ] 127.0.0.1 /YsInnoCenter/YsInnovation/index.php/Admin/Laboratory/getLaboratoryUser
INFO: [ app_begin ] --START--
INFO: Run Behavior\ReadHtmlCacheBehavior [ RunTime:0.000300s ]
INFO: [ app_begin ] --END-- [ RunTime:0.000534s ]
SQL: select t_user.* from t_user,t_user_account where t_user_account.organization_id='null' and t_user.user_id=t_user_account.user_id and t_user.is_tea_or_stu='1' [ RunTime:0.0012s ]

[ 2015-08-07T09:36:40+08:00 ] 127.0.0.1 /YsInnoCenter/YsInnovation/index.php/Admin/Semester/getSemeName
INFO: [ app_begin ] --START--
INFO: Run Behavior\ReadHtmlCacheBehavior [ RunTime:0.000322s ]
INFO: [ app_begin ] --END-- [ RunTime:0.000587s ]
SQL: select semester_id,semester_name from t_semester where isshow='0' and status_id='1' [ RunTime:0.0012s ]

[ 2015-08-07T09:36:40+08:00 ] 127.0.0.1 /YsInnoCenter/YsInnovation/index.php/Admin/Laboratory/getLaboratory
INFO: [ app_begin ] --START--
INFO: Run Behavior\ReadHtmlCacheBehavior [ RunTime:0.000302s ]
INFO: [ app_begin ] --END-- [ RunTime:0.000538s ]
SQL: select organization_id,organization_name from t_organization where organization_type='2' and isshow='0' [ RunTime:0.0011s ]

[ 2015-08-07T09:36:40+08:00 ] 127.0.0.1 /YsInnoCenter/YsInnovation/index.php/Admin/Laboratory/getLaboratoryUser
INFO: [ app_begin ] --START--
INFO: Run Behavior\ReadHtmlCacheBehavior [ RunTime:0.000656s ]
INFO: [ app_begin ] --END-- [ RunTime:0.000898s ]
SQL: select t_user.* from t_user,t_user_account where t_user_account.organization_id='null' and t_user.user_id=t_user_account.user_id and t_user.is_tea_or_stu='1' [ RunTime:0.0013s ]

[ 2015-08-07T09:37:29+08:00 ] 127.0.0.1 /YsInnoCenter/YsInnovation/index.php/Admin/Laboratory/getLaboratory
INFO: [ app_begin ] --START--
INFO: Run Behavior\ReadHtmlCacheBehavior [ RunTime:0.000411s ]
INFO: [ app_begin ] --END-- [ RunTime:0.002453s ]
SQL: select organization_id,organization_name from t_organization where organization_type='2' and isshow='0' [ RunTime:0.0011s ]

[ 2015-08-07T09:37:29+08:00 ] 127.0.0.1 /YsInnoCenter/YsInnovation/index.php/Admin/Laboratory/getLaboratoryUser
INFO: [ app_begin ] --START--
INFO: Run Behavior\ReadHtmlCacheBehavior [ RunTime:0.000301s ]
INFO: [ app_begin ] --END-- [ RunTime:0.000545s ]
SQL: select t_user.* from t_user,t_user_account where t_user_account.organization_id='null' and t_user.user_id=t_user_account.user_id and t_user.is_tea_or_stu='1' [ RunTime:0.0015s ]

[ 2015-08-07T09:37:29+08:00 ] 127.0.0.1 /YsInnoCenter/YsInnovation/index.php/Admin/Semester/getSemeName
INFO: [ app_begin ] --START--
INFO: Run Behavior\ReadHtmlCacheBehavior [ RunTime:0.000452s ]
INFO: [ app_begin ] --END-- [ RunTime:0.000811s ]
SQL: select semester_id,semester_name from t_semester where isshow='0' and status_id='1' [ RunTime:0.0012s ]

[ 2015-08-07T09:55:00+08:00 ] 127.0.0.1 /YsInnoCenter/YsInnovation/index.php/Admin/Laboratory/getLaboratoryUser
INFO: [ app_begin ] --START--
INFO: Run Behavior\ReadHtmlCacheBehavior [ RunTime:0.000301s ]
INFO: [ app_begin ] --END-- [ RunTime:0.000548s ]
SQL: select t_user.* from t_user,t_user_account where t_user_account.organization_id='null' and t_user.user_id=t_user_account.user_id and t_user.is_tea_or_stu='1' [ RunTime:0.0013s ]

[ 2015-08-07T09:55:00+08:00 ] 127.0.0.1 /YsInnoCenter/YsInnovation/index.php/Admin/Semester/getSemeName
INFO: [ app_begin ] --START--
INFO: Run Behavior\ReadHtmlCacheBehavior [ RunTime:0.001070s ]
INFO: [ app_begin ] --END-- [ RunTime:0.001331s ]
SQL: select semester_id,semester_name from t_semester where isshow='0' and status_id='1' [ RunTime:0.0010s ]

[ 2015-08-07T09:55:00+08:00 ] 127.0.0.1 /YsInnoCenter/YsInnovation/index.php/Admin/Laboratory/getLaboratory
INFO: [ app_begin ] --START--
INFO: Run Behavior\ReadHtmlCacheBehavior [ RunTime:0.000358s ]
INFO: [ app_begin ] --END-- [ RunTime:0.000650s ]
SQL: select organization_id,organization_name from t_organization where organization_type='2' and isshow='0' [ RunTime:0.0023s ]

[ 2015-08-07T09:59:53+08:00 ] 127.0.0.1 /YsInnoCenter/YsInnovation/index.php/Admin/Laboratory/getLaboratory
INFO: [ app_begin ] --START--
INFO: Run Behavior\ReadHtmlCacheBehavior [ RunTime:0.000307s ]
INFO: [ app_begin ] --END-- [ RunTime:0.000546s ]
SQL: select organization_id,organization_name from t_organization where organization_type='2' and isshow='0' [ RunTime:0.0011s ]

[ 2015-08-07T09:59:53+08:00 ] 127.0.0.1 /YsInnoCenter/YsInnovation/index.php/Admin/Semester/getSemeName
INFO: [ app_begin ] --START--
INFO: Run Behavior\ReadHtmlCacheBehavior [ RunTime:0.000333s ]
INFO: [ app_begin ] --END-- [ RunTime:0.000580s ]
SQL: select semester_id,semester_name from t_semester where isshow='0' and status_id='1' [ RunTime:0.0010s ]

[ 2015-08-07T09:59:53+08:00 ] 127.0.0.1 /YsInnoCenter/YsInnovation/index.php/Admin/Laboratory/getLaboratoryUser
INFO: [ app_begin ] --START--
INFO: Run Behavior\ReadHtmlCacheBehavior [ RunTime:0.000416s ]
INFO: [ app_begin ] --END-- [ RunTime:0.000703s ]
SQL: select t_user.* from t_user,t_user_account where t_user_account.organization_id='null' and t_user.user_id=t_user_account.user_id and t_user.is_tea_or_stu='1' [ RunTime:0.0012s ]

[ 2015-08-07T10:02:30+08:00 ] 127.0.0.1 /YsInnoCenter/YsInnovation/index.php/Admin/Semester/getSemeName
INFO: [ app_begin ] --START--
INFO: Run Behavior\ReadHtmlCacheBehavior [ RunTime:0.000354s ]
INFO: [ app_begin ] --END-- [ RunTime:0.000635s ]
SQL: select semester_id,semester_name from t_semester where isshow='0' and status_id='1' [ RunTime:0.0011s ]

[ 2015-08-07T10:02:30+08:00 ] 127.0.0.1 /YsInnoCenter/YsInnovation/index.php/Admin/Laboratory/getLaboratory
INFO: [ app_begin ] --START--
INFO: Run Behavior\ReadHtmlCacheBehavior [ RunTime:0.000335s ]
INFO: [ app_begin ] --END-- [ RunTime:0.000590s ]
SQL: select organization_id,organization_name from t_organization where organization_type='2' and isshow='0' [ RunTime:0.0007s ]

[ 2015-08-07T10:02:30+08:00 ] 127.0.0.1 /YsInnoCenter/YsInnovation/index.php/Admin/Laboratory/getLaboratoryUser
INFO: [ app_begin ] --START--
INFO: Run Behavior\ReadHtmlCacheBehavior [ RunTime:0.000315s ]
INFO: [ app_begin ] --END-- [ RunTime:0.000614s ]
SQL: select t_user.* from t_user,t_user_account where t_user_account.organization_id='null' and t_user.user_id=t_user_account.user_id and t_user.is_tea_or_stu='1' [ RunTime:0.0012s ]

[ 2015-08-07T10:04:09+08:00 ] 127.0.0.1 /YsInnoCenter/YsInnovation/index.php/Admin/Laboratory/getLaboratory
INFO: [ app_begin ] --START--
INFO: Run Behavior\ReadHtmlCacheBehavior [ RunTime:0.000315s ]
INFO: [ app_begin ] --END-- [ RunTime:0.000561s ]
SQL: select organization_id,organization_name from t_organization where organization_type='2' and isshow='0' [ RunTime:0.0012s ]

[ 2015-08-07T10:04:09+08:00 ] 127.0.0.1 /YsInnoCenter/YsInnovation/index.php/Admin/Semester/getSemeName
INFO: [ app_begin ] --START--
INFO: Run Behavior\ReadHtmlCacheBehavior [ RunTime:0.000372s ]
INFO: [ app_begin ] --END-- [ RunTime:0.001011s ]
SQL: select semester_id,semester_name from t_semester where isshow='0' and status_id='1' [ RunTime:0.0010s ]

[ 2015-08-07T10:04:09+08:00 ] 127.0.0.1 /YsInnoCenter/YsInnovation/index.php/Admin/Laboratory/getLaboratoryUser
INFO: [ app_begin ] --START--
INFO: Run Behavior\ReadHtmlCacheBehavior [ RunTime:0.000310s ]
INFO: [ app_begin ] --END-- [ RunTime:0.000559s ]
SQL: select t_user.* from t_user,t_user_account where t_user_account.organization_id='null' and t_user.user_id=t_user_account.user_id and t_user.is_tea_or_stu='1' [ RunTime:0.0013s ]

[ 2015-08-07T10:05:57+08:00 ] 127.0.0.1 /YsInnoCenter/YsInnovation/index.php/Admin/Semester/getSemeName
INFO: [ app_begin ] --START--
INFO: Run Behavior\ReadHtmlCacheBehavior [ RunTime:0.000397s ]
INFO: [ app_begin ] --END-- [ RunTime:0.000676s ]
SQL: select semester_id,semester_name from t_semester where isshow='0' and status_id='1' [ RunTime:0.0010s ]

[ 2015-08-07T10:05:57+08:00 ] 127.0.0.1 /YsInnoCenter/YsInnovation/index.php/Admin/Laboratory/getLaboratory
INFO: [ app_begin ] --START--
INFO: Run Behavior\ReadHtmlCacheBehavior [ RunTime:0.000319s ]
INFO: [ app_begin ] --END-- [ RunTime:0.000632s ]
SQL: select organization_id,organization_name from t_organization where organization_type='2' and isshow='0' [ RunTime:0.0011s ]

[ 2015-08-07T10:05:57+08:00 ] 127.0.0.1 /YsInnoCenter/YsInnovation/index.php/Admin/Laboratory/getLaboratoryUser
INFO: [ app_begin ] --START--
INFO: Run Behavior\ReadHtmlCacheBehavior [ RunTime:0.000335s ]
INFO: [ app_begin ] --END-- [ RunTime:0.000605s ]
SQL: select t_user.* from t_user,t_user_account where t_user_account.organization_id='null' and t_user.user_id=t_user_account.user_id and t_user.is_tea_or_stu='1' [ RunTime:0.0012s ]

[ 2015-08-07T10:07:10+08:00 ] 127.0.0.1 /YsInnoCenter/YsInnovation/index.php/Admin/Semester/getSemeName
INFO: [ app_begin ] --START--
INFO: Run Behavior\ReadHtmlCacheBehavior [ RunTime:0.000303s ]
INFO: [ app_begin ] --END-- [ RunTime:0.000552s ]
SQL: select semester_id,semester_name from t_semester where isshow='0' and status_id='1' [ RunTime:0.0011s ]

[ 2015-08-07T10:07:10+08:00 ] 127.0.0.1 /YsInnoCenter/YsInnovation/index.php/Admin/Laboratory/getLaboratory
INFO: [ app_begin ] --START--
INFO: Run Behavior\ReadHtmlCacheBehavior [ RunTime:0.000302s ]
INFO: [ app_begin ] --END-- [ RunTime:0.000543s ]
SQL: select organization_id,organization_name from t_organization where organization_type='2' and isshow='0' [ RunTime:0.0011s ]

[ 2015-08-07T10:07:10+08:00 ] 127.0.0.1 /YsInnoCenter/YsInnovation/index.php/Admin/Laboratory/getLaboratoryUser
INFO: [ app_begin ] --START--
INFO: Run Behavior\ReadHtmlCacheBehavior [ RunTime:0.000316s ]
INFO: [ app_begin ] --END-- [ RunTime:0.000594s ]
SQL: select t_user.* from t_user,t_user_account where t_user_account.organization_id='null' and t_user.user_id=t_user_account.user_id and t_user.is_tea_or_stu='1' [ RunTime:0.0012s ]

[ 2015-08-07T11:12:20+08:00 ] 127.0.0.1 /YsInnoCenter/YsInnovation/index.php/Admin/Semester/getNum
INFO: [ app_begin ] --START--
INFO: Run Behavior\ReadHtmlCacheBehavior [ RunTime:0.000389s ]
INFO: [ app_begin ] --END-- [ RunTime:0.000721s ]
SQL: select count(*) from t_semester where isshow='0' [ RunTime:0.0009s ]

