[ 2015-08-08T09:32:31+08:00 ] 127.0.0.1 /YsInnoCenter/YsInnovation/index.php/Admin/Semester/getSemeName
INFO: [ app_begin ] --START--
INFO: Run Behavior\ReadHtmlCacheBehavior [ RunTime:0.000306s ]
INFO: [ app_begin ] --END-- [ RunTime:0.000556s ]
SQL: select semester_id,semester_name from t_semester where isshow='0' and status_id='1' [ RunTime:0.0011s ]

[ 2015-08-08T09:32:31+08:00 ] 127.0.0.1 /YsInnoCenter/YsInnovation/index.php/Admin/Laboratory/getLaboratory
INFO: [ app_begin ] --START--
INFO: Run Behavior\ReadHtmlCacheBehavior [ RunTime:0.000393s ]
INFO: [ app_begin ] --END-- [ RunTime:0.000686s ]
SQL: select organization_id,organization_name from t_organization where organization_type='2' and isshow='0' [ RunTime:0.0011s ]

[ 2015-08-08T09:32:31+08:00 ] 127.0.0.1 /YsInnoCenter/YsInnovation/index.php/Admin/Laboratory/getLaboratoryUser
INFO: [ app_begin ] --START--
INFO: Run Behavior\ReadHtmlCacheBehavior [ RunTime:0.000475s ]
INFO: [ app_begin ] --END-- [ RunTime:0.000773s ]
SQL: select t_user.* from t_user,t_user_account where t_user_account.organization_id='null' and t_user.user_id=t_user_account.user_id and t_user.is_tea_or_stu='1' [ RunTime:0.0010s ]

[ 2015-08-08T09:48:34+08:00 ] 127.0.0.1 /YsInnoCenter/YsInnovation/index.php/Admin/Semester/getSemeName
INFO: [ app_begin ] --START--
INFO: Run Behavior\ReadHtmlCacheBehavior [ RunTime:0.000439s ]
INFO: [ app_begin ] --END-- [ RunTime:0.000691s ]
SQL: select semester_id,semester_name from t_semester where isshow='0' and status_id='1' [ RunTime:0.0019s ]

[ 2015-08-08T09:48:34+08:00 ] 127.0.0.1 /YsInnoCenter/YsInnovation/index.php/Admin/Laboratory/getLaboratory
INFO: [ app_begin ] --START--
INFO: Run Behavior\ReadHtmlCacheBehavior [ RunTime:0.000936s ]
INFO: [ app_begin ] --END-- [ RunTime:0.001184s ]
SQL: select organization_id,organization_name from t_organization where organization_type='2' and isshow='0' [ RunTime:0.0013s ]

[ 2015-08-08T09:48:34+08:00 ] 127.0.0.1 /YsInnoCenter/YsInnovation/index.php/Admin/Laboratory/getLaboratoryUser
INFO: [ app_begin ] --START--
INFO: Run Behavior\ReadHtmlCacheBehavior [ RunTime:0.000303s ]
INFO: [ app_begin ] --END-- [ RunTime:0.000549s ]
SQL: select t_user.* from t_user,t_user_account where t_user_account.organization_id='null' and t_user.user_id=t_user_account.user_id and t_user.is_tea_or_stu='1' [ RunTime:0.0014s ]

[ 2015-08-08T10:29:16+08:00 ] 127.0.0.1 /YsInnoCenter/YsInnovation/index.php/Admin/Laboratory/getLaboratory
INFO: [ app_begin ] --START--
INFO: Run Behavior\ReadHtmlCacheBehavior [ RunTime:0.000289s ]
INFO: [ app_begin ] --END-- [ RunTime:0.000518s ]
SQL: select organization_id,organization_name from t_organization where organization_type='2' and isshow='0' [ RunTime:0.0011s ]

[ 2015-08-08T14:50:12+08:00 ] 127.0.0.1 /YsInnoCenter/YsInnovation/index.php/Admin/Laboratory/getLaboratory
INFO: [ app_begin ] --START--
INFO: Run Behavior\ReadHtmlCacheBehavior [ RunTime:0.000347s ]
INFO: [ app_begin ] --END-- [ RunTime:0.000656s ]
SQL: select organization_id,organization_name from t_organization where organization_type='2' and isshow='0' [ RunTime:0.0010s ]

[ 2015-08-08T14:50:12+08:00 ] 127.0.0.1 /YsInnoCenter/YsInnovation/index.php/Admin/Course/getCourseCount
INFO: [ app_begin ] --START--
INFO: Run Behavior\ReadHtmlCacheBehavior [ RunTime:0.000463s ]
INFO: [ app_begin ] --END-- [ RunTime:0.000835s ]
SQL: select count(*) from t_course where isshow='0' and status_id='1' and organization_id='null' [ RunTime:0.0007s ]

[ 2015-08-08T14:50:20+08:00 ] 127.0.0.1 /YsInnoCenter/YsInnovation/index.php/Admin/Laboratory/getLaboratory
INFO: [ app_begin ] --START--
INFO: Run Behavior\ReadHtmlCacheBehavior [ RunTime:0.000365s ]
INFO: [ app_begin ] --END-- [ RunTime:0.000648s ]
SQL: select organization_id,organization_name from t_organization where organization_type='2' and isshow='0' [ RunTime:0.0008s ]

[ 2015-08-08T14:50:20+08:00 ] 127.0.0.1 /YsInnoCenter/YsInnovation/index.php/Admin/Course/getCourseCount
INFO: [ app_begin ] --START--
INFO: Run Behavior\ReadHtmlCacheBehavior [ RunTime:0.000453s ]
INFO: [ app_begin ] --END-- [ RunTime:0.000759s ]
SQL: select count(*) from t_course where isshow='0' and status_id='1' and organization_id='null' [ RunTime:0.0006s ]

[ 2015-08-08T14:52:18+08:00 ] 127.0.0.1 /YsInnoCenter/YsInnovation/index.php/Admin/Laboratory/getLaboratory
INFO: [ app_begin ] --START--
INFO: Run Behavior\ReadHtmlCacheBehavior [ RunTime:0.000364s ]
INFO: [ app_begin ] --END-- [ RunTime:0.000658s ]
SQL: select organization_id,organization_name from t_organization where organization_type='2' and isshow='0' [ RunTime:0.0008s ]

[ 2015-08-08T14:52:18+08:00 ] 127.0.0.1 /YsInnoCenter/YsInnovation/index.php/Admin/Course/getCourseCount
INFO: [ app_begin ] --START--
INFO: Run Behavior\ReadHtmlCacheBehavior [ RunTime:0.000378s ]
INFO: [ app_begin ] --END-- [ RunTime:0.000640s ]
SQL: select count(*) from t_course where isshow='0' and status_id='1' and organization_id='null' [ RunTime:0.0007s ]

[ 2015-08-08T14:52:38+08:00 ] 127.0.0.1 /YsInnoCenter/YsInnovation/index.php/Admin/Laboratory/getLaboratory
INFO: [ app_begin ] --START--
INFO: Run Behavior\ReadHtmlCacheBehavior [ RunTime:0.000299s ]
INFO: [ app_begin ] --END-- [ RunTime:0.000535s ]
SQL: select organization_id,organization_name from t_organization where organization_type='2' and isshow='0' [ RunTime:0.0009s ]

[ 2015-08-08T14:52:38+08:00 ] 127.0.0.1 /YsInnoCenter/YsInnovation/index.php/Admin/Course/getCourseCount
INFO: [ app_begin ] --START--
INFO: Run Behavior\ReadHtmlCacheBehavior [ RunTime:0.000369s ]
INFO: [ app_begin ] --END-- [ RunTime:0.000662s ]
SQL: select count(*) from t_course where isshow='0' and status_id='1' and organization_id='null' [ RunTime:0.0006s ]

[ 2015-08-08T14:53:43+08:00 ] 127.0.0.1 /YsInnoCenter/YsInnovation/index.php/Admin/Laboratory/getLaboratory
INFO: [ app_begin ] --START--
INFO: Run Behavior\ReadHtmlCacheBehavior [ RunTime:0.000298s ]
INFO: [ app_begin ] --END-- [ RunTime:0.000534s ]
SQL: select organization_id,organization_name from t_organization where organization_type='2' and isshow='0' [ RunTime:0.0008s ]

[ 2015-08-08T14:53:46+08:00 ] 127.0.0.1 /YsInnoCenter/YsInnovation/index.php/Admin/Course/getCourseCount
INFO: [ app_begin ] --START--
INFO: Run Behavior\ReadHtmlCacheBehavior [ RunTime:0.000296s ]
INFO: [ app_begin ] --END-- [ RunTime:0.000523s ]
SQL: select count(*) from t_course where isshow='0' and status_id='1' and organization_id='null' [ RunTime:0.0007s ]

[ 2015-08-08T14:58:14+08:00 ] 127.0.0.1 /YsInnoCenter/YsInnovation/index.php/Admin/Laboratory/getLaboratory
INFO: [ app_begin ] --START--
INFO: Run Behavior\ReadHtmlCacheBehavior [ RunTime:0.000335s ]
INFO: [ app_begin ] --END-- [ RunTime:0.000618s ]
SQL: select organization_id,organization_name from t_organization where organization_type='2' and isshow='0' [ RunTime:0.0008s ]

[ 2015-08-08T14:58:17+08:00 ] 127.0.0.1 /YsInnoCenter/YsInnovation/index.php/Admin/Course/getCourseCount
INFO: [ app_begin ] --START--
INFO: Run Behavior\ReadHtmlCacheBehavior [ RunTime:0.000710s ]
INFO: [ app_begin ] --END-- [ RunTime:0.001264s ]
SQL: select count(*) from t_course where isshow='0' and status_id='1' and organization_id='null' [ RunTime:0.0012s ]

[ 2015-08-08T14:58:58+08:00 ] 127.0.0.1 /YsInnoCenter/YsInnovation/index.php/Admin/Laboratory/getLaboratory
INFO: [ app_begin ] --START--
INFO: Run Behavior\ReadHtmlCacheBehavior [ RunTime:0.000290s ]
INFO: [ app_begin ] --END-- [ RunTime:0.000553s ]
SQL: select organization_id,organization_name from t_organization where organization_type='2' and isshow='0' [ RunTime:0.0009s ]

[ 2015-08-08T14:58:59+08:00 ] 127.0.0.1 /YsInnoCenter/YsInnovation/index.php/Admin/Course/getCourseCount
INFO: [ app_begin ] --START--
INFO: Run Behavior\ReadHtmlCacheBehavior [ RunTime:0.000586s ]
INFO: [ app_begin ] --END-- [ RunTime:0.001048s ]
SQL: select count(*) from t_course where isshow='0' and status_id='1' and organization_id='null' [ RunTime:0.0006s ]

[ 2015-08-08T14:59:29+08:00 ] 127.0.0.1 /YsInnoCenter/YsInnovation/index.php/Admin/Laboratory/getLaboratory
INFO: [ app_begin ] --START--
INFO: Run Behavior\ReadHtmlCacheBehavior [ RunTime:0.000286s ]
INFO: [ app_begin ] --END-- [ RunTime:0.000518s ]
SQL: select organization_id,organization_name from t_organization where organization_type='2' and isshow='0' [ RunTime:0.0008s ]

[ 2015-08-08T14:59:30+08:00 ] 127.0.0.1 /YsInnoCenter/YsInnovation/index.php/Admin/Course/getCourseCount
INFO: [ app_begin ] --START--
INFO: Run Behavior\ReadHtmlCacheBehavior [ RunTime:0.000815s ]
INFO: [ app_begin ] --END-- [ RunTime:0.001465s ]
SQL: select count(*) from t_course where isshow='0' and status_id='1' and organization_id='null' [ RunTime:0.0008s ]

[ 2015-08-08T14:59:38+08:00 ] 127.0.0.1 /YsInnoCenter/YsInnovation/index.php/Admin/Laboratory/getLaboratory
INFO: [ app_begin ] --START--
INFO: Run Behavior\ReadHtmlCacheBehavior [ RunTime:0.000296s ]
INFO: [ app_begin ] --END-- [ RunTime:0.000541s ]
SQL: select organization_id,organization_name from t_organization where organization_type='2' and isshow='0' [ RunTime:0.0008s ]

[ 2015-08-08T14:59:40+08:00 ] 127.0.0.1 /YsInnoCenter/YsInnovation/index.php/Admin/Course/getCourseCount
INFO: [ app_begin ] --START--
INFO: Run Behavior\ReadHtmlCacheBehavior [ RunTime:0.000482s ]
INFO: [ app_begin ] --END-- [ RunTime:0.000850s ]
SQL: select count(*) from t_course where isshow='0' and status_id='1' and organization_id='null' [ RunTime:0.0007s ]

[ 2015-08-08T15:00:57+08:00 ] 127.0.0.1 /YsInnoCenter/YsInnovation/index.php/Admin/Laboratory/getLaboratory
INFO: [ app_begin ] --START--
INFO: Run Behavior\ReadHtmlCacheBehavior [ RunTime:0.000339s ]
INFO: [ app_begin ] --END-- [ RunTime:0.000597s ]
SQL: select organization_id,organization_name from t_organization where organization_type='2' and isshow='0' [ RunTime:0.0009s ]

[ 2015-08-08T15:00:58+08:00 ] 127.0.0.1 /YsInnoCenter/YsInnovation/index.php/Admin/Course/getCourseCount
INFO: [ app_begin ] --START--
INFO: Run Behavior\ReadHtmlCacheBehavior [ RunTime:0.000548s ]
INFO: [ app_begin ] --END-- [ RunTime:0.001006s ]
SQL: select count(*) from t_course where isshow='0' and status_id='1' and organization_id='null' [ RunTime:0.0008s ]

[ 2015-08-08T15:01:49+08:00 ] 127.0.0.1 /YsInnoCenter/YsInnovation/index.php/Admin/Laboratory/getLaboratory
INFO: [ app_begin ] --START--
INFO: Run Behavior\ReadHtmlCacheBehavior [ RunTime:0.000573s ]
INFO: [ app_begin ] --END-- [ RunTime:0.001040s ]
SQL: select organization_id,organization_name from t_organization where organization_type='2' and isshow='0' [ RunTime:0.0009s ]

[ 2015-08-08T15:01:50+08:00 ] 127.0.0.1 /YsInnoCenter/YsInnovation/index.php/Admin/Course/getCourseCount
INFO: [ app_begin ] --START--
INFO: Run Behavior\ReadHtmlCacheBehavior [ RunTime:0.000945s ]
INFO: [ app_begin ] --END-- [ RunTime:0.001685s ]
SQL: select count(*) from t_course where isshow='0' and status_id='1' and organization_id='null' [ RunTime:0.0007s ]

[ 2015-08-08T15:02:10+08:00 ] 127.0.0.1 /YsInnoCenter/YsInnovation/index.php/Admin/Laboratory/getLaboratory
INFO: [ app_begin ] --START--
INFO: Run Behavior\ReadHtmlCacheBehavior [ RunTime:0.000528s ]
INFO: [ app_begin ] --END-- [ RunTime:0.001000s ]
SQL: select organization_id,organization_name from t_organization where organization_type='2' and isshow='0' [ RunTime:0.0008s ]

[ 2015-08-08T15:02:11+08:00 ] 127.0.0.1 /YsInnoCenter/YsInnovation/index.php/Admin/Course/getCourseCount
INFO: [ app_begin ] --START--
INFO: Run Behavior\ReadHtmlCacheBehavior [ RunTime:0.000437s ]
INFO: [ app_begin ] --END-- [ RunTime:0.000774s ]
SQL: select count(*) from t_course where isshow='0' and status_id='1' and organization_id='null' [ RunTime:0.0007s ]

[ 2015-08-08T15:10:18+08:00 ] 127.0.0.1 /YsInnoCenter/YsInnovation/index.php/Admin/Laboratory/getLaboratory
INFO: [ app_begin ] --START--
INFO: Run Behavior\ReadHtmlCacheBehavior [ RunTime:0.000720s ]
INFO: [ app_begin ] --END-- [ RunTime:0.001312s ]
SQL: select organization_id,organization_name from t_organization where organization_type='2' and isshow='0' [ RunTime:0.0009s ]

[ 2015-08-08T15:10:19+08:00 ] 127.0.0.1 /YsInnoCenter/YsInnovation/index.php/Admin/Course/getCourseCount
INFO: [ app_begin ] --START--
INFO: Run Behavior\ReadHtmlCacheBehavior [ RunTime:0.000441s ]
INFO: [ app_begin ] --END-- [ RunTime:0.000790s ]
SQL: select count(*) from t_course where isshow='0' and status_id='1' and organization_id='null' [ RunTime:0.0009s ]

[ 2015-08-08T15:22:14+08:00 ] 127.0.0.1 /YsInnoCenter/YsInnovation/index.php/Admin/Course/getCourseCount
INFO: [ app_begin ] --START--
INFO: Run Behavior\ReadHtmlCacheBehavior [ RunTime:0.000518s ]
INFO: [ app_begin ] --END-- [ RunTime:0.000921s ]
SQL: select count(*) from t_course where isshow='0' and status_id='1' and organization_id='1' [ RunTime:0.0007s ]

[ 2015-08-08T15:22:42+08:00 ] 127.0.0.1 /YsInnoCenter/YsInnovation/index.php/Admin/Course/getCourseCount
INFO: [ app_begin ] --START--
INFO: Run Behavior\ReadHtmlCacheBehavior [ RunTime:0.000565s ]
INFO: [ app_begin ] --END-- [ RunTime:0.001001s ]
SQL: select count(*) from t_course where isshow='0' and status_id='1' and organization_id='1' [ RunTime:0.0007s ]

[ 2015-08-08T15:22:47+08:00 ] 127.0.0.1 /YsInnoCenter/YsInnovation/index.php/Admin/Course/getCourseCount
INFO: [ app_begin ] --START--
INFO: Run Behavior\ReadHtmlCacheBehavior [ RunTime:0.000361s ]
INFO: [ app_begin ] --END-- [ RunTime:0.000640s ]
SQL: select count(*) from t_course where isshow='0' and status_id='1' and organization_id='1' [ RunTime:0.0007s ]

[ 2015-08-08T15:23:04+08:00 ] 127.0.0.1 /YsInnoCenter/YsInnovation/index.php/Admin/Course/getCourseCount
INFO: [ app_begin ] --START--
INFO: Run Behavior\ReadHtmlCacheBehavior [ RunTime:0.000413s ]
INFO: [ app_begin ] --END-- [ RunTime:0.000733s ]
SQL: select count(*) from t_course where isshow='0' and status_id='1' and organization_id='1' [ RunTime:0.0009s ]

[ 2015-08-08T15:23:07+08:00 ] 127.0.0.1 /YsInnoCenter/YsInnovation/index.php/Admin/Course/getCourseCount
INFO: [ app_begin ] --START--
INFO: Run Behavior\ReadHtmlCacheBehavior [ RunTime:0.000597s ]
INFO: [ app_begin ] --END-- [ RunTime:0.001077s ]
SQL: select count(*) from t_course where isshow='0' and status_id='1' and organization_id='1' [ RunTime:0.0007s ]

[ 2015-08-08T15:23:11+08:00 ] 127.0.0.1 /YsInnoCenter/YsInnovation/index.php/Admin/Course/getCourseCount
INFO: [ app_begin ] --START--
INFO: Run Behavior\ReadHtmlCacheBehavior [ RunTime:0.000631s ]
INFO: [ app_begin ] --END-- [ RunTime:0.001144s ]
SQL: select count(*) from t_course where isshow='0' and status_id='1' and organization_id='1' [ RunTime:0.0010s ]

[ 2015-08-08T15:25:13+08:00 ] 127.0.0.1 /YsInnoCenter/YsInnovation/index.php/Admin/Course/getCourseCount
INFO: [ app_begin ] --START--
INFO: Run Behavior\ReadHtmlCacheBehavior [ RunTime:0.000714s ]
INFO: [ app_begin ] --END-- [ RunTime:0.001281s ]
SQL: select count(*) from t_course where isshow='0' and status_id='1' and organization_id='1' [ RunTime:0.0007s ]

[ 2015-08-08T15:26:28+08:00 ] 127.0.0.1 /YsInnoCenter/YsInnovation/index.php/Admin/Course/getCourseCount
INFO: [ app_begin ] --START--
INFO: Run Behavior\ReadHtmlCacheBehavior [ RunTime:0.000408s ]
INFO: [ app_begin ] --END-- [ RunTime:0.000743s ]
SQL: select count(*) from t_course where isshow='0' and status_id='1' and organization_id='all' [ RunTime:0.0007s ]

[ 2015-08-08T15:28:08+08:00 ] 127.0.0.1 /YsInnoCenter/YsInnovation/index.php/Admin/Course/getCourseCount
INFO: [ app_begin ] --START--
INFO: Run Behavior\ReadHtmlCacheBehavior [ RunTime:0.000843s ]
INFO: [ app_begin ] --END-- [ RunTime:0.001481s ]
SQL: select count(*) from t_course where isshow='0' and status_id='1' [ RunTime:0.0006s ]

[ 2015-08-08T15:46:54+08:00 ] 127.0.0.1 /YsInnoCenter/YsInnovation/index.php/Admin/Course/getCourseCount
INFO: [ app_begin ] --START--
INFO: Run Behavior\ReadHtmlCacheBehavior [ RunTime:0.000342s ]
INFO: [ app_begin ] --END-- [ RunTime:0.000629s ]
SQL: select count(*) from t_course where isshow='0' and status_id='1' [ RunTime:0.0008s ]

[ 2015-08-08T16:00:34+08:00 ] 127.0.0.1 /YsInnoCenter/YsInnovation/index.php/Admin/Course/getCourseCount
INFO: [ app_begin ] --START--
INFO: Run Behavior\ReadHtmlCacheBehavior [ RunTime:0.000330s ]
INFO: [ app_begin ] --END-- [ RunTime:0.000565s ]
SQL: select count(*) from t_course where isshow='0' and status_id='1' [ RunTime:0.0005s ]

[ 2015-08-08T16:01:16+08:00 ] 127.0.0.1 /YsInnoCenter/YsInnovation/index.php/Admin/Course/getCourseCount
INFO: [ app_begin ] --START--
INFO: Run Behavior\ReadHtmlCacheBehavior [ RunTime:0.000328s ]
INFO: [ app_begin ] --END-- [ RunTime:0.000648s ]
SQL: select count(*) from t_course where isshow='0' and status_id='1' [ RunTime:0.0005s ]

[ 2015-08-08T16:03:45+08:00 ] 127.0.0.1 /YsInnoCenter/YsInnovation/index.php/Admin/Course/getCourseCount
INFO: [ app_begin ] --START--
INFO: Run Behavior\ReadHtmlCacheBehavior [ RunTime:0.000325s ]
INFO: [ app_begin ] --END-- [ RunTime:0.000562s ]
SQL: select count(*) from t_course where isshow='0' and status_id='1' [ RunTime:0.0011s ]

[ 2015-08-08T16:03:46+08:00 ] 127.0.0.1 /YsInnoCenter/YsInnovation/index.php/Admin/Course/getCourseCount
INFO: [ app_begin ] --START--
INFO: Run Behavior\ReadHtmlCacheBehavior [ RunTime:0.000325s ]
INFO: [ app_begin ] --END-- [ RunTime:0.000607s ]
SQL: select count(*) from t_course where isshow='0' and status_id='1' [ RunTime:0.0010s ]

[ 2015-08-08T16:03:46+08:00 ] 127.0.0.1 /YsInnoCenter/YsInnovation/index.php/Admin/Course/getCourseCount
INFO: [ app_begin ] --START--
INFO: Run Behavior\ReadHtmlCacheBehavior [ RunTime:0.000339s ]
INFO: [ app_begin ] --END-- [ RunTime:0.000602s ]
SQL: select count(*) from t_course where isshow='0' and status_id='1' [ RunTime:0.0010s ]

[ 2015-08-08T16:03:46+08:00 ] 127.0.0.1 /YsInnoCenter/YsInnovation/index.php/Admin/Course/getCourseCount
INFO: [ app_begin ] --START--
INFO: Run Behavior\ReadHtmlCacheBehavior [ RunTime:0.000303s ]
INFO: [ app_begin ] --END-- [ RunTime:0.000576s ]
SQL: select count(*) from t_course where isshow='0' and status_id='1' [ RunTime:0.0006s ]

[ 2015-08-08T16:03:46+08:00 ] 127.0.0.1 /YsInnoCenter/YsInnovation/index.php/Admin/Course/getCourseCount
INFO: [ app_begin ] --START--
INFO: Run Behavior\ReadHtmlCacheBehavior [ RunTime:0.000294s ]
INFO: [ app_begin ] --END-- [ RunTime:0.000558s ]
SQL: select count(*) from t_course where isshow='0' and status_id='1' [ RunTime:0.0009s ]

[ 2015-08-08T16:03:47+08:00 ] 127.0.0.1 /YsInnoCenter/YsInnovation/index.php/Admin/Course/getCourseCount
INFO: [ app_begin ] --START--
INFO: Run Behavior\ReadHtmlCacheBehavior [ RunTime:0.000327s ]
INFO: [ app_begin ] --END-- [ RunTime:0.000552s ]
SQL: select count(*) from t_course where isshow='0' and status_id='1' [ RunTime:0.0008s ]

[ 2015-08-08T16:03:50+08:00 ] 127.0.0.1 /YsInnoCenter/YsInnovation/index.php/Admin/Course/getCourseCount
INFO: [ app_begin ] --START--
INFO: Run Behavior\ReadHtmlCacheBehavior [ RunTime:0.000305s ]
INFO: [ app_begin ] --END-- [ RunTime:0.000541s ]
SQL: select count(*) from t_course where isshow='0' and status_id='1' [ RunTime:0.0005s ]

[ 2015-08-08T16:04:22+08:00 ] 127.0.0.1 /YsInnoCenter/YsInnovation/index.php/Admin/Course/getCourseCount
INFO: [ app_begin ] --START--
INFO: Run Behavior\ReadHtmlCacheBehavior [ RunTime:0.000298s ]
INFO: [ app_begin ] --END-- [ RunTime:0.000530s ]
SQL: select count(*) from t_course where isshow='0' and status_id='1' [ RunTime:0.0006s ]

[ 2015-08-08T16:04:22+08:00 ] 127.0.0.1 /YsInnoCenter/YsInnovation/index.php/Admin/Course/getCourseListData
INFO: [ app_begin ] --START--
INFO: Run Behavior\ReadHtmlCacheBehavior [ RunTime:0.000388s ]
INFO: [ app_begin ] --END-- [ RunTime:0.000623s ]
SQL: select * from t_course where status_id='1' and isshow=0 limit 0,10 [ RunTime:0.0013s ]
SQL: SHOW COLUMNS FROM `t_organization` [ RunTime:0.0020s ]
SQL: SELECT * FROM `t_organization` WHERE ( organization_id=1 )  [ RunTime:0.0011s ]
NOTIC: [8] Undefined index: organization_name E:\wamp\www\YsInnoCenter\YsInnovation\Admin\Controller\CourseController.class.php 第 159 行.
SQL: SHOW COLUMNS FROM `t_user` [ RunTime:0.0018s ]
SQL: SELECT * FROM `t_user` WHERE ( user_id=2 )  [ RunTime:0.0008s ]
NOTIC: [8] Undefined index: user_name E:\wamp\www\YsInnoCenter\YsInnovation\Admin\Controller\CourseController.class.php 第 164 行.
SQL: SELECT * FROM `t_user` WHERE ( user_id=1 )  [ RunTime:0.0008s ]
NOTIC: [8] Undefined index: user_name E:\wamp\www\YsInnoCenter\YsInnovation\Admin\Controller\CourseController.class.php 第 169 行.

[ 2015-08-08T16:10:27+08:00 ] 127.0.0.1 /YsInnoCenter/YsInnovation/index.php/Admin/Course/getCourseListData
INFO: [ app_begin ] --START--
INFO: Run Behavior\ReadHtmlCacheBehavior [ RunTime:0.000306s ]
INFO: [ app_begin ] --END-- [ RunTime:0.000557s ]
SQL: select * from t_course where status_id='1' and isshow=0 limit 0,10 [ RunTime:0.0014s ]
SQL: SHOW COLUMNS FROM `t_organization` [ RunTime:0.0020s ]
SQL: SELECT * FROM `t_organization` WHERE ( organization_id=1 )  [ RunTime:0.0017s ]
NOTIC: [8] Undefined index: organization_name E:\wamp\www\YsInnoCenter\YsInnovation\Admin\Controller\CourseController.class.php 第 159 行.
SQL: SHOW COLUMNS FROM `t_user` [ RunTime:0.0017s ]
SQL: SELECT * FROM `t_user` WHERE ( user_id=2 )  [ RunTime:0.0008s ]
NOTIC: [8] Undefined index: user_name E:\wamp\www\YsInnoCenter\YsInnovation\Admin\Controller\CourseController.class.php 第 164 行.
SQL: SELECT * FROM `t_user` WHERE ( user_id=1 )  [ RunTime:0.0007s ]
NOTIC: [8] Undefined index: user_name E:\wamp\www\YsInnoCenter\YsInnovation\Admin\Controller\CourseController.class.php 第 169 行.

[ 2015-08-08T16:10:27+08:00 ] 127.0.0.1 /YsInnoCenter/YsInnovation/index.php/Admin/Course/getCourseCount
INFO: [ app_begin ] --START--
INFO: Run Behavior\ReadHtmlCacheBehavior [ RunTime:0.000770s ]
INFO: [ app_begin ] --END-- [ RunTime:0.001139s ]
SQL: select count(*) from t_course where isshow='0' and status_id='1' [ RunTime:0.0006s ]

[ 2015-08-08T16:10:58+08:00 ] 127.0.0.1 /YsInnoCenter/YsInnovation/index.php/Admin/Course/getCourseCount
INFO: [ app_begin ] --START--
INFO: Run Behavior\ReadHtmlCacheBehavior [ RunTime:0.000317s ]
INFO: [ app_begin ] --END-- [ RunTime:0.000586s ]
SQL: select count(*) from t_course where isshow='0' and status_id='1' [ RunTime:0.0006s ]

[ 2015-08-08T16:10:58+08:00 ] 127.0.0.1 /YsInnoCenter/YsInnovation/index.php/Admin/Course/getCourseListData
INFO: [ app_begin ] --START--
INFO: Run Behavior\ReadHtmlCacheBehavior [ RunTime:0.000303s ]
INFO: [ app_begin ] --END-- [ RunTime:0.000550s ]
SQL: select * from t_course where status_id='1' and isshow=0 limit 0,10 [ RunTime:0.0014s ]
SQL: SHOW COLUMNS FROM `t_organization` [ RunTime:0.0021s ]
SQL: SELECT * FROM `t_organization` WHERE ( organization_id=1 )  [ RunTime:0.0012s ]
NOTIC: [8] Undefined index: organization_name E:\wamp\www\YsInnoCenter\YsInnovation\Admin\Controller\CourseController.class.php 第 159 行.
SQL: SHOW COLUMNS FROM `t_user` [ RunTime:0.0018s ]
SQL: SELECT * FROM `t_user` WHERE ( user_id=2 )  [ RunTime:0.0008s ]
NOTIC: [8] Undefined index: user_name E:\wamp\www\YsInnoCenter\YsInnovation\Admin\Controller\CourseController.class.php 第 164 行.
SQL: SELECT * FROM `t_user` WHERE ( user_id=1 )  [ RunTime:0.0008s ]
NOTIC: [8] Undefined index: user_name E:\wamp\www\YsInnoCenter\YsInnovation\Admin\Controller\CourseController.class.php 第 169 行.

[ 2015-08-08T16:11:15+08:00 ] 127.0.0.1 /YsInnoCenter/YsInnovation/index.php/Admin/Course/getCourseCount
INFO: [ app_begin ] --START--
INFO: Run Behavior\ReadHtmlCacheBehavior [ RunTime:0.000308s ]
INFO: [ app_begin ] --END-- [ RunTime:0.000554s ]
SQL: select count(*) from t_course where isshow='0' and status_id='1' [ RunTime:0.0006s ]

[ 2015-08-08T16:11:15+08:00 ] 127.0.0.1 /YsInnoCenter/YsInnovation/index.php/Admin/Course/getCourseListData
INFO: [ app_begin ] --START--
INFO: Run Behavior\ReadHtmlCacheBehavior [ RunTime:0.000303s ]
INFO: [ app_begin ] --END-- [ RunTime:0.000541s ]
SQL: select * from t_course where status_id='1' and isshow=0 limit 0,10 [ RunTime:0.0014s ]
SQL: SHOW COLUMNS FROM `t_organization` [ RunTime:0.0021s ]
SQL: SELECT * FROM `t_organization` WHERE ( organization_id=1 )  [ RunTime:0.0011s ]
NOTIC: [8] Undefined index: organization_name E:\wamp\www\YsInnoCenter\YsInnovation\Admin\Controller\CourseController.class.php 第 159 行.
SQL: SHOW COLUMNS FROM `t_user` [ RunTime:0.0019s ]
SQL: SELECT * FROM `t_user` WHERE ( user_id=2 )  [ RunTime:0.0009s ]
NOTIC: [8] Undefined index: user_name E:\wamp\www\YsInnoCenter\YsInnovation\Admin\Controller\CourseController.class.php 第 164 行.
SQL: SELECT * FROM `t_user` WHERE ( user_id=1 )  [ RunTime:0.0008s ]
NOTIC: [8] Undefined index: user_name E:\wamp\www\YsInnoCenter\YsInnovation\Admin\Controller\CourseController.class.php 第 169 行.

[ 2015-08-08T16:11:34+08:00 ] 127.0.0.1 /YsInnoCenter/YsInnovation/index.php/Admin/Course/getCourseCount
INFO: [ app_begin ] --START--
INFO: Run Behavior\ReadHtmlCacheBehavior [ RunTime:0.000325s ]
INFO: [ app_begin ] --END-- [ RunTime:0.000583s ]
SQL: select count(*) from t_course where isshow='0' and status_id='1' [ RunTime:0.0010s ]

[ 2015-08-08T16:11:34+08:00 ] 127.0.0.1 /YsInnoCenter/YsInnovation/index.php/Admin/Course/getCourseListData
INFO: [ app_begin ] --START--
INFO: Run Behavior\ReadHtmlCacheBehavior [ RunTime:0.000301s ]
INFO: [ app_begin ] --END-- [ RunTime:0.000544s ]
SQL: select * from t_course where status_id='1' and isshow=0 limit 0,10 [ RunTime:0.0014s ]
SQL: SHOW COLUMNS FROM `t_organization` [ RunTime:0.0024s ]
SQL: SELECT * FROM `t_organization` WHERE ( organization_id=1 )  [ RunTime:0.0012s ]
NOTIC: [8] Undefined index: organization_name E:\wamp\www\YsInnoCenter\YsInnovation\Admin\Controller\CourseController.class.php 第 159 行.
SQL: SHOW COLUMNS FROM `t_user` [ RunTime:0.0022s ]
SQL: SELECT * FROM `t_user` WHERE ( user_id=2 )  [ RunTime:0.0011s ]
NOTIC: [8] Undefined index: user_name E:\wamp\www\YsInnoCenter\YsInnovation\Admin\Controller\CourseController.class.php 第 164 行.
SQL: SELECT * FROM `t_user` WHERE ( user_id=1 )  [ RunTime:0.0007s ]
NOTIC: [8] Undefined index: user_name E:\wamp\www\YsInnoCenter\YsInnovation\Admin\Controller\CourseController.class.php 第 169 行.

[ 2015-08-08T16:11:50+08:00 ] 127.0.0.1 /YsInnoCenter/YsInnovation/index.php/Admin/Course/getCourseCount
INFO: [ app_begin ] --START--
INFO: Run Behavior\ReadHtmlCacheBehavior [ RunTime:0.000338s ]
INFO: [ app_begin ] --END-- [ RunTime:0.000590s ]
SQL: select count(*) from t_course where isshow='0' and status_id='1' [ RunTime:0.0006s ]

[ 2015-08-08T16:11:52+08:00 ] 127.0.0.1 /YsInnoCenter/YsInnovation/index.php/Admin/Course/getCourseCount
INFO: [ app_begin ] --START--
INFO: Run Behavior\ReadHtmlCacheBehavior [ RunTime:0.000312s ]
INFO: [ app_begin ] --END-- [ RunTime:0.000574s ]
SQL: select count(*) from t_course where isshow='0' and status_id='1' [ RunTime:0.0007s ]

[ 2015-08-08T16:11:52+08:00 ] 127.0.0.1 /YsInnoCenter/YsInnovation/index.php/Admin/Course/getCourseCount
INFO: [ app_begin ] --START--
INFO: Run Behavior\ReadHtmlCacheBehavior [ RunTime:0.000378s ]
INFO: [ app_begin ] --END-- [ RunTime:0.000778s ]
SQL: select count(*) from t_course where isshow='0' and status_id='1' [ RunTime:0.0006s ]

[ 2015-08-08T16:11:52+08:00 ] 127.0.0.1 /YsInnoCenter/YsInnovation/index.php/Admin/Course/getCourseCount
INFO: [ app_begin ] --START--
INFO: Run Behavior\ReadHtmlCacheBehavior [ RunTime:0.000333s ]
INFO: [ app_begin ] --END-- [ RunTime:0.000570s ]
SQL: select count(*) from t_course where isshow='0' and status_id='1' [ RunTime:0.0006s ]

[ 2015-08-08T16:11:52+08:00 ] 127.0.0.1 /YsInnoCenter/YsInnovation/index.php/Admin/Course/getCourseCount
INFO: [ app_begin ] --START--
INFO: Run Behavior\ReadHtmlCacheBehavior [ RunTime:0.000320s ]
INFO: [ app_begin ] --END-- [ RunTime:0.000553s ]
SQL: select count(*) from t_course where isshow='0' and status_id='1' [ RunTime:0.0006s ]

[ 2015-08-08T16:11:54+08:00 ] 127.0.0.1 /YsInnoCenter/YsInnovation/index.php/Admin/Course/getCourseCount
INFO: [ app_begin ] --START--
INFO: Run Behavior\ReadHtmlCacheBehavior [ RunTime:0.000292s ]
INFO: [ app_begin ] --END-- [ RunTime:0.000551s ]
SQL: select count(*) from t_course where isshow='0' and status_id='1' [ RunTime:0.0006s ]

[ 2015-08-08T16:11:54+08:00 ] 127.0.0.1 /YsInnoCenter/YsInnovation/index.php/Admin/Course/getCourseCount
INFO: [ app_begin ] --START--
INFO: Run Behavior\ReadHtmlCacheBehavior [ RunTime:0.000322s ]
INFO: [ app_begin ] --END-- [ RunTime:0.000579s ]
SQL: select count(*) from t_course where isshow='0' and status_id='1' [ RunTime:0.0005s ]

[ 2015-08-08T16:11:55+08:00 ] 127.0.0.1 /YsInnoCenter/YsInnovation/index.php/Admin/Course/getCourseCount
INFO: [ app_begin ] --START--
INFO: Run Behavior\ReadHtmlCacheBehavior [ RunTime:0.000293s ]
INFO: [ app_begin ] --END-- [ RunTime:0.000530s ]
SQL: select count(*) from t_course where isshow='0' and status_id='1' [ RunTime:0.0006s ]

[ 2015-08-08T16:13:05+08:00 ] 127.0.0.1 /YsInnoCenter/YsInnovation/index.php/Admin/Course/getCourseCount
INFO: [ app_begin ] --START--
INFO: Run Behavior\ReadHtmlCacheBehavior [ RunTime:0.000306s ]
INFO: [ app_begin ] --END-- [ RunTime:0.000551s ]
SQL: select count(*) from t_course where isshow='0' and status_id='1' [ RunTime:0.0006s ]

[ 2015-08-08T16:13:07+08:00 ] 127.0.0.1 /YsInnoCenter/YsInnovation/index.php/Admin/Course/getCourseCount
INFO: [ app_begin ] --START--
INFO: Run Behavior\ReadHtmlCacheBehavior [ RunTime:0.000420s ]
INFO: [ app_begin ] --END-- [ RunTime:0.000762s ]
SQL: select count(*) from t_course where isshow='0' and status_id='1' [ RunTime:0.0005s ]

[ 2015-08-08T16:13:25+08:00 ] 127.0.0.1 /YsInnoCenter/YsInnovation/index.php/Admin/Course/getCourseListData
INFO: [ app_begin ] --START--
INFO: Run Behavior\ReadHtmlCacheBehavior [ RunTime:0.000308s ]
INFO: [ app_begin ] --END-- [ RunTime:0.000555s ]
SQL: select * from t_course where status_id='1' and isshow=0 limit 0,10 [ RunTime:0.0014s ]
SQL: SHOW COLUMNS FROM `t_organization` [ RunTime:0.0030s ]
SQL: SELECT * FROM `t_organization` WHERE ( organization_id=1 )  [ RunTime:0.0011s ]
NOTIC: [8] Undefined index: organization_name E:\wamp\www\YsInnoCenter\YsInnovation\Admin\Controller\CourseController.class.php 第 159 行.
SQL: SHOW COLUMNS FROM `t_user` [ RunTime:0.0017s ]
SQL: SELECT * FROM `t_user` WHERE ( user_id=2 )  [ RunTime:0.0008s ]
NOTIC: [8] Undefined index: user_name E:\wamp\www\YsInnoCenter\YsInnovation\Admin\Controller\CourseController.class.php 第 164 行.
SQL: SELECT * FROM `t_user` WHERE ( user_id=1 )  [ RunTime:0.0008s ]
NOTIC: [8] Undefined index: user_name E:\wamp\www\YsInnoCenter\YsInnovation\Admin\Controller\CourseController.class.php 第 169 行.

[ 2015-08-08T16:13:25+08:00 ] 127.0.0.1 /YsInnoCenter/YsInnovation/index.php/Admin/Course/getCourseCount
INFO: [ app_begin ] --START--
INFO: Run Behavior\ReadHtmlCacheBehavior [ RunTime:0.000452s ]
INFO: [ app_begin ] --END-- [ RunTime:0.000795s ]
SQL: select count(*) from t_course where isshow='0' and status_id='1' [ RunTime:0.0005s ]

[ 2015-08-08T16:23:51+08:00 ] 127.0.0.1 /YsInnoCenter/YsInnovation/index.php/Admin/Course/getCourseCount
INFO: [ app_begin ] --START--
INFO: Run Behavior\ReadHtmlCacheBehavior [ RunTime:0.000386s ]
INFO: [ app_begin ] --END-- [ RunTime:0.000629s ]
SQL: select count(*) from t_course where isshow='0' and status_id='1' [ RunTime:0.0005s ]

[ 2015-08-08T16:23:51+08:00 ] 127.0.0.1 /YsInnoCenter/YsInnovation/index.php/Admin/Course/getCourseListData
INFO: [ app_begin ] --START--
INFO: Run Behavior\ReadHtmlCacheBehavior [ RunTime:0.000392s ]
INFO: [ app_begin ] --END-- [ RunTime:0.000631s ]
SQL: select * from t_course where status_id='1' and isshow=0 limit 0,10 [ RunTime:0.0013s ]
SQL: SHOW COLUMNS FROM `t_organization` [ RunTime:0.0021s ]
SQL: SELECT * FROM `t_organization` WHERE ( organization_id=1 )  [ RunTime:0.0011s ]
SQL: SHOW COLUMNS FROM `t_user` [ RunTime:0.0016s ]
SQL: SELECT * FROM `t_user` WHERE ( user_id=2 )  [ RunTime:0.0007s ]
SQL: SELECT * FROM `t_user` WHERE ( user_id=1 )  [ RunTime:0.0007s ]

[ 2015-08-08T16:24:15+08:00 ] 127.0.0.1 /YsInnoCenter/YsInnovation/index.php/Admin/Course/getCourseCount
INFO: [ app_begin ] --START--
INFO: Run Behavior\ReadHtmlCacheBehavior [ RunTime:0.000358s ]
INFO: [ app_begin ] --END-- [ RunTime:0.000675s ]
SQL: select count(*) from t_course where isshow='0' and status_id='1' [ RunTime:0.0006s ]

[ 2015-08-08T16:24:16+08:00 ] 127.0.0.1 /YsInnoCenter/YsInnovation/index.php/Admin/Course/getCourseListData
INFO: [ app_begin ] --START--
INFO: Run Behavior\ReadHtmlCacheBehavior [ RunTime:0.000439s ]
INFO: [ app_begin ] --END-- [ RunTime:0.000672s ]
SQL: select * from t_course where status_id='1' and isshow=0 limit 0,10 [ RunTime:0.0013s ]
SQL: SHOW COLUMNS FROM `t_organization` [ RunTime:0.0021s ]
SQL: SELECT * FROM `t_organization` WHERE ( organization_id=1 )  [ RunTime:0.0011s ]
SQL: SHOW COLUMNS FROM `t_user` [ RunTime:0.0017s ]
SQL: SELECT * FROM `t_user` WHERE ( user_id=2 )  [ RunTime:0.0006s ]
SQL: SELECT * FROM `t_user` WHERE ( user_id=1 )  [ RunTime:0.0006s ]

[ 2015-08-08T16:24:22+08:00 ] 127.0.0.1 /YsInnoCenter/YsInnovation/index.php/Admin/Course/getCourseCount
INFO: [ app_begin ] --START--
INFO: Run Behavior\ReadHtmlCacheBehavior [ RunTime:0.000328s ]
INFO: [ app_begin ] --END-- [ RunTime:0.000578s ]
SQL: select count(*) from t_course where isshow='0' and status_id='1' [ RunTime:0.0006s ]

[ 2015-08-08T16:24:22+08:00 ] 127.0.0.1 /YsInnoCenter/YsInnovation/index.php/Admin/Course/getCourseListData
INFO: [ app_begin ] --START--
INFO: Run Behavior\ReadHtmlCacheBehavior [ RunTime:0.000338s ]
INFO: [ app_begin ] --END-- [ RunTime:0.000581s ]
SQL: select * from t_course where status_id='1' and isshow=0 limit 0,10 [ RunTime:0.0014s ]
SQL: SHOW COLUMNS FROM `t_organization` [ RunTime:0.0020s ]
SQL: SELECT * FROM `t_organization` WHERE ( organization_id=1 )  [ RunTime:0.0011s ]
SQL: SHOW COLUMNS FROM `t_user` [ RunTime:0.0016s ]
SQL: SELECT * FROM `t_user` WHERE ( user_id=2 )  [ RunTime:0.0007s ]
SQL: SELECT * FROM `t_user` WHERE ( user_id=1 )  [ RunTime:0.0006s ]

[ 2015-08-08T16:26:09+08:00 ] 127.0.0.1 /YsInnoCenter/YsInnovation/index.php/Admin/Course/getCourseCount
INFO: [ app_begin ] --START--
INFO: Run Behavior\ReadHtmlCacheBehavior [ RunTime:0.000406s ]
INFO: [ app_begin ] --END-- [ RunTime:0.000663s ]
SQL: select count(*) from t_course where isshow='0' and status_id='1' [ RunTime:0.0005s ]

[ 2015-08-08T16:26:09+08:00 ] 127.0.0.1 /YsInnoCenter/YsInnovation/index.php/Admin/Course/getCourseListData
INFO: [ app_begin ] --START--
INFO: Run Behavior\ReadHtmlCacheBehavior [ RunTime:0.000321s ]
INFO: [ app_begin ] --END-- [ RunTime:0.000566s ]
SQL: select * from t_course where status_id='1' and isshow=0 limit 0,10 [ RunTime:0.0013s ]
SQL: SHOW COLUMNS FROM `t_organization` [ RunTime:0.0023s ]
SQL: SELECT * FROM `t_organization` WHERE ( organization_id=1 )  [ RunTime:0.0012s ]
SQL: SHOW COLUMNS FROM `t_user` [ RunTime:0.0021s ]
SQL: SELECT * FROM `t_user` WHERE ( user_id=2 )  [ RunTime:0.0016s ]
SQL: SELECT * FROM `t_user` WHERE ( user_id=1 )  [ RunTime:0.0015s ]

[ 2015-08-08T16:40:07+08:00 ] 127.0.0.1 /YsInnoCenter/YsInnovation/index.php/Admin/Course/getCourseCount
INFO: [ app_begin ] --START--
INFO: Run Behavior\ReadHtmlCacheBehavior [ RunTime:0.000309s ]
INFO: [ app_begin ] --END-- [ RunTime:0.000590s ]
SQL: select count(*) from t_course where isshow='0' and status_id='1' [ RunTime:0.0007s ]

[ 2015-08-08T16:40:07+08:00 ] 127.0.0.1 /YsInnoCenter/YsInnovation/index.php/Admin/Course/getCourseListData
INFO: [ app_begin ] --START--
INFO: Run Behavior\ReadHtmlCacheBehavior [ RunTime:0.000299s ]
INFO: [ app_begin ] --END-- [ RunTime:0.000565s ]
SQL: select * from t_course where status_id='1' and isshow=0 limit 0,10 [ RunTime:0.0013s ]
SQL: SHOW COLUMNS FROM `t_organization` [ RunTime:0.0021s ]
SQL: SELECT * FROM `t_organization` WHERE ( organization_id=1 )  [ RunTime:0.0011s ]
SQL: SHOW COLUMNS FROM `t_user` [ RunTime:0.0018s ]
SQL: SELECT * FROM `t_user` WHERE ( user_id=2 )  [ RunTime:0.0007s ]
SQL: SELECT * FROM `t_user` WHERE ( user_id=1 )  [ RunTime:0.0008s ]

[ 2015-08-08T16:40:42+08:00 ] 127.0.0.1 /YsInnoCenter/YsInnovation/index.php/Admin/Course/getCourseCount
INFO: [ app_begin ] --START--
INFO: Run Behavior\ReadHtmlCacheBehavior [ RunTime:0.000344s ]
INFO: [ app_begin ] --END-- [ RunTime:0.000585s ]
SQL: select count(*) from t_course where isshow='0' and status_id='1' [ RunTime:0.0006s ]

[ 2015-08-08T16:40:42+08:00 ] 127.0.0.1 /YsInnoCenter/YsInnovation/index.php/Admin/Course/getCourseListData
INFO: [ app_begin ] --START--
INFO: Run Behavior\ReadHtmlCacheBehavior [ RunTime:0.000301s ]
INFO: [ app_begin ] --END-- [ RunTime:0.000532s ]
SQL: select * from t_course where status_id='1' and isshow=0 limit 0,10 [ RunTime:0.0015s ]
SQL: SHOW COLUMNS FROM `t_organization` [ RunTime:0.0020s ]
SQL: SELECT * FROM `t_organization` WHERE ( organization_id=1 )  [ RunTime:0.0011s ]
SQL: SHOW COLUMNS FROM `t_user` [ RunTime:0.0016s ]
SQL: SELECT * FROM `t_user` WHERE ( user_id=2 )  [ RunTime:0.0007s ]
SQL: SELECT * FROM `t_user` WHERE ( user_id=1 )  [ RunTime:0.0007s ]

[ 2015-08-08T16:41:18+08:00 ] 127.0.0.1 /YsInnoCenter/YsInnovation/index.php/Admin/Course/getCourseCount
INFO: [ app_begin ] --START--
INFO: Run Behavior\ReadHtmlCacheBehavior [ RunTime:0.000342s ]
INFO: [ app_begin ] --END-- [ RunTime:0.000619s ]
SQL: select count(*) from t_course where isshow='0' and status_id='1' [ RunTime:0.0006s ]

[ 2015-08-08T16:41:18+08:00 ] 127.0.0.1 /YsInnoCenter/YsInnovation/index.php/Admin/Course/getCourseListData
INFO: [ app_begin ] --START--
INFO: Run Behavior\ReadHtmlCacheBehavior [ RunTime:0.000339s ]
INFO: [ app_begin ] --END-- [ RunTime:0.000634s ]
SQL: select * from t_course where status_id='1' and isshow=0 limit 0,10 [ RunTime:0.0013s ]
SQL: SHOW COLUMNS FROM `t_organization` [ RunTime:0.0020s ]
SQL: SELECT * FROM `t_organization` WHERE ( organization_id=1 )  [ RunTime:0.0011s ]
SQL: SHOW COLUMNS FROM `t_user` [ RunTime:0.0017s ]
SQL: SELECT * FROM `t_user` WHERE ( user_id=2 )  [ RunTime:0.0007s ]
SQL: SELECT * FROM `t_user` WHERE ( user_id=1 )  [ RunTime:0.0010s ]

[ 2015-08-08T16:41:38+08:00 ] 127.0.0.1 /YsInnoCenter/YsInnovation/index.php/Admin/Course/getCourseCount
INFO: [ app_begin ] --START--
INFO: Run Behavior\ReadHtmlCacheBehavior [ RunTime:0.000303s ]
INFO: [ app_begin ] --END-- [ RunTime:0.000568s ]
SQL: select count(*) from t_course where isshow='0' and status_id='1' [ RunTime:0.0005s ]

[ 2015-08-08T16:41:38+08:00 ] 127.0.0.1 /YsInnoCenter/YsInnovation/index.php/Admin/Course/getCourseListData
INFO: [ app_begin ] --START--
INFO: Run Behavior\ReadHtmlCacheBehavior [ RunTime:0.000353s ]
INFO: [ app_begin ] --END-- [ RunTime:0.000652s ]
SQL: select * from t_course where status_id='1' and isshow=0 limit 0,10 [ RunTime:0.0014s ]
SQL: SHOW COLUMNS FROM `t_organization` [ RunTime:0.0021s ]
SQL: SELECT * FROM `t_organization` WHERE ( organization_id=1 )  [ RunTime:0.0011s ]
SQL: SHOW COLUMNS FROM `t_user` [ RunTime:0.0018s ]
SQL: SELECT * FROM `t_user` WHERE ( user_id=2 )  [ RunTime:0.0008s ]
SQL: SELECT * FROM `t_user` WHERE ( user_id=1 )  [ RunTime:0.0007s ]

[ 2015-08-08T16:41:44+08:00 ] 127.0.0.1 /YsInnoCenter/YsInnovation/index.php/Admin/Course/getCourseCount
INFO: [ app_begin ] --START--
INFO: Run Behavior\ReadHtmlCacheBehavior [ RunTime:0.000324s ]
INFO: [ app_begin ] --END-- [ RunTime:0.000577s ]
SQL: select count(*) from t_course where isshow='0' and status_id='1' [ RunTime:0.0008s ]

[ 2015-08-08T16:41:44+08:00 ] 127.0.0.1 /YsInnoCenter/YsInnovation/index.php/Admin/Course/getCourseListData
INFO: [ app_begin ] --START--
INFO: Run Behavior\ReadHtmlCacheBehavior [ RunTime:0.000320s ]
INFO: [ app_begin ] --END-- [ RunTime:0.000571s ]
SQL: select * from t_course where status_id='1' and isshow=0 limit 0,10 [ RunTime:0.0014s ]
SQL: SHOW COLUMNS FROM `t_organization` [ RunTime:0.0021s ]
SQL: SELECT * FROM `t_organization` WHERE ( organization_id=1 )  [ RunTime:0.0012s ]
SQL: SHOW COLUMNS FROM `t_user` [ RunTime:0.0018s ]
SQL: SELECT * FROM `t_user` WHERE ( user_id=2 )  [ RunTime:0.0008s ]
SQL: SELECT * FROM `t_user` WHERE ( user_id=1 )  [ RunTime:0.0008s ]

[ 2015-08-08T16:41:52+08:00 ] 127.0.0.1 /YsInnoCenter/YsInnovation/index.php/Admin/Course/getCourseCount
INFO: [ app_begin ] --START--
INFO: Run Behavior\ReadHtmlCacheBehavior [ RunTime:0.000326s ]
INFO: [ app_begin ] --END-- [ RunTime:0.000564s ]
SQL: select count(*) from t_course where isshow='0' and status_id='1' [ RunTime:0.0006s ]

[ 2015-08-08T16:41:52+08:00 ] 127.0.0.1 /YsInnoCenter/YsInnovation/index.php/Admin/Course/getCourseListData
INFO: [ app_begin ] --START--
INFO: Run Behavior\ReadHtmlCacheBehavior [ RunTime:0.000353s ]
INFO: [ app_begin ] --END-- [ RunTime:0.000601s ]
SQL: select * from t_course where status_id='1' and isshow=0 limit 0,10 [ RunTime:0.0014s ]
SQL: SHOW COLUMNS FROM `t_organization` [ RunTime:0.0022s ]
SQL: SELECT * FROM `t_organization` WHERE ( organization_id=1 )  [ RunTime:0.0012s ]
SQL: SHOW COLUMNS FROM `t_user` [ RunTime:0.0018s ]
SQL: SELECT * FROM `t_user` WHERE ( user_id=2 )  [ RunTime:0.0008s ]
SQL: SELECT * FROM `t_user` WHERE ( user_id=1 )  [ RunTime:0.0007s ]

[ 2015-08-08T16:42:11+08:00 ] 127.0.0.1 /YsInnoCenter/YsInnovation/index.php/Admin/Course/getCourseCount
INFO: [ app_begin ] --START--
INFO: Run Behavior\ReadHtmlCacheBehavior [ RunTime:0.000409s ]
INFO: [ app_begin ] --END-- [ RunTime:0.000695s ]
SQL: select count(*) from t_course where isshow='0' and status_id='1' [ RunTime:0.0006s ]

[ 2015-08-08T16:42:11+08:00 ] 127.0.0.1 /YsInnoCenter/YsInnovation/index.php/Admin/Course/getCourseListData
INFO: [ app_begin ] --START--
INFO: Run Behavior\ReadHtmlCacheBehavior [ RunTime:0.000419s ]
INFO: [ app_begin ] --END-- [ RunTime:0.000677s ]
SQL: select * from t_course where status_id='1' and isshow=0 limit 0,10 [ RunTime:0.0014s ]
SQL: SHOW COLUMNS FROM `t_organization` [ RunTime:0.0021s ]
SQL: SELECT * FROM `t_organization` WHERE ( organization_id=1 )  [ RunTime:0.0011s ]
SQL: SHOW COLUMNS FROM `t_user` [ RunTime:0.0019s ]
SQL: SELECT * FROM `t_user` WHERE ( user_id=2 )  [ RunTime:0.0008s ]
SQL: SELECT * FROM `t_user` WHERE ( user_id=1 )  [ RunTime:0.0008s ]

[ 2015-08-08T16:42:47+08:00 ] 127.0.0.1 /YsInnoCenter/YsInnovation/index.php/Admin/Course/getCourseCount
INFO: [ app_begin ] --START--
INFO: Run Behavior\ReadHtmlCacheBehavior [ RunTime:0.000314s ]
INFO: [ app_begin ] --END-- [ RunTime:0.000552s ]
SQL: select count(*) from t_course where isshow='0' and status_id='1' [ RunTime:0.0013s ]

[ 2015-08-08T16:42:47+08:00 ] 127.0.0.1 /YsInnoCenter/YsInnovation/index.php/Admin/Course/getCourseListData
INFO: [ app_begin ] --START--
INFO: Run Behavior\ReadHtmlCacheBehavior [ RunTime:0.000339s ]
INFO: [ app_begin ] --END-- [ RunTime:0.000594s ]
SQL: select * from t_course where status_id='1' and isshow=0 limit 0,10 [ RunTime:0.0013s ]
SQL: SHOW COLUMNS FROM `t_organization` [ RunTime:0.0021s ]
SQL: SELECT * FROM `t_organization` WHERE ( organization_id=1 )  [ RunTime:0.0011s ]
SQL: SHOW COLUMNS FROM `t_user` [ RunTime:0.0026s ]
SQL: SELECT * FROM `t_user` WHERE ( user_id=2 )  [ RunTime:0.0008s ]
SQL: SELECT * FROM `t_user` WHERE ( user_id=1 )  [ RunTime:0.0007s ]

[ 2015-08-08T16:44:42+08:00 ] 127.0.0.1 /YsInnoCenter/YsInnovation/index.php/Admin/Course/getCourseCount
INFO: [ app_begin ] --START--
INFO: Run Behavior\ReadHtmlCacheBehavior [ RunTime:0.000365s ]
INFO: [ app_begin ] --END-- [ RunTime:0.000628s ]
SQL: select count(*) from t_course where isshow='0' and status_id='1' [ RunTime:0.0012s ]

[ 2015-08-08T16:44:43+08:00 ] 127.0.0.1 /YsInnoCenter/YsInnovation/index.php/Admin/Course/getCourseListData
INFO: [ app_begin ] --START--
INFO: Run Behavior\ReadHtmlCacheBehavior [ RunTime:0.000396s ]
INFO: [ app_begin ] --END-- [ RunTime:0.000659s ]
SQL: select * from t_course where status_id='1' and isshow=0 limit 0,10 [ RunTime:0.0015s ]
SQL: SHOW COLUMNS FROM `t_organization` [ RunTime:0.0021s ]
SQL: SELECT * FROM `t_organization` WHERE ( organization_id=1 )  [ RunTime:0.0011s ]
SQL: SHOW COLUMNS FROM `t_user` [ RunTime:0.0017s ]
SQL: SELECT * FROM `t_user` WHERE ( user_id=2 )  [ RunTime:0.0007s ]
SQL: SELECT * FROM `t_user` WHERE ( user_id=1 )  [ RunTime:0.0007s ]
SQL: SELECT * FROM `t_organization` WHERE ( organization_id=2 )  [ RunTime:0.0010s ]
SQL: SELECT * FROM `t_user` WHERE ( user_id=2 )  [ RunTime:0.0007s ]
SQL: SELECT * FROM `t_user` WHERE ( user_id=1 )  [ RunTime:0.0006s ]

[ 2015-08-08T16:45:30+08:00 ] 127.0.0.1 /YsInnoCenter/YsInnovation/index.php/Admin/Course/getCourseCount
INFO: [ app_begin ] --START--
INFO: Run Behavior\ReadHtmlCacheBehavior [ RunTime:0.000317s ]
INFO: [ app_begin ] --END-- [ RunTime:0.000556s ]
SQL: select count(*) from t_course where isshow='0' and status_id='1' [ RunTime:0.0014s ]

[ 2015-08-08T16:45:30+08:00 ] 127.0.0.1 /YsInnoCenter/YsInnovation/index.php/Admin/Course/getCourseListData
INFO: [ app_begin ] --START--
INFO: Run Behavior\ReadHtmlCacheBehavior [ RunTime:0.000303s ]
INFO: [ app_begin ] --END-- [ RunTime:0.000538s ]
SQL: select * from t_course where status_id='1' and isshow=0 limit 0,10 [ RunTime:0.0017s ]
SQL: SHOW COLUMNS FROM `t_organization` [ RunTime:0.0022s ]
SQL: SELECT * FROM `t_organization` WHERE ( organization_id=1 )  [ RunTime:0.0019s ]
SQL: SHOW COLUMNS FROM `t_user` [ RunTime:0.0018s ]
SQL: SELECT * FROM `t_user` WHERE ( user_id=2 )  [ RunTime:0.0008s ]
SQL: SELECT * FROM `t_user` WHERE ( user_id=1 )  [ RunTime:0.0008s ]
SQL: SELECT * FROM `t_organization` WHERE ( organization_id=2 )  [ RunTime:0.0011s ]
SQL: SELECT * FROM `t_user` WHERE ( user_id=2 )  [ RunTime:0.0008s ]
SQL: SELECT * FROM `t_user` WHERE ( user_id=1 )  [ RunTime:0.0008s ]

[ 2015-08-08T16:46:59+08:00 ] 127.0.0.1 /YsInnoCenter/YsInnovation/index.php/Admin/Course/getCourseCount
INFO: [ app_begin ] --START--
INFO: Run Behavior\ReadHtmlCacheBehavior [ RunTime:0.000450s ]
INFO: [ app_begin ] --END-- [ RunTime:0.000821s ]
SQL: select count(*) from t_course where isshow='0' and status_id='1' [ RunTime:0.0007s ]

[ 2015-08-08T16:46:59+08:00 ] 127.0.0.1 /YsInnoCenter/YsInnovation/index.php/Admin/Course/getCourseListData
INFO: [ app_begin ] --START--
INFO: Run Behavior\ReadHtmlCacheBehavior [ RunTime:0.000570s ]
INFO: [ app_begin ] --END-- [ RunTime:0.000922s ]
SQL: select * from t_course where status_id='1' and isshow=0 limit 0,10 [ RunTime:0.0015s ]
SQL: SHOW COLUMNS FROM `t_organization` [ RunTime:0.0022s ]
SQL: SELECT * FROM `t_organization` WHERE ( organization_id=1 )  [ RunTime:0.0011s ]
SQL: SHOW COLUMNS FROM `t_user` [ RunTime:0.0026s ]
SQL: SELECT * FROM `t_user` WHERE ( user_id=2 )  [ RunTime:0.0008s ]
SQL: SELECT * FROM `t_user` WHERE ( user_id=1 )  [ RunTime:0.0009s ]
SQL: SELECT * FROM `t_organization` WHERE ( organization_id=2 )  [ RunTime:0.0013s ]
SQL: SELECT * FROM `t_user` WHERE ( user_id=2 )  [ RunTime:0.0009s ]
SQL: SELECT * FROM `t_user` WHERE ( user_id=1 )  [ RunTime:0.0009s ]

[ 2015-08-08T16:47:49+08:00 ] 127.0.0.1 /YsInnoCenter/YsInnovation/index.php/Admin/Course/getCourseCount
INFO: [ app_begin ] --START--
INFO: Run Behavior\ReadHtmlCacheBehavior [ RunTime:0.000485s ]
INFO: [ app_begin ] --END-- [ RunTime:0.000866s ]
SQL: select count(*) from t_course where isshow='0' and status_id='1' [ RunTime:0.0008s ]

[ 2015-08-08T16:47:49+08:00 ] 127.0.0.1 /YsInnoCenter/YsInnovation/index.php/Admin/Course/getCourseListData
INFO: [ app_begin ] --START--
INFO: Run Behavior\ReadHtmlCacheBehavior [ RunTime:0.000477s ]
INFO: [ app_begin ] --END-- [ RunTime:0.000868s ]
SQL: select * from t_course where status_id='1' and isshow=0 limit 0,10 [ RunTime:0.0023s ]
SQL: SHOW COLUMNS FROM `t_organization` [ RunTime:0.0024s ]
SQL: SELECT * FROM `t_organization` WHERE ( organization_id=1 )  [ RunTime:0.0012s ]
SQL: SHOW COLUMNS FROM `t_user` [ RunTime:0.0027s ]
SQL: SELECT * FROM `t_user` WHERE ( user_id=2 )  [ RunTime:0.0014s ]
SQL: SELECT * FROM `t_user` WHERE ( user_id=1 )  [ RunTime:0.0015s ]
SQL: SELECT * FROM `t_organization` WHERE ( organization_id=2 )  [ RunTime:0.0012s ]
SQL: SELECT * FROM `t_user` WHERE ( user_id=2 )  [ RunTime:0.0008s ]
SQL: SELECT * FROM `t_user` WHERE ( user_id=1 )  [ RunTime:0.0009s ]

[ 2015-08-08T16:56:26+08:00 ] 127.0.0.1 /YsInnoCenter/YsInnovation/index.php/Admin/Course/getCourseCount
INFO: [ app_begin ] --START--
INFO: Run Behavior\ReadHtmlCacheBehavior [ RunTime:0.000480s ]
INFO: [ app_begin ] --END-- [ RunTime:0.000875s ]
SQL: select count(*) from t_course where isshow='0' and status_id='1' [ RunTime:0.0006s ]

[ 2015-08-08T16:56:26+08:00 ] 127.0.0.1 /YsInnoCenter/YsInnovation/index.php/Admin/Course/getCourseListData
INFO: [ app_begin ] --START--
INFO: Run Behavior\ReadHtmlCacheBehavior [ RunTime:0.000607s ]
INFO: [ app_begin ] --END-- [ RunTime:0.001036s ]
SQL: select * from t_course where status_id='1' and isshow=0 limit 0,10 [ RunTime:0.0015s ]
SQL: SHOW COLUMNS FROM `t_organization` [ RunTime:0.0021s ]
SQL: SELECT * FROM `t_organization` WHERE ( organization_id=1 )  [ RunTime:0.0011s ]
SQL: SHOW COLUMNS FROM `t_user` [ RunTime:0.0018s ]
SQL: SELECT * FROM `t_user` WHERE ( user_id=2 )  [ RunTime:0.0008s ]
SQL: SELECT * FROM `t_user` WHERE ( user_id=1 )  [ RunTime:0.0007s ]
SQL: SELECT * FROM `t_organization` WHERE ( organization_id=2 )  [ RunTime:0.0011s ]
SQL: SELECT * FROM `t_user` WHERE ( user_id=2 )  [ RunTime:0.0007s ]
SQL: SELECT * FROM `t_user` WHERE ( user_id=1 )  [ RunTime:0.0008s ]

[ 2015-08-08T16:56:45+08:00 ] 127.0.0.1 /YsInnoCenter/YsInnovation/index.php/Admin/Course/getCourseCount
INFO: [ app_begin ] --START--
INFO: Run Behavior\ReadHtmlCacheBehavior [ RunTime:0.000453s ]
INFO: [ app_begin ] --END-- [ RunTime:0.000889s ]
SQL: select count(*) from t_course where isshow='0' and status_id='1' [ RunTime:0.0007s ]

[ 2015-08-08T16:56:45+08:00 ] 127.0.0.1 /YsInnoCenter/YsInnovation/index.php/Admin/Course/getCourseListData
INFO: [ app_begin ] --START--
INFO: Run Behavior\ReadHtmlCacheBehavior [ RunTime:0.000442s ]
INFO: [ app_begin ] --END-- [ RunTime:0.000831s ]
SQL: select * from t_course where status_id='1' and isshow=0 limit 0,10 [ RunTime:0.0015s ]
SQL: SHOW COLUMNS FROM `t_organization` [ RunTime:0.0020s ]
SQL: SELECT * FROM `t_organization` WHERE ( organization_id=1 )  [ RunTime:0.0012s ]
SQL: SHOW COLUMNS FROM `t_user` [ RunTime:0.0020s ]
SQL: SELECT * FROM `t_user` WHERE ( user_id=2 )  [ RunTime:0.0014s ]
SQL: SELECT * FROM `t_user` WHERE ( user_id=1 )  [ RunTime:0.0008s ]
SQL: SELECT * FROM `t_organization` WHERE ( organization_id=2 )  [ RunTime:0.0011s ]
SQL: SELECT * FROM `t_user` WHERE ( user_id=2 )  [ RunTime:0.0008s ]
SQL: SELECT * FROM `t_user` WHERE ( user_id=1 )  [ RunTime:0.0008s ]

[ 2015-08-08T17:00:30+08:00 ] 127.0.0.1 /YsInnoCenter/YsInnovation/index.php/Admin/Course/getCourseCount
INFO: [ app_begin ] --START--
INFO: Run Behavior\ReadHtmlCacheBehavior [ RunTime:0.000333s ]
INFO: [ app_begin ] --END-- [ RunTime:0.000580s ]
SQL: select count(*) from t_course where isshow='0' and status_id='1' [ RunTime:0.0006s ]

[ 2015-08-08T17:00:30+08:00 ] 127.0.0.1 /YsInnoCenter/YsInnovation/index.php/Admin/Course/getCourseListData
INFO: [ app_begin ] --START--
INFO: Run Behavior\ReadHtmlCacheBehavior [ RunTime:0.000337s ]
INFO: [ app_begin ] --END-- [ RunTime:0.000596s ]
SQL: select * from t_course where status_id='1' and isshow=0 limit 0,10 [ RunTime:0.0014s ]
SQL: SHOW COLUMNS FROM `t_organization` [ RunTime:0.0021s ]
SQL: SELECT * FROM `t_organization` WHERE ( organization_id=1 )  [ RunTime:0.0012s ]
SQL: SHOW COLUMNS FROM `t_user` [ RunTime:0.0018s ]
SQL: SELECT * FROM `t_user` WHERE ( user_id=2 )  [ RunTime:0.0008s ]
SQL: SELECT * FROM `t_user` WHERE ( user_id=1 )  [ RunTime:0.0007s ]
SQL: SELECT * FROM `t_organization` WHERE ( organization_id=2 )  [ RunTime:0.0010s ]
SQL: SELECT * FROM `t_user` WHERE ( user_id=2 )  [ RunTime:0.0007s ]
SQL: SELECT * FROM `t_user` WHERE ( user_id=1 )  [ RunTime:0.0007s ]

[ 2015-08-08T17:03:08+08:00 ] 127.0.0.1 /YsInnoCenter/YsInnovation/index.php/Admin/Course/getCourseCount
INFO: [ app_begin ] --START--
INFO: Run Behavior\ReadHtmlCacheBehavior [ RunTime:0.000664s ]
INFO: [ app_begin ] --END-- [ RunTime:0.001199s ]
SQL: select count(*) from t_course where isshow='0' and status_id='1' [ RunTime:0.0007s ]

[ 2015-08-08T17:03:08+08:00 ] 127.0.0.1 /YsInnoCenter/YsInnovation/index.php/Admin/Course/getCourseListData
INFO: [ app_begin ] --START--
INFO: Run Behavior\ReadHtmlCacheBehavior [ RunTime:0.000422s ]
INFO: [ app_begin ] --END-- [ RunTime:0.000765s ]
SQL: select * from t_course where status_id='1' and isshow=0 limit 0,10 [ RunTime:0.0015s ]
SQL: SHOW COLUMNS FROM `t_organization` [ RunTime:0.0023s ]
SQL: SELECT * FROM `t_organization` WHERE ( organization_id=1 )  [ RunTime:0.0020s ]
SQL: SHOW COLUMNS FROM `t_user` [ RunTime:0.0019s ]
SQL: SELECT * FROM `t_user` WHERE ( user_id=2 )  [ RunTime:0.0008s ]
SQL: SELECT * FROM `t_user` WHERE ( user_id=1 )  [ RunTime:0.0007s ]
SQL: SELECT * FROM `t_organization` WHERE ( organization_id=2 )  [ RunTime:0.0011s ]
SQL: SELECT * FROM `t_user` WHERE ( user_id=2 )  [ RunTime:0.0007s ]
SQL: SELECT * FROM `t_user` WHERE ( user_id=1 )  [ RunTime:0.0008s ]

[ 2015-08-08T17:03:59+08:00 ] 127.0.0.1 /YsInnoCenter/YsInnovation/index.php/Admin/Course/getCourseCount
INFO: [ app_begin ] --START--
INFO: Run Behavior\ReadHtmlCacheBehavior [ RunTime:0.000540s ]
INFO: [ app_begin ] --END-- [ RunTime:0.000985s ]
SQL: select count(*) from t_course where isshow='0' and status_id='1' [ RunTime:0.0006s ]

[ 2015-08-08T17:04:00+08:00 ] 127.0.0.1 /YsInnoCenter/YsInnovation/index.php/Admin/Course/getCourseCount
INFO: [ app_begin ] --START--
INFO: Run Behavior\ReadHtmlCacheBehavior [ RunTime:0.000308s ]
INFO: [ app_begin ] --END-- [ RunTime:0.000553s ]
SQL: select count(*) from t_course where isshow='0' and status_id='1' [ RunTime:0.0006s ]

[ 2015-08-08T17:04:01+08:00 ] 127.0.0.1 /YsInnoCenter/YsInnovation/index.php/Admin/Course/getCourseCount
INFO: [ app_begin ] --START--
INFO: Run Behavior\ReadHtmlCacheBehavior [ RunTime:0.000309s ]
INFO: [ app_begin ] --END-- [ RunTime:0.000556s ]
SQL: select count(*) from t_course where isshow='0' and status_id='1' [ RunTime:0.0006s ]

[ 2015-08-08T17:04:01+08:00 ] 127.0.0.1 /YsInnoCenter/YsInnovation/index.php/Admin/Course/getCourseCount
INFO: [ app_begin ] --START--
INFO: Run Behavior\ReadHtmlCacheBehavior [ RunTime:0.000376s ]
INFO: [ app_begin ] --END-- [ RunTime:0.000630s ]
SQL: select count(*) from t_course where isshow='0' and status_id='1' [ RunTime:0.0006s ]

[ 2015-08-08T17:04:02+08:00 ] 127.0.0.1 /YsInnoCenter/YsInnovation/index.php/Admin/Course/getCourseCount
INFO: [ app_begin ] --START--
INFO: Run Behavior\ReadHtmlCacheBehavior [ RunTime:0.000374s ]
INFO: [ app_begin ] --END-- [ RunTime:0.000618s ]
SQL: select count(*) from t_course where isshow='0' and status_id='1' [ RunTime:0.0006s ]

[ 2015-08-08T17:04:03+08:00 ] 127.0.0.1 /YsInnoCenter/YsInnovation/index.php/Admin/Course/getCourseCount
INFO: [ app_begin ] --START--
INFO: Run Behavior\ReadHtmlCacheBehavior [ RunTime:0.000307s ]
INFO: [ app_begin ] --END-- [ RunTime:0.000550s ]
SQL: select count(*) from t_course where isshow='0' and status_id='1' [ RunTime:0.0006s ]

[ 2015-08-08T17:04:08+08:00 ] 127.0.0.1 /YsInnoCenter/YsInnovation/index.php/Admin/Course/getCourseCount
INFO: [ app_begin ] --START--
INFO: Run Behavior\ReadHtmlCacheBehavior [ RunTime:0.000332s ]
INFO: [ app_begin ] --END-- [ RunTime:0.000614s ]
SQL: select count(*) from t_course where isshow='0' and status_id='1' [ RunTime:0.0007s ]

[ 2015-08-08T17:04:09+08:00 ] 127.0.0.1 /YsInnoCenter/YsInnovation/index.php/Admin/Course/getCourseCount
INFO: [ app_begin ] --START--
INFO: Run Behavior\ReadHtmlCacheBehavior [ RunTime:0.000363s ]
INFO: [ app_begin ] --END-- [ RunTime:0.000617s ]
SQL: select count(*) from t_course where isshow='0' and status_id='1' [ RunTime:0.0006s ]

[ 2015-08-08T17:04:10+08:00 ] 127.0.0.1 /YsInnoCenter/YsInnovation/index.php/Admin/Course/getCourseCount
INFO: [ app_begin ] --START--
INFO: Run Behavior\ReadHtmlCacheBehavior [ RunTime:0.000313s ]
INFO: [ app_begin ] --END-- [ RunTime:0.000555s ]
SQL: select count(*) from t_course where isshow='0' and status_id='1' [ RunTime:0.0006s ]

[ 2015-08-08T17:08:14+08:00 ] 127.0.0.1 /YsInnoCenter/YsInnovation/index.php/Admin/Course/getCourseCount
INFO: [ app_begin ] --START--
INFO: Run Behavior\ReadHtmlCacheBehavior [ RunTime:0.000307s ]
INFO: [ app_begin ] --END-- [ RunTime:0.000549s ]
SQL: select count(*) from t_course where isshow='0' and status_id='1' [ RunTime:0.0005s ]

[ 2015-08-08T17:08:35+08:00 ] 127.0.0.1 /YsInnoCenter/YsInnovation/index.php/Admin/Course/getCourseCount
INFO: [ app_begin ] --START--
INFO: Run Behavior\ReadHtmlCacheBehavior [ RunTime:0.000301s ]
INFO: [ app_begin ] --END-- [ RunTime:0.000552s ]
SQL: select count(*) from t_course where isshow='0' and status_id='1' [ RunTime:0.0006s ]

[ 2015-08-08T17:08:55+08:00 ] 127.0.0.1 /YsInnoCenter/YsInnovation/index.php/Admin/Course/getCourseCount
INFO: [ app_begin ] --START--
INFO: Run Behavior\ReadHtmlCacheBehavior [ RunTime:0.000291s ]
INFO: [ app_begin ] --END-- [ RunTime:0.000517s ]
SQL: select count(*) from t_course where isshow='0' and status_id='1' [ RunTime:0.0006s ]

[ 2015-08-08T17:09:27+08:00 ] 127.0.0.1 /YsInnoCenter/YsInnovation/index.php/Admin/Course/getCourseCount
INFO: [ app_begin ] --START--
INFO: Run Behavior\ReadHtmlCacheBehavior [ RunTime:0.000330s ]
INFO: [ app_begin ] --END-- [ RunTime:0.000589s ]
SQL: select count(*) from t_course where isshow='0' and status_id='1' [ RunTime:0.0007s ]

[ 2015-08-08T17:10:15+08:00 ] 127.0.0.1 /YsInnoCenter/YsInnovation/index.php/Admin/Course/getCourseCount
INFO: [ app_begin ] --START--
INFO: Run Behavior\ReadHtmlCacheBehavior [ RunTime:0.000286s ]
INFO: [ app_begin ] --END-- [ RunTime:0.000541s ]
SQL: select count(*) from t_course where isshow='0' and status_id='1' [ RunTime:0.0005s ]

[ 2015-08-08T17:10:17+08:00 ] 127.0.0.1 /YsInnoCenter/YsInnovation/index.php/Admin/Course/getCourseListData
INFO: [ app_begin ] --START--
INFO: Run Behavior\ReadHtmlCacheBehavior [ RunTime:0.000569s ]
INFO: [ app_begin ] --END-- [ RunTime:0.001030s ]
ERR: SQLSTATE[42000]: Syntax error or access violation: 1064 You have an error in your SQL syntax; check the manual that corresponds to your MySQL server version for the right syntax to use near '0,10' at line 1

[ 2015-08-08T17:10:17+08:00 ] 127.0.0.1 /YsInnoCenter/YsInnovation/index.php/Admin/Course/getCourseCount
INFO: [ app_begin ] --START--
INFO: Run Behavior\ReadHtmlCacheBehavior [ RunTime:0.000763s ]
INFO: [ app_begin ] --END-- [ RunTime:0.001275s ]
SQL: select count(*) from t_course where isshow='0' and status_id='1' and organization_id='1' [ RunTime:0.0011s ]

[ 2015-08-08T17:10:20+08:00 ] 127.0.0.1 /YsInnoCenter/YsInnovation/index.php/Admin/Course/getCourseListData
INFO: [ app_begin ] --START--
INFO: Run Behavior\ReadHtmlCacheBehavior [ RunTime:0.000631s ]
INFO: [ app_begin ] --END-- [ RunTime:0.001140s ]
ERR: SQLSTATE[42000]: Syntax error or access violation: 1064 You have an error in your SQL syntax; check the manual that corresponds to your MySQL server version for the right syntax to use near '0,10' at line 1

[ 2015-08-08T17:10:20+08:00 ] 127.0.0.1 /YsInnoCenter/YsInnovation/index.php/Admin/Course/getCourseCount
INFO: [ app_begin ] --START--
INFO: Run Behavior\ReadHtmlCacheBehavior [ RunTime:0.000643s ]
INFO: [ app_begin ] --END-- [ RunTime:0.001152s ]
SQL: select count(*) from t_course where isshow='0' and status_id='1' and organization_id='2' [ RunTime:0.0007s ]

[ 2015-08-08T17:10:34+08:00 ] 127.0.0.1 /YsInnoCenter/YsInnovation/index.php/Admin/Course/getCourseCount
INFO: [ app_begin ] --START--
INFO: Run Behavior\ReadHtmlCacheBehavior [ RunTime:0.000433s ]
INFO: [ app_begin ] --END-- [ RunTime:0.000668s ]
SQL: select count(*) from t_course where isshow='0' and status_id='1' [ RunTime:0.0006s ]

[ 2015-08-08T17:10:36+08:00 ] 127.0.0.1 /YsInnoCenter/YsInnovation/index.php/Admin/Course/getCourseListData
INFO: [ app_begin ] --START--
INFO: Run Behavior\ReadHtmlCacheBehavior [ RunTime:0.000420s ]
INFO: [ app_begin ] --END-- [ RunTime:0.000750s ]
ERR: SQLSTATE[42000]: Syntax error or access violation: 1064 You have an error in your SQL syntax; check the manual that corresponds to your MySQL server version for the right syntax to use near '0,10' at line 1

[ 2015-08-08T17:10:36+08:00 ] 127.0.0.1 /YsInnoCenter/YsInnovation/index.php/Admin/Course/getCourseCount
INFO: [ app_begin ] --START--
INFO: Run Behavior\ReadHtmlCacheBehavior [ RunTime:0.000418s ]
INFO: [ app_begin ] --END-- [ RunTime:0.000751s ]
SQL: select count(*) from t_course where isshow='0' and status_id='1' and organization_id='2' [ RunTime:0.0008s ]

[ 2015-08-08T17:10:39+08:00 ] 127.0.0.1 /YsInnoCenter/YsInnovation/index.php/Admin/Course/getCourseCount
INFO: [ app_begin ] --START--
INFO: Run Behavior\ReadHtmlCacheBehavior [ RunTime:0.000424s ]
INFO: [ app_begin ] --END-- [ RunTime:0.000728s ]
SQL: select count(*) from t_course where isshow='0' and status_id='1' and organization_id='1' [ RunTime:0.0008s ]

[ 2015-08-08T17:10:39+08:00 ] 127.0.0.1 /YsInnoCenter/YsInnovation/index.php/Admin/Course/getCourseListData
INFO: [ app_begin ] --START--
INFO: Run Behavior\ReadHtmlCacheBehavior [ RunTime:0.000380s ]
INFO: [ app_begin ] --END-- [ RunTime:0.000692s ]
ERR: SQLSTATE[42000]: Syntax error or access violation: 1064 You have an error in your SQL syntax; check the manual that corresponds to your MySQL server version for the right syntax to use near '0,10' at line 1

[ 2015-08-08T17:10:44+08:00 ] 127.0.0.1 /YsInnoCenter/YsInnovation/index.php/Admin/Course/getCourseCount
INFO: [ app_begin ] --START--
INFO: Run Behavior\ReadHtmlCacheBehavior [ RunTime:0.000446s ]
INFO: [ app_begin ] --END-- [ RunTime:0.000678s ]
SQL: select count(*) from t_course where isshow='0' and status_id='1' [ RunTime:0.0005s ]

[ 2015-08-08T17:10:46+08:00 ] 127.0.0.1 /YsInnoCenter/YsInnovation/index.php/Admin/Course/getCourseListData
INFO: [ app_begin ] --START--
INFO: Run Behavior\ReadHtmlCacheBehavior [ RunTime:0.000325s ]
INFO: [ app_begin ] --END-- [ RunTime:0.000580s ]
ERR: SQLSTATE[42000]: Syntax error or access violation: 1064 You have an error in your SQL syntax; check the manual that corresponds to your MySQL server version for the right syntax to use near '0,10' at line 1

[ 2015-08-08T17:10:46+08:00 ] 127.0.0.1 /YsInnoCenter/YsInnovation/index.php/Admin/Course/getCourseCount
INFO: [ app_begin ] --START--
INFO: Run Behavior\ReadHtmlCacheBehavior [ RunTime:0.000324s ]
INFO: [ app_begin ] --END-- [ RunTime:0.000584s ]
SQL: select count(*) from t_course where isshow='0' and status_id='1' and organization_id='1' [ RunTime:0.0007s ]

[ 2015-08-08T17:10:49+08:00 ] 127.0.0.1 /YsInnoCenter/YsInnovation/index.php/Admin/Course/getCourseListData
INFO: [ app_begin ] --START--
INFO: Run Behavior\ReadHtmlCacheBehavior [ RunTime:0.000781s ]
INFO: [ app_begin ] --END-- [ RunTime:0.001613s ]
ERR: SQLSTATE[42000]: Syntax error or access violation: 1064 You have an error in your SQL syntax; check the manual that corresponds to your MySQL server version for the right syntax to use near '0,10' at line 1

[ 2015-08-08T17:10:49+08:00 ] 127.0.0.1 /YsInnoCenter/YsInnovation/index.php/Admin/Course/getCourseCount
INFO: [ app_begin ] --START--
INFO: Run Behavior\ReadHtmlCacheBehavior [ RunTime:0.000384s ]
INFO: [ app_begin ] --END-- [ RunTime:0.000685s ]
SQL: select count(*) from t_course where isshow='0' and status_id='1' and organization_id='2' [ RunTime:0.0009s ]

[ 2015-08-08T19:10:22+08:00 ] 127.0.0.1 /YsInnoCenter/YsInnovation/index.php/Admin/Course/getCourseCount
INFO: [ app_begin ] --START--
INFO: Run Behavior\ReadHtmlCacheBehavior [ RunTime:0.000300s ]
INFO: [ app_begin ] --END-- [ RunTime:0.000573s ]
SQL: select count(*) from t_course where isshow='0' and status_id='1' [ RunTime:0.0005s ]

[ 2015-08-08T19:10:26+08:00 ] 127.0.0.1 /YsInnoCenter/YsInnovation/index.php/Admin/Course/getCourseListData
INFO: [ app_begin ] --START--
INFO: Run Behavior\ReadHtmlCacheBehavior [ RunTime:0.000739s ]
INFO: [ app_begin ] --END-- [ RunTime:0.001334s ]
ERR: SQLSTATE[42000]: Syntax error or access violation: 1064 You have an error in your SQL syntax; check the manual that corresponds to your MySQL server version for the right syntax to use near '0,10' at line 1

[ 2015-08-08T19:10:26+08:00 ] 127.0.0.1 /YsInnoCenter/YsInnovation/index.php/Admin/Course/getCourseCount
INFO: [ app_begin ] --START--
INFO: Run Behavior\ReadHtmlCacheBehavior [ RunTime:0.000856s ]
INFO: [ app_begin ] --END-- [ RunTime:0.001473s ]
SQL: select count(*) from t_course where isshow='0' and status_id='1' and organization_id='1' [ RunTime:0.0009s ]

[ 2015-08-08T19:10:31+08:00 ] 127.0.0.1 /YsInnoCenter/YsInnovation/index.php/Admin/Course/getCourseListData
INFO: [ app_begin ] --START--
INFO: Run Behavior\ReadHtmlCacheBehavior [ RunTime:0.000727s ]
INFO: [ app_begin ] --END-- [ RunTime:0.001300s ]
SQL: select * from t_course where status_id='1' and isshow=0 limit 0,10 [ RunTime:0.0019s ]
SQL: SHOW COLUMNS FROM `t_organization` [ RunTime:0.0022s ]
SQL: SELECT * FROM `t_organization` WHERE ( organization_id=1 )  [ RunTime:0.0012s ]
SQL: SHOW COLUMNS FROM `t_user` [ RunTime:0.0017s ]
SQL: SELECT * FROM `t_user` WHERE ( user_id=2 )  [ RunTime:0.0008s ]
SQL: SELECT * FROM `t_user` WHERE ( user_id=1 )  [ RunTime:0.0008s ]
SQL: SELECT * FROM `t_organization` WHERE ( organization_id=2 )  [ RunTime:0.0011s ]
SQL: SELECT * FROM `t_user` WHERE ( user_id=2 )  [ RunTime:0.0013s ]
SQL: SELECT * FROM `t_user` WHERE ( user_id=1 )  [ RunTime:0.0008s ]

[ 2015-08-08T19:10:31+08:00 ] 127.0.0.1 /YsInnoCenter/YsInnovation/index.php/Admin/Course/getCourseCount
INFO: [ app_begin ] --START--
INFO: Run Behavior\ReadHtmlCacheBehavior [ RunTime:0.000733s ]
INFO: [ app_begin ] --END-- [ RunTime:0.001355s ]
SQL: select count(*) from t_course where isshow='0' and status_id='1' [ RunTime:0.0008s ]

[ 2015-08-08T19:10:39+08:00 ] 127.0.0.1 /YsInnoCenter/YsInnovation/index.php/Admin/Course/getCourseCount
INFO: [ app_begin ] --START--
INFO: Run Behavior\ReadHtmlCacheBehavior [ RunTime:0.000355s ]
INFO: [ app_begin ] --END-- [ RunTime:0.000640s ]
SQL: select count(*) from t_course where isshow='0' and status_id='1' and organization_id='1' [ RunTime:0.0007s ]

[ 2015-08-08T19:10:39+08:00 ] 127.0.0.1 /YsInnoCenter/YsInnovation/index.php/Admin/Course/getCourseListData
INFO: [ app_begin ] --START--
INFO: Run Behavior\ReadHtmlCacheBehavior [ RunTime:0.000364s ]
INFO: [ app_begin ] --END-- [ RunTime:0.000642s ]
ERR: SQLSTATE[42000]: Syntax error or access violation: 1064 You have an error in your SQL syntax; check the manual that corresponds to your MySQL server version for the right syntax to use near '0,10' at line 1

[ 2015-08-08T19:10:43+08:00 ] 127.0.0.1 /YsInnoCenter/YsInnovation/index.php/Admin/Course/getCourseListData
INFO: [ app_begin ] --START--
INFO: Run Behavior\ReadHtmlCacheBehavior [ RunTime:0.000868s ]
INFO: [ app_begin ] --END-- [ RunTime:0.001513s ]
ERR: SQLSTATE[42000]: Syntax error or access violation: 1064 You have an error in your SQL syntax; check the manual that corresponds to your MySQL server version for the right syntax to use near '0,10' at line 1

[ 2015-08-08T19:10:43+08:00 ] 127.0.0.1 /YsInnoCenter/YsInnovation/index.php/Admin/Course/getCourseCount
INFO: [ app_begin ] --START--
INFO: Run Behavior\ReadHtmlCacheBehavior [ RunTime:0.000592s ]
INFO: [ app_begin ] --END-- [ RunTime:0.001051s ]
SQL: select count(*) from t_course where isshow='0' and status_id='1' and organization_id='2' [ RunTime:0.0008s ]

[ 2015-08-08T19:10:51+08:00 ] 127.0.0.1 /YsInnoCenter/YsInnovation/index.php/Admin/Course/getCourseListData
INFO: [ app_begin ] --START--
INFO: Run Behavior\ReadHtmlCacheBehavior [ RunTime:0.000574s ]
INFO: [ app_begin ] --END-- [ RunTime:0.001029s ]
SQL: select * from t_course where status_id='1' and isshow=0 limit 0,10 [ RunTime:0.0022s ]
SQL: SHOW COLUMNS FROM `t_organization` [ RunTime:0.0032s ]
SQL: SELECT * FROM `t_organization` WHERE ( organization_id=1 )  [ RunTime:0.0011s ]
SQL: SHOW COLUMNS FROM `t_user` [ RunTime:0.0018s ]
SQL: SELECT * FROM `t_user` WHERE ( user_id=2 )  [ RunTime:0.0008s ]
SQL: SELECT * FROM `t_user` WHERE ( user_id=1 )  [ RunTime:0.0007s ]
SQL: SELECT * FROM `t_organization` WHERE ( organization_id=2 )  [ RunTime:0.0011s ]
SQL: SELECT * FROM `t_user` WHERE ( user_id=2 )  [ RunTime:0.0008s ]
SQL: SELECT * FROM `t_user` WHERE ( user_id=1 )  [ RunTime:0.0008s ]

[ 2015-08-08T19:10:51+08:00 ] 127.0.0.1 /YsInnoCenter/YsInnovation/index.php/Admin/Course/getCourseCount
INFO: [ app_begin ] --START--
INFO: Run Behavior\ReadHtmlCacheBehavior [ RunTime:0.000636s ]
INFO: [ app_begin ] --END-- [ RunTime:0.001190s ]
SQL: select count(*) from t_course where isshow='0' and status_id='1' [ RunTime:0.0006s ]

