[ 2015-08-20T09:13:45+08:00 ] 127.0.0.1 /YsInnoCenter/YsInnovation/index.php/Admin/User/getTeaDutyJs
INFO: [ app_begin ] --START--
INFO: Run Behavior\ReadHtmlCacheBehavior [ RunTime:0.000323s ]
INFO: [ app_begin ] --END-- [ RunTime:0.000585s ]
SQL: select * from t_tea_duty where isshow=0 [ RunTime:0.0010s ]

[ 2015-08-20T09:15:13+08:00 ] 127.0.0.1 /YsInnoCenter/YsInnovation/index.php/Admin/User/getTeaDutyJs
INFO: [ app_begin ] --START--
INFO: Run Behavior\ReadHtmlCacheBehavior [ RunTime:0.000358s ]
INFO: [ app_begin ] --END-- [ RunTime:0.000696s ]
SQL: select * from t_tea_duty where isshow=0 [ RunTime:0.0012s ]

[ 2015-08-20T09:15:16+08:00 ] 127.0.0.1 /YsInnoCenter/YsInnovation/index.php/Admin/User/getTeaDutyJs
INFO: [ app_begin ] --START--
INFO: Run Behavior\ReadHtmlCacheBehavior [ RunTime:0.000303s ]
INFO: [ app_begin ] --END-- [ RunTime:0.000547s ]
SQL: select * from t_tea_duty where isshow=0 [ RunTime:0.0010s ]

[ 2015-08-20T09:15:21+08:00 ] 127.0.0.1 /YsInnoCenter/YsInnovation/index.php/Admin/User/getTeaDutyJs
INFO: [ app_begin ] --START--
INFO: Run Behavior\ReadHtmlCacheBehavior [ RunTime:0.000291s ]
INFO: [ app_begin ] --END-- [ RunTime:0.000545s ]
SQL: select * from t_tea_duty where isshow=0 [ RunTime:0.0010s ]

[ 2015-08-20T09:16:24+08:00 ] 127.0.0.1 /YsInnoCenter/YsInnovation/index.php/Admin/User/getTeaDutyJs
INFO: [ app_begin ] --START--
INFO: Run Behavior\ReadHtmlCacheBehavior [ RunTime:0.000406s ]
INFO: [ app_begin ] --END-- [ RunTime:0.000682s ]
SQL: select * from t_tea_duty where isshow=0 [ RunTime:0.0011s ]

[ 2015-08-20T09:17:31+08:00 ] 127.0.0.1 /YsInnoCenter/YsInnovation/index.php/Admin/User/getTeaDutyJs
INFO: [ app_begin ] --START--
INFO: Run Behavior\ReadHtmlCacheBehavior [ RunTime:0.000301s ]
INFO: [ app_begin ] --END-- [ RunTime:0.000535s ]
SQL: select * from t_tea_duty where isshow=0 [ RunTime:0.0010s ]

[ 2015-08-20T09:19:10+08:00 ] 127.0.0.1 /YsInnoCenter/YsInnovation/index.php/Admin/User/getTeaDutyJs
INFO: [ app_begin ] --START--
INFO: Run Behavior\ReadHtmlCacheBehavior [ RunTime:0.000355s ]
INFO: [ app_begin ] --END-- [ RunTime:0.000617s ]
SQL: select * from t_tea_duty where isshow=0 [ RunTime:0.0008s ]

[ 2015-08-20T09:20:37+08:00 ] 127.0.0.1 /YsInnoCenter/YsInnovation/index.php/Admin/User/getTeaDutyJs
INFO: [ app_begin ] --START--
INFO: Run Behavior\ReadHtmlCacheBehavior [ RunTime:0.000345s ]
INFO: [ app_begin ] --END-- [ RunTime:0.000624s ]
SQL: select * from t_tea_duty where isshow=0 [ RunTime:0.0010s ]

[ 2015-08-20T09:20:59+08:00 ] 127.0.0.1 /YsInnoCenter/YsInnovation/index.php/Admin/User/getTeaDutyJs
INFO: [ app_begin ] --START--
INFO: Run Behavior\ReadHtmlCacheBehavior [ RunTime:0.000306s ]
INFO: [ app_begin ] --END-- [ RunTime:0.000548s ]
SQL: select * from t_tea_duty where isshow=0 [ RunTime:0.0010s ]

[ 2015-08-20T09:20:59+08:00 ] 127.0.0.1 /YsInnoCenter/YsInnovation/index.php/Admin/User/getOrgJs
INFO: [ app_begin ] --START--
INFO: Run Behavior\ReadHtmlCacheBehavior [ RunTime:0.000431s ]
INFO: [ app_begin ] --END-- [ RunTime:0.000789s ]
SQL: select * from t_organization where isshow='0' and organization_type=2 [ RunTime:0.0014s ]

[ 2015-08-20T09:23:24+08:00 ] 127.0.0.1 /YsInnoCenter/YsInnovation/index.php/Admin/User/getTeaDutyJs
INFO: [ app_begin ] --START--
INFO: Run Behavior\ReadHtmlCacheBehavior [ RunTime:0.000314s ]
INFO: [ app_begin ] --END-- [ RunTime:0.000558s ]
SQL: select * from t_tea_duty where isshow=0 [ RunTime:0.0010s ]

[ 2015-08-20T09:23:24+08:00 ] 127.0.0.1 /YsInnoCenter/YsInnovation/index.php/Admin/User/getCollegeJs
INFO: [ app_begin ] --START--
INFO: Run Behavior\ReadHtmlCacheBehavior [ RunTime:0.000400s ]
INFO: [ app_begin ] --END-- [ RunTime:0.000702s ]
SQL: select * from t_college where isshow=0 [ RunTime:0.0009s ]
INFO: [ app_end ] --START--
INFO: Run Behavior\ShowPageTraceBehavior [ RunTime:0.000489s ]
INFO: [ app_end ] --END-- [ RunTime:0.000554s ]

[ 2015-08-20T09:23:24+08:00 ] 127.0.0.1 /YsInnoCenter/YsInnovation/index.php/Admin/User/getOrgJs
INFO: [ app_begin ] --START--
INFO: Run Behavior\ReadHtmlCacheBehavior [ RunTime:0.000410s ]
INFO: [ app_begin ] --END-- [ RunTime:0.000670s ]
SQL: select * from t_organization where isshow='0' and organization_type=2 [ RunTime:0.0015s ]

[ 2015-08-20T09:23:45+08:00 ] 127.0.0.1 /YsInnoCenter/YsInnovation/index.php/Admin/User/getTeaDutyJs
INFO: [ app_begin ] --START--
INFO: Run Behavior\ReadHtmlCacheBehavior [ RunTime:0.000305s ]
INFO: [ app_begin ] --END-- [ RunTime:0.000549s ]
SQL: select * from t_tea_duty where isshow=0 [ RunTime:0.0010s ]

[ 2015-08-20T09:23:45+08:00 ] 127.0.0.1 /YsInnoCenter/YsInnovation/index.php/Admin/User/getOrgJs
INFO: [ app_begin ] --START--
INFO: Run Behavior\ReadHtmlCacheBehavior [ RunTime:0.000309s ]
INFO: [ app_begin ] --END-- [ RunTime:0.000562s ]
SQL: select * from t_organization where isshow='0' and organization_type=2 [ RunTime:0.0016s ]

[ 2015-08-20T09:23:45+08:00 ] 127.0.0.1 /YsInnoCenter/YsInnovation/index.php/Admin/User/getCollegeJs
INFO: [ app_begin ] --START--
INFO: Run Behavior\ReadHtmlCacheBehavior [ RunTime:0.000326s ]
INFO: [ app_begin ] --END-- [ RunTime:0.000599s ]
SQL: select * from t_college where isshow=0 [ RunTime:0.0008s ]
INFO: [ app_end ] --START--
INFO: Run Behavior\ShowPageTraceBehavior [ RunTime:0.000422s ]
INFO: [ app_end ] --END-- [ RunTime:0.000488s ]

[ 2015-08-20T09:23:45+08:00 ] 127.0.0.1 /YsInnoCenter/YsInnovation/index.php/Admin/User/getRolesJs
INFO: [ app_begin ] --START--
INFO: Run Behavior\ReadHtmlCacheBehavior [ RunTime:0.000372s ]
INFO: [ app_begin ] --END-- [ RunTime:0.000713s ]
SQL: select * from t_role where isshow=0 [ RunTime:0.0009s ]

[ 2015-08-20T09:25:50+08:00 ] 127.0.0.1 /YsInnoCenter/YsInnovation/index.php/Admin/User/getTeaDutyJs
INFO: [ app_begin ] --START--
INFO: Run Behavior\ReadHtmlCacheBehavior [ RunTime:0.000331s ]
INFO: [ app_begin ] --END-- [ RunTime:0.000586s ]
SQL: select * from t_tea_duty where isshow=0 [ RunTime:0.0010s ]

[ 2015-08-20T09:25:50+08:00 ] 127.0.0.1 /YsInnoCenter/YsInnovation/index.php/Admin/User/getCollegeJs
INFO: [ app_begin ] --START--
INFO: Run Behavior\ReadHtmlCacheBehavior [ RunTime:0.000391s ]
INFO: [ app_begin ] --END-- [ RunTime:0.000668s ]
SQL: select * from t_college where isshow=0 [ RunTime:0.0009s ]
INFO: [ app_end ] --START--
INFO: Run Behavior\ShowPageTraceBehavior [ RunTime:0.000452s ]
INFO: [ app_end ] --END-- [ RunTime:0.000522s ]

[ 2015-08-20T09:25:50+08:00 ] 127.0.0.1 /YsInnoCenter/YsInnovation/index.php/Admin/User/getRolesJs
INFO: [ app_begin ] --START--
INFO: Run Behavior\ReadHtmlCacheBehavior [ RunTime:0.000389s ]
INFO: [ app_begin ] --END-- [ RunTime:0.000740s ]
SQL: select * from t_role where isshow=0 [ RunTime:0.0009s ]

[ 2015-08-20T09:25:50+08:00 ] 127.0.0.1 /YsInnoCenter/YsInnovation/index.php/Admin/User/getOrgJs
INFO: [ app_begin ] --START--
INFO: Run Behavior\ReadHtmlCacheBehavior [ RunTime:0.000876s ]
INFO: [ app_begin ] --END-- [ RunTime:0.001211s ]
SQL: select * from t_organization where isshow='0' and organization_type=2 [ RunTime:0.0015s ]

[ 2015-08-20T09:26:46+08:00 ] 127.0.0.1 /YsInnoCenter/YsInnovation/index.php/Admin/User/getTeaDutyJs
INFO: [ app_begin ] --START--
INFO: Run Behavior\ReadHtmlCacheBehavior [ RunTime:0.000307s ]
INFO: [ app_begin ] --END-- [ RunTime:0.000551s ]
SQL: select * from t_tea_duty where isshow=0 [ RunTime:0.0010s ]

[ 2015-08-20T09:26:46+08:00 ] 127.0.0.1 /YsInnoCenter/YsInnovation/index.php/Admin/User/getOrgJs
INFO: [ app_begin ] --START--
INFO: Run Behavior\ReadHtmlCacheBehavior [ RunTime:0.000325s ]
INFO: [ app_begin ] --END-- [ RunTime:0.000571s ]
SQL: select * from t_organization where isshow='0' and organization_type=2 [ RunTime:0.0014s ]

[ 2015-08-20T09:26:46+08:00 ] 127.0.0.1 /YsInnoCenter/YsInnovation/index.php/Admin/User/getCollegeJs
INFO: [ app_begin ] --START--
INFO: Run Behavior\ReadHtmlCacheBehavior [ RunTime:0.000301s ]
INFO: [ app_begin ] --END-- [ RunTime:0.000544s ]
SQL: select * from t_college where isshow=0 [ RunTime:0.0009s ]
INFO: [ app_end ] --START--
INFO: Run Behavior\ShowPageTraceBehavior [ RunTime:0.000423s ]
INFO: [ app_end ] --END-- [ RunTime:0.000493s ]

[ 2015-08-20T09:26:46+08:00 ] 127.0.0.1 /YsInnoCenter/YsInnovation/index.php/Admin/User/getRolesJs
INFO: [ app_begin ] --START--
INFO: Run Behavior\ReadHtmlCacheBehavior [ RunTime:0.000291s ]
INFO: [ app_begin ] --END-- [ RunTime:0.000522s ]
SQL: select * from t_role where isshow=0 [ RunTime:0.0009s ]

[ 2015-08-20T09:27:05+08:00 ] 127.0.0.1 /YsInnoCenter/YsInnovation/index.php/Admin/User/getTeaDutyJs
INFO: [ app_begin ] --START--
INFO: Run Behavior\ReadHtmlCacheBehavior [ RunTime:0.000307s ]
INFO: [ app_begin ] --END-- [ RunTime:0.000557s ]
SQL: select * from t_tea_duty where isshow=0 [ RunTime:0.0010s ]

[ 2015-08-20T09:27:05+08:00 ] 127.0.0.1 /YsInnoCenter/YsInnovation/index.php/Admin/User/getOrgJs
INFO: [ app_begin ] --START--
INFO: Run Behavior\ReadHtmlCacheBehavior [ RunTime:0.000337s ]
INFO: [ app_begin ] --END-- [ RunTime:0.000591s ]
SQL: select * from t_organization where isshow='0' and organization_type=2 [ RunTime:0.0014s ]

[ 2015-08-20T09:27:05+08:00 ] 127.0.0.1 /YsInnoCenter/YsInnovation/index.php/Admin/User/getCollegeJs
INFO: [ app_begin ] --START--
INFO: Run Behavior\ReadHtmlCacheBehavior [ RunTime:0.000388s ]
INFO: [ app_begin ] --END-- [ RunTime:0.000657s ]
SQL: select * from t_college where isshow=0 [ RunTime:0.0009s ]
INFO: [ app_end ] --START--
INFO: Run Behavior\ShowPageTraceBehavior [ RunTime:0.000499s ]
INFO: [ app_end ] --END-- [ RunTime:0.000565s ]

[ 2015-08-20T09:27:05+08:00 ] 127.0.0.1 /YsInnoCenter/YsInnovation/index.php/Admin/User/getRolesJs
INFO: [ app_begin ] --START--
INFO: Run Behavior\ReadHtmlCacheBehavior [ RunTime:0.000324s ]
INFO: [ app_begin ] --END-- [ RunTime:0.000630s ]
SQL: select * from t_role where isshow=0 [ RunTime:0.0009s ]

[ 2015-08-20T09:27:58+08:00 ] 127.0.0.1 /YsInnoCenter/YsInnovation/index.php/Admin/User/getTeaDutyJs
INFO: [ app_begin ] --START--
INFO: Run Behavior\ReadHtmlCacheBehavior [ RunTime:0.000311s ]
INFO: [ app_begin ] --END-- [ RunTime:0.000572s ]
SQL: select * from t_tea_duty where isshow=0 [ RunTime:0.0011s ]

[ 2015-08-20T09:27:58+08:00 ] 127.0.0.1 /YsInnoCenter/YsInnovation/index.php/Admin/User/getOrgJs
INFO: [ app_begin ] --START--
INFO: Run Behavior\ReadHtmlCacheBehavior [ RunTime:0.000417s ]
INFO: [ app_begin ] --END-- [ RunTime:0.000684s ]
SQL: select * from t_organization where isshow='0' and organization_type=2 [ RunTime:0.0015s ]

[ 2015-08-20T09:27:58+08:00 ] 127.0.0.1 /YsInnoCenter/YsInnovation/index.php/Admin/User/getCollegeJs
INFO: [ app_begin ] --START--
INFO: Run Behavior\ReadHtmlCacheBehavior [ RunTime:0.000357s ]
INFO: [ app_begin ] --END-- [ RunTime:0.000611s ]
SQL: select * from t_college where isshow=0 [ RunTime:0.0009s ]

[ 2015-08-20T09:27:58+08:00 ] 127.0.0.1 /YsInnoCenter/YsInnovation/index.php/Admin/User/getRolesJs
INFO: [ app_begin ] --START--
INFO: Run Behavior\ReadHtmlCacheBehavior [ RunTime:0.000420s ]
INFO: [ app_begin ] --END-- [ RunTime:0.000673s ]
SQL: select * from t_role where isshow=0 [ RunTime:0.0009s ]

[ 2015-08-20T09:28:13+08:00 ] 127.0.0.1 /YsInnoCenter/YsInnovation/index.php/Admin/User/getTeaDutyJs
INFO: [ app_begin ] --START--
INFO: Run Behavior\ReadHtmlCacheBehavior [ RunTime:0.000354s ]
INFO: [ app_begin ] --END-- [ RunTime:0.000605s ]
SQL: select * from t_tea_duty where isshow=0 [ RunTime:0.0020s ]

[ 2015-08-20T09:28:13+08:00 ] 127.0.0.1 /YsInnoCenter/YsInnovation/index.php/Admin/User/getOrgJs
INFO: [ app_begin ] --START--
INFO: Run Behavior\ReadHtmlCacheBehavior [ RunTime:0.000344s ]
INFO: [ app_begin ] --END-- [ RunTime:0.000703s ]
SQL: select * from t_organization where isshow='0' and organization_type=2 [ RunTime:0.0015s ]

[ 2015-08-20T09:28:13+08:00 ] 127.0.0.1 /YsInnoCenter/YsInnovation/index.php/Admin/User/getRolesJs
INFO: [ app_begin ] --START--
INFO: Run Behavior\ReadHtmlCacheBehavior [ RunTime:0.000401s ]
INFO: [ app_begin ] --END-- [ RunTime:0.000686s ]
SQL: select * from t_role where isshow=0 [ RunTime:0.0009s ]

[ 2015-08-20T09:28:13+08:00 ] 127.0.0.1 /YsInnoCenter/YsInnovation/index.php/Admin/User/getCollegeJs
INFO: [ app_begin ] --START--
INFO: Run Behavior\ReadHtmlCacheBehavior [ RunTime:0.000580s ]
INFO: [ app_begin ] --END-- [ RunTime:0.000815s ]
SQL: select * from t_college where isshow=0 [ RunTime:0.0009s ]

[ 2015-08-20T10:24:36+08:00 ] 127.0.0.1 /YsInnoCenter/YsInnovation/index.php/Admin/User/getTeaDutyJs
INFO: [ app_begin ] --START--
INFO: Run Behavior\ReadHtmlCacheBehavior [ RunTime:0.000395s ]
INFO: [ app_begin ] --END-- [ RunTime:0.000669s ]
SQL: select * from t_tea_duty where isshow=0 [ RunTime:0.0010s ]

[ 2015-08-20T10:24:36+08:00 ] 127.0.0.1 /YsInnoCenter/YsInnovation/index.php/Admin/User/getOrgJs
INFO: [ app_begin ] --START--
INFO: Run Behavior\ReadHtmlCacheBehavior [ RunTime:0.000392s ]
INFO: [ app_begin ] --END-- [ RunTime:0.000658s ]
SQL: select * from t_organization where isshow='0' and organization_type=2 [ RunTime:0.0015s ]

[ 2015-08-20T10:24:36+08:00 ] 127.0.0.1 /YsInnoCenter/YsInnovation/index.php/Admin/User/getCollegeJs
INFO: [ app_begin ] --START--
INFO: Run Behavior\ReadHtmlCacheBehavior [ RunTime:0.000306s ]
INFO: [ app_begin ] --END-- [ RunTime:0.000570s ]
SQL: select * from t_college where isshow=0 [ RunTime:0.0011s ]

[ 2015-08-20T10:24:36+08:00 ] 127.0.0.1 /YsInnoCenter/YsInnovation/index.php/Admin/User/getRolesJs
INFO: [ app_begin ] --START--
INFO: Run Behavior\ReadHtmlCacheBehavior [ RunTime:0.000381s ]
INFO: [ app_begin ] --END-- [ RunTime:0.000642s ]
SQL: select * from t_role where isshow=0 [ RunTime:0.0009s ]

